<?xml version="1.0" encoding="UTF-8"?>
<!-- Generated by org.testng.reporters.JUnitXMLReporter -->
<testsuite hostname="Megha" name="LeedonlineApi" tests="39" failures="1" timestamp="22 Jun 2018 20:35:11 GMT" time="54.869" errors="0">
  <testcase name="PostAuthenticateApi" time="4.748" classname="com.leedonline.testcases.PostAuthenticateApiTest"/>
  <testcase name="GetFilesList" time="2.213" classname="com.leedonline.testcases.GetFilesListTest"/>
  <testcase name="GetLeedProjectDownload" time="0.717" classname="com.leedonline.testcases.GetLeedProjectDownloadTest">
    <failure type="java.lang.AssertionError" message="1 expectation failed.
Expected status code &amp;lt;200&amp;gt; doesn&amp;apos;t match actual status code &amp;lt;400&amp;gt;.
">
      <![CDATA[java.lang.AssertionError: 1 expectation failed.
Expected status code <200> doesn't match actual status code <400>.

	at org.codehaus.groovy.runtime.callsite.ConstructorSite$ConstructorSiteNoUnwrap.callConstructor(ConstructorSite.java:84)
	at org.codehaus.groovy.runtime.callsite.CallSiteArray.defaultCallConstructor(CallSiteArray.java:60)
	at org.codehaus.groovy.runtime.callsite.AbstractCallSite.callConstructor(AbstractCallSite.java:235)
	at org.codehaus.groovy.runtime.callsite.AbstractCallSite.callConstructor(AbstractCallSite.java:247)
	at com.jayway.restassured.internal.ResponseSpecificationImpl$HamcrestAssertionClosure.validate(ResponseSpecificationImpl.groovy:598)
	at com.jayway.restassured.internal.ResponseSpecificationImpl$HamcrestAssertionClosure$validate$1.call(Unknown Source)
	at com.jayway.restassured.internal.ResponseSpecificationImpl.validateResponseIfRequired(ResponseSpecificationImpl.groovy:760)
	at org.codehaus.groovy.runtime.callsite.PogoMetaMethodSite$PogoCachedMethodSiteNoUnwrapNoCoerce.invoke(PogoMetaMethodSite.java:210)
	at org.codehaus.groovy.runtime.callsite.PogoMetaMethodSite.callCurrent(PogoMetaMethodSite.java:59)
	at org.codehaus.groovy.runtime.callsite.AbstractCallSite.callCurrent(AbstractCallSite.java:166)
	at com.jayway.restassured.internal.ResponseSpecificationImpl.statusCode(ResponseSpecificationImpl.groovy:120)
	at com.jayway.restassured.specification.ResponseSpecification$statusCode$0.callCurrent(Unknown Source)
	at com.jayway.restassured.internal.ResponseSpecificationImpl.statusCode(ResponseSpecificationImpl.groovy:128)
	at com.jayway.restassured.internal.ValidatableResponseOptionsImpl.statusCode(ValidatableResponseOptionsImpl.java:117)
	at com.leedonline.testcases.GetLeedProjectDownloadTest.GetLeedProjectDownload(GetLeedProjectDownloadTest.java:55)
... Removed 34 stack frames]]>
    </failure>
  </testcase> <!-- GetLeedProjectDownload -->
  <testcase name="GetFileDownloadUrl" time="0.576" classname="com.leedonline.testcases.GetFileDownloadUrlTest"/>
  <testcase name="GetMemInfoApi" time="0.892" classname="com.leedonline.testcases.GetMemInfoApiTest"/>
  <testcase name="GetLeedInfo" time="1.114" classname="com.leedonline.testcases.GetLeedInfoTest"/>
  <testcase name="GetLeedProjectsList" time="0.944" classname="com.leedonline.testcases.GetLeedProjectsListTest"/>
  <testcase name="GetLeedMoreInfo" time="1.498" classname="com.leedonline.testcases.GetLeedMoreInfoTest"/>
  <testcase name="GetProjectListType" time="0.796" classname="com.leedonline.testcases.GetLeedProjectListTypeTest"/>
  <testcase name="GetProjectDetailsType" time="0.811" classname="com.leedonline.testcases.GetLeedProjectDetailsTypeTest"/>
  <testcase name="GetCreditType" time="0.787" classname="com.leedonline.testcases.GetCreditTypeTest"/>
  <testcase name="GetInterpretationTypeTest" time="1.064" classname="com.leedonline.testcases.GetInterpretationTypeTest"/>
  <testcase name="GetClarificationType" time="0.867" classname="com.leedonline.testcases.GetClarificationTypeTest"/>
  <testcase name="GetCountryAndStates" time="1.204" classname="com.leedonline.testcases.GetCountryAndStateTest"/>
  <testcase name="GetTaxForAmount" time="0.927" classname="com.leedonline.testcases.GetTaxForAmountTest"/>
  <testcase name="GetPriceReleatedInfo" time="0.859" classname="com.leedonline.testcases.GetPriceReleatedInfoTest"/>
  <testcase name="GetApiTestAccessData" time="0.888" classname="com.leedonline.testcases.GetApiTestAccessDataTest"/>
  <testcase name="GetLeedPricingDefaultVersion" time="0.738" classname="com.leedonline.testcases.GetLeedPricingDefaultVersionTest"/>
  <testcase name="GetLeedPricingVersionPricesInfo" time="1.013" classname="com.leedonline.testcases.GetLeedPricingVersionPricesInfoTest"/>
  <testcase name="GetLeedPricingPriceVersionInfo" time="0.921" classname="com.leedonline.testcases.GetLeedPricingPriceVersionInfoTest"/>
  <testcase name="GetLeedPricingDownloadUploadedExcel" time="0.789" classname="com.leedonline.testcases.GetLeedPricingDownloadUploadedExcelTest"/>
  <testcase name="GetPaymentSearch" time="0.899" classname="com.leedonline.testcases.GetPaymentSearchTest"/>
  <testcase name="GetFileDmsProxy" time="0.852" classname="com.leedonline.testcases.GetFileDmsProxyTest"/>
  <testcase name="GetPaymentsProgramPayment" time="1.125" classname="com.leedonline.testcases.GetPaymentsProgramPaymentTest"/>
  <testcase name="GetPaymentInfo" time="0.646" classname="com.leedonline.testcases.GetPaymentsInfoTest"/>
  <testcase name="GetNonceApi" time="0.818" classname="com.leedonline.testcases.GetNonceApiTest"/>
  <testcase name="PostFileUpload" time="2.494" classname="com.leedonline.testcases.PostFileUploadTest"/>
  <testcase name="PostApiTestAccessData" time="0.789" classname="com.leedonline.testcases.PostApiTestAccessDataTest"/>
  <testcase name="PostValidateSdnStatus" time="1.516" classname="com.leedonline.testcases.PostValidateSdnStatusTest"/>
  <testcase name="PostValidateCaGBCMember" time="1.902" classname="com.leedonline.testcases.PostValidateCaGBCMemberTest"/>
  <testcase name="PostValidatePostalCode" time="1.039" classname="com.leedonline.testcases.PostValidatePostalCodeTest"/>
  <testcase name="putApiTestAccess" time="0.939" classname="com.leedonline.testcases.PutApiTestAccessDataTest"/>
  <testcase name="putApiProjectDetails" time="1.293" classname="com.leedonline.testcases.PutLeedProjectDetailsTest"/>
  <testcase name="putFileUpdateLinkedIdInfo" time="1.405" classname="com.leedonline.testcases.PutFileUpdateLinkedIdInfoTest"/>
  <testcase name="PutPaymentsSendTransactionDataToSap" time="1.331" classname="com.leedonline.testcases.PutPaymentsSendTransactionDataToSapTest"/>
  <testcase name="deleteApiTestAccessData" time="1.024" classname="com.leedonline.testcases.DeleteApiTestAccessDataTest"/>
  <testcase name="deleteFile" time="0.792" classname="com.leedonline.testcases.DeleteFileTest"/>
  <testcase name="GetInvalidateTokenApi" time="0.728" classname="com.leedonline.testcases.GetInvalidateTokenApiTest"/>
  <testcase name="GetClientKey" time="1.378" classname="com.leedonline.testcases.GetClientKeyApiTest"/>
</testsuite> <!-- LeedonlineApi -->
