<?xml version="1.0" encoding="UTF-8"?>
<!-- Generated by org.testng.reporters.JUnitXMLReporter -->
<testsuite hostname="Megha" name="LeedonlineApi" tests="9" failures="1" timestamp="1 May 2018 14:43:12 GMT" time="12.443" errors="0">
  <testcase name="authenticate" time="2.584" classname="com.leedonline.testcases.AuthenticateApiTest"/>
  <testcase name="getNonceApi" time="1.983" classname="com.leedonline.testcases.GetNonceApiTest"/>
  <testcase name="createApiTestAccessData" time="0.279" classname="com.leedonline.testcases.ApiTestAccessCreateData"/>
  <testcase name="getApiTestAccessData" time="0.217" classname="com.leedonline.testcases.ApiTestAccessGetData"/>
  <testcase name="putApiTestAccess" time="0.316" classname="com.leedonline.testcases.ApiTestAccessUpdateData"/>
  <testcase name="deleteApiTestAccessData" time="0.236" classname="com.leedonline.testcases.ApiTestAccessDeleteData"/>
  <testcase name="getMemInfoApi" time="0.27" classname="com.leedonline.testcases.MemGetInfoApiTest"/>
  <testcase name="getMemSyncApi" time="0.217" classname="com.leedonline.testcases.MemSyncApiTest">
    <failure type="java.lang.AssertionError" message="1 expectation failed.
Expected status code &amp;lt;200&amp;gt; doesn&amp;apos;t match actual status code &amp;lt;403&amp;gt;.
">
      <![CDATA[java.lang.AssertionError: 1 expectation failed.
Expected status code <200> doesn't match actual status code <403>.

	at org.codehaus.groovy.runtime.callsite.ConstructorSite$ConstructorSiteNoUnwrap.callConstructor(ConstructorSite.java:84)
	at org.codehaus.groovy.runtime.callsite.CallSiteArray.defaultCallConstructor(CallSiteArray.java:60)
	at org.codehaus.groovy.runtime.callsite.AbstractCallSite.callConstructor(AbstractCallSite.java:235)
	at org.codehaus.groovy.runtime.callsite.AbstractCallSite.callConstructor(AbstractCallSite.java:247)
	at com.jayway.restassured.internal.ResponseSpecificationImpl$HamcrestAssertionClosure.validate(ResponseSpecificationImpl.groovy:598)
	at com.jayway.restassured.internal.ResponseSpecificationImpl$HamcrestAssertionClosure$validate$1.call(Unknown Source)
	at com.jayway.restassured.internal.ResponseSpecificationImpl.validateResponseIfRequired(ResponseSpecificationImpl.groovy:760)
	at org.codehaus.groovy.runtime.callsite.PogoMetaMethodSite$PogoCachedMethodSiteNoUnwrapNoCoerce.invoke(PogoMetaMethodSite.java:210)
	at org.codehaus.groovy.runtime.callsite.PogoMetaMethodSite.callCurrent(PogoMetaMethodSite.java:59)
	at org.codehaus.groovy.runtime.callsite.AbstractCallSite.callCurrent(AbstractCallSite.java:166)
	at com.jayway.restassured.internal.ResponseSpecificationImpl.statusCode(ResponseSpecificationImpl.groovy:120)
	at com.jayway.restassured.specification.ResponseSpecification$statusCode$0.callCurrent(Unknown Source)
	at com.jayway.restassured.internal.ResponseSpecificationImpl.statusCode(ResponseSpecificationImpl.groovy:128)
	at com.jayway.restassured.internal.ValidatableResponseOptionsImpl.statusCode(ValidatableResponseOptionsImpl.java:117)
	at com.leedonline.testcases.MemSyncApiTest.getMemSyncApi(MemSyncApiTest.java:37)
... Removed 33 stack frames]]>
    </failure>
  </testcase> <!-- getMemSyncApi -->
  <testcase name="invalidateTokenApi" time="0.185" classname="com.leedonline.testcases.InvalidateTokenApiTest"/>
</testsuite> <!-- LeedonlineApi -->
