<?xml version="1.0" encoding="UTF-8"?>
<testng-results skipped="0" failed="1" total="16" passed="15">
  <reporter-output>
  </reporter-output>
  <suite name="LeedonlineApi Test Suit" duration-ms="15753" started-at="2018-05-02T03:47:03Z" finished-at="2018-05-02T03:47:19Z">
    <groups>
    </groups>
    <test name="LeedonlineApi" duration-ms="15645" started-at="2018-05-02T03:47:03Z" finished-at="2018-05-02T03:47:19Z">
      <class name="com.leedonline.testcases.GetInterpretationTypeTest">
        <test-method status="PASS" signature="setBaseUri()[pri:0, instance:com.leedonline.testcases.GetInterpretationTypeTest@5fcfde70]" name="setBaseUri" is-config="true" duration-ms="96" started-at="2018-05-01T23:47:18Z" finished-at="2018-05-01T23:47:18Z">
          <reporter-output>
          </reporter-output>
        </test-method> <!-- setBaseUri -->
        <test-method status="PASS" signature="GetInterpretationTypeTest(int, java.lang.String)[pri:0, instance:com.leedonline.testcases.GetInterpretationTypeTest@5fcfde70]" name="GetInterpretationTypeTest" duration-ms="225" started-at="2018-05-01T23:47:18Z" finished-at="2018-05-01T23:47:18Z">
          <params>
            <param index="0">
              <value>
                <![CDATA[2]]>
              </value>
            </param>
            <param index="1">
              <value>
                <![CDATA[STG]]>
              </value>
            </param>
          </params>
          <reporter-output>
          </reporter-output>
        </test-method> <!-- GetInterpretationTypeTest -->
        <test-method status="PASS" signature="teardown(org.testng.ITestResult)[pri:0, instance:com.leedonline.testcases.GetInterpretationTypeTest@5fcfde70]" name="teardown" is-config="true" duration-ms="185" started-at="2018-05-01T23:47:18Z" finished-at="2018-05-01T23:47:18Z">
          <params>
            <param index="0">
              <value>
                <![CDATA[[TestResult name=GetInterpretationTypeTest status=SUCCESS method=GetInterpretationTypeTest.GetInterpretationTypeTest(int, java.lang.String)[pri:0, instance:com.leedonline.testcases.GetInterpretationTypeTest@5fcfde70] output={null}]]]>
              </value>
            </param>
          </params>
          <reporter-output>
          </reporter-output>
        </test-method> <!-- teardown -->
      </class> <!-- com.leedonline.testcases.GetInterpretationTypeTest -->
      <class name="com.leedonline.testcases.GetProjectListTypeTest">
        <test-method status="PASS" signature="setBaseUri()[pri:0, instance:com.leedonline.testcases.GetProjectListTypeTest@54d8c20d]" name="setBaseUri" is-config="true" duration-ms="100" started-at="2018-05-01T23:47:16Z" finished-at="2018-05-01T23:47:16Z">
          <reporter-output>
          </reporter-output>
        </test-method> <!-- setBaseUri -->
        <test-method status="PASS" signature="ProjectGetListType(int, java.lang.String)[pri:0, instance:com.leedonline.testcases.GetProjectListTypeTest@54d8c20d]" name="ProjectGetListType" duration-ms="212" started-at="2018-05-01T23:47:16Z" finished-at="2018-05-01T23:47:17Z">
          <params>
            <param index="0">
              <value>
                <![CDATA[2]]>
              </value>
            </param>
            <param index="1">
              <value>
                <![CDATA[STG]]>
              </value>
            </param>
          </params>
          <reporter-output>
          </reporter-output>
        </test-method> <!-- ProjectGetListType -->
        <test-method status="PASS" signature="teardown(org.testng.ITestResult)[pri:0, instance:com.leedonline.testcases.GetProjectListTypeTest@54d8c20d]" name="teardown" is-config="true" duration-ms="121" started-at="2018-05-01T23:47:17Z" finished-at="2018-05-01T23:47:17Z">
          <params>
            <param index="0">
              <value>
                <![CDATA[[TestResult name=ProjectGetListType status=SUCCESS method=GetProjectListTypeTest.ProjectGetListType(int, java.lang.String)[pri:0, instance:com.leedonline.testcases.GetProjectListTypeTest@54d8c20d] output={null}]]]>
              </value>
            </param>
          </params>
          <reporter-output>
          </reporter-output>
        </test-method> <!-- teardown -->
      </class> <!-- com.leedonline.testcases.GetProjectListTypeTest -->
      <class name="com.leedonline.testcases.DeleteApiTestAccessData">
        <test-method status="PASS" signature="setBaseUri()[pri:0, instance:com.leedonline.testcases.DeleteApiTestAccessData@5f0f9947]" name="setBaseUri" is-config="true" duration-ms="64" started-at="2018-05-01T23:47:14Z" finished-at="2018-05-01T23:47:14Z">
          <reporter-output>
          </reporter-output>
        </test-method> <!-- setBaseUri -->
        <test-method status="PASS" signature="deleteApiTestAccessData(int, java.lang.String)[pri:0, instance:com.leedonline.testcases.DeleteApiTestAccessData@5f0f9947]" name="deleteApiTestAccessData" duration-ms="218" started-at="2018-05-01T23:47:14Z" finished-at="2018-05-01T23:47:14Z">
          <params>
            <param index="0">
              <value>
                <![CDATA[2]]>
              </value>
            </param>
            <param index="1">
              <value>
                <![CDATA[STG]]>
              </value>
            </param>
          </params>
          <reporter-output>
          </reporter-output>
        </test-method> <!-- deleteApiTestAccessData -->
        <test-method status="PASS" signature="teardown(org.testng.ITestResult)[pri:0, instance:com.leedonline.testcases.DeleteApiTestAccessData@5f0f9947]" name="teardown" is-config="true" duration-ms="161" started-at="2018-05-01T23:47:14Z" finished-at="2018-05-01T23:47:14Z">
          <params>
            <param index="0">
              <value>
                <![CDATA[[TestResult name=deleteApiTestAccessData status=SUCCESS method=DeleteApiTestAccessData.deleteApiTestAccessData(int, java.lang.String)[pri:0, instance:com.leedonline.testcases.DeleteApiTestAccessData@5f0f9947] output={null}]]]>
              </value>
            </param>
          </params>
          <reporter-output>
          </reporter-output>
        </test-method> <!-- teardown -->
      </class> <!-- com.leedonline.testcases.DeleteApiTestAccessData -->
      <class name="com.leedonline.testcases.PostAuthenticateApiTest">
        <test-method status="PASS" signature="ExtentReportConfig()[pri:0, instance:com.leedonline.testcases.PostAuthenticateApiTest@50850539]" name="ExtentReportConfig" is-config="true" duration-ms="807" started-at="2018-05-01T23:47:03Z" finished-at="2018-05-01T23:47:04Z">
          <reporter-output>
          </reporter-output>
        </test-method> <!-- ExtentReportConfig -->
        <test-method status="PASS" signature="setBaseUri()[pri:0, instance:com.leedonline.testcases.PostAuthenticateApiTest@50850539]" name="setBaseUri" is-config="true" duration-ms="2809" started-at="2018-05-01T23:47:04Z" finished-at="2018-05-01T23:47:07Z">
          <reporter-output>
          </reporter-output>
        </test-method> <!-- setBaseUri -->
        <test-method status="PASS" signature="authenticate(int, java.lang.String)[pri:0, instance:com.leedonline.testcases.PostAuthenticateApiTest@50850539]" name="authenticate" duration-ms="3817" started-at="2018-05-01T23:47:07Z" finished-at="2018-05-01T23:47:10Z">
          <params>
            <param index="0">
              <value>
                <![CDATA[2]]>
              </value>
            </param>
            <param index="1">
              <value>
                <![CDATA[STG]]>
              </value>
            </param>
          </params>
          <reporter-output>
          </reporter-output>
        </test-method> <!-- authenticate -->
        <test-method status="PASS" signature="teardown(org.testng.ITestResult)[pri:0, instance:com.leedonline.testcases.PostAuthenticateApiTest@50850539]" name="teardown" is-config="true" duration-ms="512" started-at="2018-05-01T23:47:10Z" finished-at="2018-05-01T23:47:11Z">
          <params>
            <param index="0">
              <value>
                <![CDATA[[TestResult name=authenticate status=SUCCESS method=PostAuthenticateApiTest.authenticate(int, java.lang.String)[pri:0, instance:com.leedonline.testcases.PostAuthenticateApiTest@50850539] output={null}]]]>
              </value>
            </param>
          </params>
          <reporter-output>
          </reporter-output>
        </test-method> <!-- teardown -->
      </class> <!-- com.leedonline.testcases.PostAuthenticateApiTest -->
      <class name="com.leedonline.testcases.GetCreditTypeTest">
        <test-method status="PASS" signature="setBaseUri()[pri:0, instance:com.leedonline.testcases.GetCreditTypeTest@44536de4]" name="setBaseUri" is-config="true" duration-ms="69" started-at="2018-05-01T23:47:17Z" finished-at="2018-05-01T23:47:17Z">
          <reporter-output>
          </reporter-output>
        </test-method> <!-- setBaseUri -->
        <test-method status="PASS" signature="GetCreditType(int, java.lang.String)[pri:0, instance:com.leedonline.testcases.GetCreditTypeTest@44536de4]" name="GetCreditType" duration-ms="267" started-at="2018-05-01T23:47:17Z" finished-at="2018-05-01T23:47:18Z">
          <params>
            <param index="0">
              <value>
                <![CDATA[2]]>
              </value>
            </param>
            <param index="1">
              <value>
                <![CDATA[STG]]>
              </value>
            </param>
          </params>
          <reporter-output>
          </reporter-output>
        </test-method> <!-- GetCreditType -->
        <test-method status="PASS" signature="teardown(org.testng.ITestResult)[pri:0, instance:com.leedonline.testcases.GetCreditTypeTest@44536de4]" name="teardown" is-config="true" duration-ms="142" started-at="2018-05-01T23:47:18Z" finished-at="2018-05-01T23:47:18Z">
          <params>
            <param index="0">
              <value>
                <![CDATA[[TestResult name=GetCreditType status=SUCCESS method=GetCreditTypeTest.GetCreditType(int, java.lang.String)[pri:0, instance:com.leedonline.testcases.GetCreditTypeTest@44536de4] output={null}]]]>
              </value>
            </param>
          </params>
          <reporter-output>
          </reporter-output>
        </test-method> <!-- teardown -->
      </class> <!-- com.leedonline.testcases.GetCreditTypeTest -->
      <class name="com.leedonline.testcases.GetInvalidateTokenApiTest">
        <test-method status="PASS" signature="setBaseUri()[pri:0, instance:com.leedonline.testcases.GetInvalidateTokenApiTest@5af8bb51]" name="setBaseUri" is-config="true" duration-ms="50" started-at="2018-05-01T23:47:15Z" finished-at="2018-05-01T23:47:15Z">
          <reporter-output>
          </reporter-output>
        </test-method> <!-- setBaseUri -->
        <test-method status="PASS" signature="invalidateTokenApi(int, java.lang.String)[pri:0, instance:com.leedonline.testcases.GetInvalidateTokenApiTest@5af8bb51]" name="invalidateTokenApi" duration-ms="190" started-at="2018-05-01T23:47:15Z" finished-at="2018-05-01T23:47:15Z">
          <params>
            <param index="0">
              <value>
                <![CDATA[2]]>
              </value>
            </param>
            <param index="1">
              <value>
                <![CDATA[STG]]>
              </value>
            </param>
          </params>
          <reporter-output>
          </reporter-output>
        </test-method> <!-- invalidateTokenApi -->
        <test-method status="PASS" signature="teardown(org.testng.ITestResult)[pri:0, instance:com.leedonline.testcases.GetInvalidateTokenApiTest@5af8bb51]" name="teardown" is-config="true" duration-ms="80" started-at="2018-05-01T23:47:15Z" finished-at="2018-05-01T23:47:15Z">
          <params>
            <param index="0">
              <value>
                <![CDATA[[TestResult name=invalidateTokenApi status=SUCCESS method=GetInvalidateTokenApiTest.invalidateTokenApi(int, java.lang.String)[pri:0, instance:com.leedonline.testcases.GetInvalidateTokenApiTest@5af8bb51] output={null}]]]>
              </value>
            </param>
          </params>
          <reporter-output>
          </reporter-output>
        </test-method> <!-- teardown -->
      </class> <!-- com.leedonline.testcases.GetInvalidateTokenApiTest -->
      <class name="com.leedonline.testcases.GetMemInfoApiTest">
        <test-method status="PASS" signature="setBaseUri()[pri:0, instance:com.leedonline.testcases.GetMemInfoApiTest@1aad0b1]" name="setBaseUri" is-config="true" duration-ms="61" started-at="2018-05-01T23:47:14Z" finished-at="2018-05-01T23:47:14Z">
          <reporter-output>
          </reporter-output>
        </test-method> <!-- setBaseUri -->
        <test-method status="PASS" signature="getMemInfoApi(int, java.lang.String)[pri:0, instance:com.leedonline.testcases.GetMemInfoApiTest@1aad0b1]" name="getMemInfoApi" duration-ms="189" started-at="2018-05-01T23:47:14Z" finished-at="2018-05-01T23:47:14Z">
          <params>
            <param index="0">
              <value>
                <![CDATA[2]]>
              </value>
            </param>
            <param index="1">
              <value>
                <![CDATA[STG]]>
              </value>
            </param>
          </params>
          <reporter-output>
          </reporter-output>
        </test-method> <!-- getMemInfoApi -->
        <test-method status="PASS" signature="teardown(org.testng.ITestResult)[pri:0, instance:com.leedonline.testcases.GetMemInfoApiTest@1aad0b1]" name="teardown" is-config="true" duration-ms="50" started-at="2018-05-01T23:47:14Z" finished-at="2018-05-01T23:47:14Z">
          <params>
            <param index="0">
              <value>
                <![CDATA[[TestResult name=getMemInfoApi status=SUCCESS method=GetMemInfoApiTest.getMemInfoApi(int, java.lang.String)[pri:0, instance:com.leedonline.testcases.GetMemInfoApiTest@1aad0b1] output={null}]]]>
              </value>
            </param>
          </params>
          <reporter-output>
          </reporter-output>
        </test-method> <!-- teardown -->
      </class> <!-- com.leedonline.testcases.GetMemInfoApiTest -->
      <class name="com.leedonline.testcases.GetNonceApiTest">
        <test-method status="PASS" signature="setBaseUri()[pri:0, instance:com.leedonline.testcases.GetNonceApiTest@65e21ce3]" name="setBaseUri" is-config="true" duration-ms="50" started-at="2018-05-01T23:47:11Z" finished-at="2018-05-01T23:47:11Z">
          <reporter-output>
          </reporter-output>
        </test-method> <!-- setBaseUri -->
        <test-method status="PASS" signature="getNonceApi(int, java.lang.String)[pri:0, instance:com.leedonline.testcases.GetNonceApiTest@65e21ce3]" name="getNonceApi" duration-ms="1196" started-at="2018-05-01T23:47:11Z" finished-at="2018-05-01T23:47:12Z">
          <params>
            <param index="0">
              <value>
                <![CDATA[2]]>
              </value>
            </param>
            <param index="1">
              <value>
                <![CDATA[STG]]>
              </value>
            </param>
          </params>
          <reporter-output>
          </reporter-output>
        </test-method> <!-- getNonceApi -->
        <test-method status="PASS" signature="teardown(org.testng.ITestResult)[pri:0, instance:com.leedonline.testcases.GetNonceApiTest@65e21ce3]" name="teardown" is-config="true" duration-ms="77" started-at="2018-05-01T23:47:12Z" finished-at="2018-05-01T23:47:12Z">
          <params>
            <param index="0">
              <value>
                <![CDATA[[TestResult name=getNonceApi status=SUCCESS method=GetNonceApiTest.getNonceApi(int, java.lang.String)[pri:0, instance:com.leedonline.testcases.GetNonceApiTest@65e21ce3] output={null}]]]>
              </value>
            </param>
          </params>
          <reporter-output>
          </reporter-output>
        </test-method> <!-- teardown -->
      </class> <!-- com.leedonline.testcases.GetNonceApiTest -->
      <class name="com.leedonline.testcases.GetClarificationTypeTest">
        <test-method status="PASS" signature="setBaseUri()[pri:0, instance:com.leedonline.testcases.GetClarificationTypeTest@4d95a72e]" name="setBaseUri" is-config="true" duration-ms="108" started-at="2018-05-01T23:47:18Z" finished-at="2018-05-01T23:47:18Z">
          <reporter-output>
          </reporter-output>
        </test-method> <!-- setBaseUri -->
        <test-method status="PASS" signature="GetClarification(int, java.lang.String)[pri:0, instance:com.leedonline.testcases.GetClarificationTypeTest@4d95a72e]" name="GetClarification" duration-ms="210" started-at="2018-05-01T23:47:18Z" finished-at="2018-05-01T23:47:19Z">
          <params>
            <param index="0">
              <value>
                <![CDATA[2]]>
              </value>
            </param>
            <param index="1">
              <value>
                <![CDATA[STG]]>
              </value>
            </param>
          </params>
          <reporter-output>
          </reporter-output>
        </test-method> <!-- GetClarification -->
        <test-method status="PASS" signature="teardown(org.testng.ITestResult)[pri:0, instance:com.leedonline.testcases.GetClarificationTypeTest@4d95a72e]" name="teardown" is-config="true" duration-ms="126" started-at="2018-05-01T23:47:19Z" finished-at="2018-05-01T23:47:19Z">
          <params>
            <param index="0">
              <value>
                <![CDATA[[TestResult name=GetClarification status=SUCCESS method=GetClarificationTypeTest.GetClarification(int, java.lang.String)[pri:0, instance:com.leedonline.testcases.GetClarificationTypeTest@4d95a72e] output={null}]]]>
              </value>
            </param>
          </params>
          <reporter-output>
          </reporter-output>
        </test-method> <!-- teardown -->
      </class> <!-- com.leedonline.testcases.GetClarificationTypeTest -->
      <class name="com.leedonline.testcases.PostApiTestAccessData">
        <test-method status="PASS" signature="setBaseUri()[pri:0, instance:com.leedonline.testcases.PostApiTestAccessData@6c3659be]" name="setBaseUri" is-config="true" duration-ms="104" started-at="2018-05-01T23:47:12Z" finished-at="2018-05-01T23:47:12Z">
          <reporter-output>
          </reporter-output>
        </test-method> <!-- setBaseUri -->
        <test-method status="PASS" signature="createApiTestAccessData(int, java.lang.String)[pri:0, instance:com.leedonline.testcases.PostApiTestAccessData@6c3659be]" name="createApiTestAccessData" duration-ms="252" started-at="2018-05-01T23:47:12Z" finished-at="2018-05-01T23:47:13Z">
          <params>
            <param index="0">
              <value>
                <![CDATA[2]]>
              </value>
            </param>
            <param index="1">
              <value>
                <![CDATA[STG]]>
              </value>
            </param>
          </params>
          <reporter-output>
          </reporter-output>
        </test-method> <!-- createApiTestAccessData -->
        <test-method status="PASS" signature="teardown(org.testng.ITestResult)[pri:0, instance:com.leedonline.testcases.PostApiTestAccessData@6c3659be]" name="teardown" is-config="true" duration-ms="191" started-at="2018-05-01T23:47:13Z" finished-at="2018-05-01T23:47:13Z">
          <params>
            <param index="0">
              <value>
                <![CDATA[[TestResult name=createApiTestAccessData status=SUCCESS method=PostApiTestAccessData.createApiTestAccessData(int, java.lang.String)[pri:0, instance:com.leedonline.testcases.PostApiTestAccessData@6c3659be] output={null}]]]>
              </value>
            </param>
          </params>
          <reporter-output>
          </reporter-output>
        </test-method> <!-- teardown -->
      </class> <!-- com.leedonline.testcases.PostApiTestAccessData -->
      <class name="com.leedonline.testcases.GetMemSyncApiTest">
        <test-method status="PASS" signature="setBaseUri()[pri:0, instance:com.leedonline.testcases.GetMemSyncApiTest@c3edf4c]" name="setBaseUri" is-config="true" duration-ms="30" started-at="2018-05-01T23:47:14Z" finished-at="2018-05-01T23:47:14Z">
          <reporter-output>
          </reporter-output>
        </test-method> <!-- setBaseUri -->
        <test-method status="FAIL" signature="getMemSyncApi(int, java.lang.String)[pri:0, instance:com.leedonline.testcases.GetMemSyncApiTest@c3edf4c]" name="getMemSyncApi" duration-ms="210" started-at="2018-05-01T23:47:14Z" finished-at="2018-05-01T23:47:15Z">
          <params>
            <param index="0">
              <value>
                <![CDATA[2]]>
              </value>
            </param>
            <param index="1">
              <value>
                <![CDATA[STG]]>
              </value>
            </param>
          </params>
          <exception class="java.lang.AssertionError">
            <message>
              <![CDATA[1 expectation failed.
Expected status code <200> doesn't match actual status code <403>.
]]>
            </message>
            <full-stacktrace>
              <![CDATA[java.lang.AssertionError: 1 expectation failed.
Expected status code <200> doesn't match actual status code <403>.

	at sun.reflect.NativeConstructorAccessorImpl.newInstance0(Native Method)
	at sun.reflect.NativeConstructorAccessorImpl.newInstance(NativeConstructorAccessorImpl.java:62)
	at sun.reflect.DelegatingConstructorAccessorImpl.newInstance(DelegatingConstructorAccessorImpl.java:45)
	at java.lang.reflect.Constructor.newInstance(Constructor.java:423)
	at org.codehaus.groovy.reflection.CachedConstructor.invoke(CachedConstructor.java:80)
	at org.codehaus.groovy.reflection.CachedConstructor.doConstructorInvoke(CachedConstructor.java:74)
	at org.codehaus.groovy.runtime.callsite.ConstructorSite$ConstructorSiteNoUnwrap.callConstructor(ConstructorSite.java:84)
	at org.codehaus.groovy.runtime.callsite.CallSiteArray.defaultCallConstructor(CallSiteArray.java:60)
	at org.codehaus.groovy.runtime.callsite.AbstractCallSite.callConstructor(AbstractCallSite.java:235)
	at org.codehaus.groovy.runtime.callsite.AbstractCallSite.callConstructor(AbstractCallSite.java:247)
	at com.jayway.restassured.internal.ResponseSpecificationImpl$HamcrestAssertionClosure.validate(ResponseSpecificationImpl.groovy:598)
	at com.jayway.restassured.internal.ResponseSpecificationImpl$HamcrestAssertionClosure$validate$1.call(Unknown Source)
	at com.jayway.restassured.internal.ResponseSpecificationImpl.validateResponseIfRequired(ResponseSpecificationImpl.groovy:760)
	at sun.reflect.GeneratedMethodAccessor67.invoke(Unknown Source)
	at sun.reflect.DelegatingMethodAccessorImpl.invoke(DelegatingMethodAccessorImpl.java:43)
	at java.lang.reflect.Method.invoke(Method.java:498)
	at org.codehaus.groovy.runtime.callsite.PogoMetaMethodSite$PogoCachedMethodSiteNoUnwrapNoCoerce.invoke(PogoMetaMethodSite.java:210)
	at org.codehaus.groovy.runtime.callsite.PogoMetaMethodSite.callCurrent(PogoMetaMethodSite.java:59)
	at org.codehaus.groovy.runtime.callsite.AbstractCallSite.callCurrent(AbstractCallSite.java:166)
	at com.jayway.restassured.internal.ResponseSpecificationImpl.statusCode(ResponseSpecificationImpl.groovy:120)
	at com.jayway.restassured.specification.ResponseSpecification$statusCode$0.callCurrent(Unknown Source)
	at com.jayway.restassured.internal.ResponseSpecificationImpl.statusCode(ResponseSpecificationImpl.groovy:128)
	at com.jayway.restassured.internal.ValidatableResponseOptionsImpl.statusCode(ValidatableResponseOptionsImpl.java:117)
	at com.leedonline.testcases.GetMemSyncApiTest.getMemSyncApi(GetMemSyncApiTest.java:36)
	at sun.reflect.NativeMethodAccessorImpl.invoke0(Native Method)
	at sun.reflect.NativeMethodAccessorImpl.invoke(NativeMethodAccessorImpl.java:62)
	at sun.reflect.DelegatingMethodAccessorImpl.invoke(DelegatingMethodAccessorImpl.java:43)
	at java.lang.reflect.Method.invoke(Method.java:498)
	at org.testng.internal.MethodInvocationHelper.invokeMethod(MethodInvocationHelper.java:86)
	at org.testng.internal.Invoker.invokeMethod(Invoker.java:643)
	at org.testng.internal.Invoker.invokeTestMethod(Invoker.java:820)
	at org.testng.internal.Invoker.invokeTestMethods(Invoker.java:1128)
	at org.testng.internal.TestMethodWorker.invokeTestMethods(TestMethodWorker.java:129)
	at org.testng.internal.TestMethodWorker.run(TestMethodWorker.java:112)
	at org.testng.TestRunner.privateRun(TestRunner.java:782)
	at org.testng.TestRunner.run(TestRunner.java:632)
	at org.testng.SuiteRunner.runTest(SuiteRunner.java:366)
	at org.testng.SuiteRunner.runSequentially(SuiteRunner.java:361)
	at org.testng.SuiteRunner.privateRun(SuiteRunner.java:319)
	at org.testng.SuiteRunner.run(SuiteRunner.java:268)
	at org.testng.SuiteRunnerWorker.runSuite(SuiteRunnerWorker.java:52)
	at org.testng.SuiteRunnerWorker.run(SuiteRunnerWorker.java:86)
	at org.testng.TestNG.runSuitesSequentially(TestNG.java:1244)
	at org.testng.TestNG.runSuitesLocally(TestNG.java:1169)
	at org.testng.TestNG.run(TestNG.java:1064)
	at org.testng.remote.AbstractRemoteTestNG.run(AbstractRemoteTestNG.java:114)
	at org.testng.remote.RemoteTestNG.initAndRun(RemoteTestNG.java:251)
	at org.testng.remote.RemoteTestNG.main(RemoteTestNG.java:77)
]]>
            </full-stacktrace>
          </exception> <!-- java.lang.AssertionError -->
          <reporter-output>
          </reporter-output>
        </test-method> <!-- getMemSyncApi -->
        <test-method status="PASS" signature="teardown(org.testng.ITestResult)[pri:0, instance:com.leedonline.testcases.GetMemSyncApiTest@c3edf4c]" name="teardown" is-config="true" duration-ms="60" started-at="2018-05-01T23:47:15Z" finished-at="2018-05-01T23:47:15Z">
          <params>
            <param index="0">
              <value>
                <![CDATA[[TestResult name=getMemSyncApi status=FAILURE method=GetMemSyncApiTest.getMemSyncApi(int, java.lang.String)[pri:0, instance:com.leedonline.testcases.GetMemSyncApiTest@c3edf4c] output={null}]]]>
              </value>
            </param>
          </params>
          <reporter-output>
          </reporter-output>
        </test-method> <!-- teardown -->
      </class> <!-- com.leedonline.testcases.GetMemSyncApiTest -->
      <class name="com.leedonline.testcases.GetLeedInfoTest">
        <test-method status="PASS" signature="setBaseUri()[pri:0, instance:com.leedonline.testcases.GetLeedInfoTest@2e66bc32]" name="setBaseUri" is-config="true" duration-ms="50" started-at="2018-05-01T23:47:16Z" finished-at="2018-05-01T23:47:16Z">
          <reporter-output>
          </reporter-output>
        </test-method> <!-- setBaseUri -->
        <test-method status="PASS" signature="LeedGetInfo(int, java.lang.String)[pri:0, instance:com.leedonline.testcases.GetLeedInfoTest@2e66bc32]" name="LeedGetInfo" duration-ms="502" started-at="2018-05-01T23:47:16Z" finished-at="2018-05-01T23:47:16Z">
          <params>
            <param index="0">
              <value>
                <![CDATA[2]]>
              </value>
            </param>
            <param index="1">
              <value>
                <![CDATA[STG]]>
              </value>
            </param>
          </params>
          <reporter-output>
          </reporter-output>
        </test-method> <!-- LeedGetInfo -->
        <test-method status="PASS" signature="teardown(org.testng.ITestResult)[pri:0, instance:com.leedonline.testcases.GetLeedInfoTest@2e66bc32]" name="teardown" is-config="true" duration-ms="130" started-at="2018-05-01T23:47:16Z" finished-at="2018-05-01T23:47:16Z">
          <params>
            <param index="0">
              <value>
                <![CDATA[[TestResult name=LeedGetInfo status=SUCCESS method=GetLeedInfoTest.LeedGetInfo(int, java.lang.String)[pri:0, instance:com.leedonline.testcases.GetLeedInfoTest@2e66bc32] output={null}]]]>
              </value>
            </param>
          </params>
          <reporter-output>
          </reporter-output>
        </test-method> <!-- teardown -->
      </class> <!-- com.leedonline.testcases.GetLeedInfoTest -->
      <class name="com.leedonline.testcases.GetApiTestAccessData">
        <test-method status="PASS" signature="setBaseUri()[pri:0, instance:com.leedonline.testcases.GetApiTestAccessData@522bf64e]" name="setBaseUri" is-config="true" duration-ms="83" started-at="2018-05-01T23:47:13Z" finished-at="2018-05-01T23:47:13Z">
          <reporter-output>
          </reporter-output>
        </test-method> <!-- setBaseUri -->
        <test-method status="PASS" signature="getApiTestAccessData(int, java.lang.String)[pri:0, instance:com.leedonline.testcases.GetApiTestAccessData@522bf64e]" name="getApiTestAccessData" duration-ms="221" started-at="2018-05-01T23:47:13Z" finished-at="2018-05-01T23:47:13Z">
          <params>
            <param index="0">
              <value>
                <![CDATA[2]]>
              </value>
            </param>
            <param index="1">
              <value>
                <![CDATA[STG]]>
              </value>
            </param>
          </params>
          <reporter-output>
          </reporter-output>
        </test-method> <!-- getApiTestAccessData -->
        <test-method status="PASS" signature="teardown(org.testng.ITestResult)[pri:0, instance:com.leedonline.testcases.GetApiTestAccessData@522bf64e]" name="teardown" is-config="true" duration-ms="100" started-at="2018-05-01T23:47:13Z" finished-at="2018-05-01T23:47:13Z">
          <params>
            <param index="0">
              <value>
                <![CDATA[[TestResult name=getApiTestAccessData status=SUCCESS method=GetApiTestAccessData.getApiTestAccessData(int, java.lang.String)[pri:0, instance:com.leedonline.testcases.GetApiTestAccessData@522bf64e] output={null}]]]>
              </value>
            </param>
          </params>
          <reporter-output>
          </reporter-output>
        </test-method> <!-- teardown -->
      </class> <!-- com.leedonline.testcases.GetApiTestAccessData -->
      <class name="com.leedonline.testcases.GetClientKeyApiTest">
        <test-method status="PASS" signature="setBaseUri()[pri:0, instance:com.leedonline.testcases.GetClientKeyApiTest@799ed4e8]" name="setBaseUri" is-config="true" duration-ms="90" started-at="2018-05-01T23:47:15Z" finished-at="2018-05-01T23:47:15Z">
          <reporter-output>
          </reporter-output>
        </test-method> <!-- setBaseUri -->
        <test-method status="PASS" signature="getClientKey(int, java.lang.String)[pri:0, instance:com.leedonline.testcases.GetClientKeyApiTest@799ed4e8]" name="getClientKey" duration-ms="490" started-at="2018-05-01T23:47:15Z" finished-at="2018-05-01T23:47:16Z">
          <params>
            <param index="0">
              <value>
                <![CDATA[2]]>
              </value>
            </param>
            <param index="1">
              <value>
                <![CDATA[STG]]>
              </value>
            </param>
          </params>
          <reporter-output>
          </reporter-output>
        </test-method> <!-- getClientKey -->
        <test-method status="PASS" signature="teardown(org.testng.ITestResult)[pri:0, instance:com.leedonline.testcases.GetClientKeyApiTest@799ed4e8]" name="teardown" is-config="true" duration-ms="131" started-at="2018-05-01T23:47:16Z" finished-at="2018-05-01T23:47:16Z">
          <params>
            <param index="0">
              <value>
                <![CDATA[[TestResult name=getClientKey status=SUCCESS method=GetClientKeyApiTest.getClientKey(int, java.lang.String)[pri:0, instance:com.leedonline.testcases.GetClientKeyApiTest@799ed4e8] output={null}]]]>
              </value>
            </param>
          </params>
          <reporter-output>
          </reporter-output>
        </test-method> <!-- teardown -->
      </class> <!-- com.leedonline.testcases.GetClientKeyApiTest -->
      <class name="com.leedonline.testcases.PutApiTestAccessData">
        <test-method status="PASS" signature="setBaseUri()[pri:0, instance:com.leedonline.testcases.PutApiTestAccessData@2aff9dff]" name="setBaseUri" is-config="true" duration-ms="162" started-at="2018-05-01T23:47:13Z" finished-at="2018-05-01T23:47:13Z">
          <reporter-output>
          </reporter-output>
        </test-method> <!-- setBaseUri -->
        <test-method status="PASS" signature="putApiTestAccess(int, java.lang.String)[pri:0, instance:com.leedonline.testcases.PutApiTestAccessData@2aff9dff]" name="putApiTestAccess" duration-ms="72" started-at="2018-05-01T23:47:13Z" finished-at="2018-05-01T23:47:14Z">
          <params>
            <param index="0">
              <value>
                <![CDATA[2]]>
              </value>
            </param>
            <param index="1">
              <value>
                <![CDATA[STG]]>
              </value>
            </param>
          </params>
          <reporter-output>
          </reporter-output>
        </test-method> <!-- putApiTestAccess -->
        <test-method status="PASS" signature="teardown(org.testng.ITestResult)[pri:0, instance:com.leedonline.testcases.PutApiTestAccessData@2aff9dff]" name="teardown" is-config="true" duration-ms="91" started-at="2018-05-01T23:47:14Z" finished-at="2018-05-01T23:47:14Z">
          <params>
            <param index="0">
              <value>
                <![CDATA[[TestResult name=putApiTestAccess status=SUCCESS method=PutApiTestAccessData.putApiTestAccess(int, java.lang.String)[pri:0, instance:com.leedonline.testcases.PutApiTestAccessData@2aff9dff] output={null}]]]>
              </value>
            </param>
          </params>
          <reporter-output>
          </reporter-output>
        </test-method> <!-- teardown -->
      </class> <!-- com.leedonline.testcases.PutApiTestAccessData -->
      <class name="com.leedonline.testcases.GetProjectDetailsTypeTest">
        <test-method status="PASS" signature="setBaseUri()[pri:0, instance:com.leedonline.testcases.GetProjectDetailsTypeTest@4b65d9f4]" name="setBaseUri" is-config="true" duration-ms="84" started-at="2018-05-01T23:47:17Z" finished-at="2018-05-01T23:47:17Z">
          <reporter-output>
          </reporter-output>
        </test-method> <!-- setBaseUri -->
        <test-method status="PASS" signature="ProjectDetailsType(int, java.lang.String)[pri:0, instance:com.leedonline.testcases.GetProjectDetailsTypeTest@4b65d9f4]" name="ProjectDetailsType" duration-ms="187" started-at="2018-05-01T23:47:17Z" finished-at="2018-05-01T23:47:17Z">
          <params>
            <param index="0">
              <value>
                <![CDATA[2]]>
              </value>
            </param>
            <param index="1">
              <value>
                <![CDATA[STG]]>
              </value>
            </param>
          </params>
          <reporter-output>
          </reporter-output>
        </test-method> <!-- ProjectDetailsType -->
        <test-method status="PASS" signature="teardown(org.testng.ITestResult)[pri:0, instance:com.leedonline.testcases.GetProjectDetailsTypeTest@4b65d9f4]" name="teardown" is-config="true" duration-ms="120" started-at="2018-05-01T23:47:17Z" finished-at="2018-05-01T23:47:17Z">
          <params>
            <param index="0">
              <value>
                <![CDATA[[TestResult name=ProjectDetailsType status=SUCCESS method=GetProjectDetailsTypeTest.ProjectDetailsType(int, java.lang.String)[pri:0, instance:com.leedonline.testcases.GetProjectDetailsTypeTest@4b65d9f4] output={null}]]]>
              </value>
            </param>
          </params>
          <reporter-output>
          </reporter-output>
        </test-method> <!-- teardown -->
      </class> <!-- com.leedonline.testcases.GetProjectDetailsTypeTest -->
    </test> <!-- LeedonlineApi -->
    <test name="LeedonlineApi Getclient" duration-ms="4" started-at="2018-05-02T03:47:19Z" finished-at="2018-05-02T03:47:19Z">
    </test> <!-- LeedonlineApi Getclient -->
  </suite> <!-- LeedonlineApi Test Suit -->
</testng-results>
