<?xml version="1.0" encoding="UTF-8"?>
<testng-results skipped="0" failed="1" total="39" passed="38">
  <reporter-output>
  </reporter-output>
  <suite name="LeedonlineApi Test Suit" duration-ms="54913" started-at="2018-06-22T20:34:17Z" finished-at="2018-06-22T20:35:11Z">
    <groups>
    </groups>
    <test name="LeedonlineApi" duration-ms="54869" started-at="2018-06-22T20:34:17Z" finished-at="2018-06-22T20:35:11Z">
      <class name="com.leedonline.testcases.GetInterpretationTypeTest">
        <test-method status="PASS" signature="setBaseUri()[pri:0, instance:com.leedonline.testcases.GetInterpretationTypeTest@eec5a4a]" name="setBaseUri" is-config="true" duration-ms="15" started-at="2018-06-22T16:34:36Z" finished-at="2018-06-22T16:34:36Z">
          <reporter-output>
          </reporter-output>
        </test-method> <!-- setBaseUri -->
        <test-method status="PASS" signature="GetInterpretationTypeTest(int, java.lang.String)[pri:0, instance:com.leedonline.testcases.GetInterpretationTypeTest@eec5a4a]" name="GetInterpretationTypeTest" duration-ms="1064" started-at="2018-06-22T16:34:36Z" finished-at="2018-06-22T16:34:37Z">
          <params>
            <param index="0">
              <value>
                <![CDATA[2]]>
              </value>
            </param>
            <param index="1">
              <value>
                <![CDATA[STG]]>
              </value>
            </param>
          </params>
          <reporter-output>
          </reporter-output>
        </test-method> <!-- GetInterpretationTypeTest -->
        <test-method status="PASS" signature="teardown(org.testng.ITestResult)[pri:0, instance:com.leedonline.testcases.GetInterpretationTypeTest@eec5a4a]" name="teardown" is-config="true" duration-ms="139" started-at="2018-06-22T16:34:37Z" finished-at="2018-06-22T16:34:37Z">
          <params>
            <param index="0">
              <value>
                <![CDATA[[TestResult name=GetInterpretationTypeTest status=SUCCESS method=GetInterpretationTypeTest.GetInterpretationTypeTest(int, java.lang.String)[pri:0, instance:com.leedonline.testcases.GetInterpretationTypeTest@eec5a4a] output={null}]]]>
              </value>
            </param>
          </params>
          <reporter-output>
          </reporter-output>
        </test-method> <!-- teardown -->
      </class> <!-- com.leedonline.testcases.GetInterpretationTypeTest -->
      <class name="com.leedonline.testcases.PostValidateCaGBCMemberTest">
        <test-method status="PASS" signature="setBaseUri()[pri:0, instance:com.leedonline.testcases.PostValidateCaGBCMemberTest@4f970963]" name="setBaseUri" is-config="true" duration-ms="18" started-at="2018-06-22T16:34:58Z" finished-at="2018-06-22T16:34:58Z">
          <reporter-output>
          </reporter-output>
        </test-method> <!-- setBaseUri -->
        <test-method status="PASS" signature="PostValidateCaGBCMember(int, java.lang.String)[pri:0, instance:com.leedonline.testcases.PostValidateCaGBCMemberTest@4f970963]" name="PostValidateCaGBCMember" duration-ms="1902" started-at="2018-06-22T16:34:58Z" finished-at="2018-06-22T16:35:00Z">
          <params>
            <param index="0">
              <value>
                <![CDATA[2]]>
              </value>
            </param>
            <param index="1">
              <value>
                <![CDATA[STG]]>
              </value>
            </param>
          </params>
          <reporter-output>
          </reporter-output>
        </test-method> <!-- PostValidateCaGBCMember -->
        <test-method status="PASS" signature="teardown(org.testng.ITestResult)[pri:0, instance:com.leedonline.testcases.PostValidateCaGBCMemberTest@4f970963]" name="teardown" is-config="true" duration-ms="137" started-at="2018-06-22T16:35:00Z" finished-at="2018-06-22T16:35:00Z">
          <params>
            <param index="0">
              <value>
                <![CDATA[[TestResult name=PostValidateCaGBCMember status=SUCCESS method=PostValidateCaGBCMemberTest.PostValidateCaGBCMember(int, java.lang.String)[pri:0, instance:com.leedonline.testcases.PostValidateCaGBCMemberTest@4f970963] output={null}]]]>
              </value>
            </param>
          </params>
          <reporter-output>
          </reporter-output>
        </test-method> <!-- teardown -->
      </class> <!-- com.leedonline.testcases.PostValidateCaGBCMemberTest -->
      <class name="com.leedonline.testcases.GetLeedPricingDefaultVersionTest">
        <test-method status="PASS" signature="setBaseUri()[pri:0, instance:com.leedonline.testcases.GetLeedPricingDefaultVersionTest@4b4523f8]" name="setBaseUri" is-config="true" duration-ms="17" started-at="2018-06-22T16:34:43Z" finished-at="2018-06-22T16:34:43Z">
          <reporter-output>
          </reporter-output>
        </test-method> <!-- setBaseUri -->
        <test-method status="PASS" signature="GetLeedPricingDefaultVersion(int, java.lang.String)[pri:0, instance:com.leedonline.testcases.GetLeedPricingDefaultVersionTest@4b4523f8]" name="GetLeedPricingDefaultVersion" duration-ms="738" started-at="2018-06-22T16:34:43Z" finished-at="2018-06-22T16:34:44Z">
          <params>
            <param index="0">
              <value>
                <![CDATA[2]]>
              </value>
            </param>
            <param index="1">
              <value>
                <![CDATA[STG]]>
              </value>
            </param>
          </params>
          <reporter-output>
          </reporter-output>
        </test-method> <!-- GetLeedPricingDefaultVersion -->
        <test-method status="PASS" signature="teardown(org.testng.ITestResult)[pri:0, instance:com.leedonline.testcases.GetLeedPricingDefaultVersionTest@4b4523f8]" name="teardown" is-config="true" duration-ms="179" started-at="2018-06-22T16:34:44Z" finished-at="2018-06-22T16:34:44Z">
          <params>
            <param index="0">
              <value>
                <![CDATA[[TestResult name=GetLeedPricingDefaultVersion status=SUCCESS method=GetLeedPricingDefaultVersionTest.GetLeedPricingDefaultVersion(int, java.lang.String)[pri:0, instance:com.leedonline.testcases.GetLeedPricingDefaultVersionTest@4b4523f8] output={null}]]]>
              </value>
            </param>
          </params>
          <reporter-output>
          </reporter-output>
        </test-method> <!-- teardown -->
      </class> <!-- com.leedonline.testcases.GetLeedPricingDefaultVersionTest -->
      <class name="com.leedonline.testcases.GetLeedProjectListTypeTest">
        <test-method status="PASS" signature="setBaseUri()[pri:0, instance:com.leedonline.testcases.GetLeedProjectListTypeTest@67784306]" name="setBaseUri" is-config="true" duration-ms="24" started-at="2018-06-22T16:34:33Z" finished-at="2018-06-22T16:34:33Z">
          <reporter-output>
          </reporter-output>
        </test-method> <!-- setBaseUri -->
        <test-method status="PASS" signature="GetProjectListType(int, java.lang.String)[pri:0, instance:com.leedonline.testcases.GetLeedProjectListTypeTest@67784306]" name="GetProjectListType" duration-ms="796" started-at="2018-06-22T16:34:33Z" finished-at="2018-06-22T16:34:34Z">
          <params>
            <param index="0">
              <value>
                <![CDATA[2]]>
              </value>
            </param>
            <param index="1">
              <value>
                <![CDATA[STG]]>
              </value>
            </param>
          </params>
          <reporter-output>
          </reporter-output>
        </test-method> <!-- GetProjectListType -->
        <test-method status="PASS" signature="teardown(org.testng.ITestResult)[pri:0, instance:com.leedonline.testcases.GetLeedProjectListTypeTest@67784306]" name="teardown" is-config="true" duration-ms="146" started-at="2018-06-22T16:34:34Z" finished-at="2018-06-22T16:34:34Z">
          <params>
            <param index="0">
              <value>
                <![CDATA[[TestResult name=GetProjectListType status=SUCCESS method=GetLeedProjectListTypeTest.GetProjectListType(int, java.lang.String)[pri:0, instance:com.leedonline.testcases.GetLeedProjectListTypeTest@67784306] output={null}]]]>
              </value>
            </param>
          </params>
          <reporter-output>
          </reporter-output>
        </test-method> <!-- teardown -->
      </class> <!-- com.leedonline.testcases.GetLeedProjectListTypeTest -->
      <class name="com.leedonline.testcases.PostAuthenticateApiTest">
        <test-method status="PASS" signature="setBaseUri()[pri:0, instance:com.leedonline.testcases.PostAuthenticateApiTest@6b09bb57]" name="setBaseUri" is-config="true" duration-ms="1929" started-at="2018-06-22T16:34:17Z" finished-at="2018-06-22T16:34:18Z">
          <reporter-output>
          </reporter-output>
        </test-method> <!-- setBaseUri -->
        <test-method status="PASS" signature="PostAuthenticateApi(int, java.lang.String)[pri:0, instance:com.leedonline.testcases.PostAuthenticateApiTest@6b09bb57]" name="PostAuthenticateApi" duration-ms="4748" started-at="2018-06-22T16:34:18Z" finished-at="2018-06-22T16:34:23Z">
          <params>
            <param index="0">
              <value>
                <![CDATA[2]]>
              </value>
            </param>
            <param index="1">
              <value>
                <![CDATA[STG]]>
              </value>
            </param>
          </params>
          <reporter-output>
          </reporter-output>
        </test-method> <!-- PostAuthenticateApi -->
        <test-method status="PASS" signature="teardown(org.testng.ITestResult)[pri:0, instance:com.leedonline.testcases.PostAuthenticateApiTest@6b09bb57]" name="teardown" is-config="true" duration-ms="750" started-at="2018-06-22T16:34:23Z" finished-at="2018-06-22T16:34:24Z">
          <params>
            <param index="0">
              <value>
                <![CDATA[[TestResult name=PostAuthenticateApi status=SUCCESS method=PostAuthenticateApiTest.PostAuthenticateApi(int, java.lang.String)[pri:0, instance:com.leedonline.testcases.PostAuthenticateApiTest@6b09bb57] output={null}]]]>
              </value>
            </param>
          </params>
          <reporter-output>
          </reporter-output>
        </test-method> <!-- teardown -->
      </class> <!-- com.leedonline.testcases.PostAuthenticateApiTest -->
      <class name="com.leedonline.testcases.GetCreditTypeTest">
        <test-method status="PASS" signature="setBaseUri()[pri:0, instance:com.leedonline.testcases.GetCreditTypeTest@210366b4]" name="setBaseUri" is-config="true" duration-ms="16" started-at="2018-06-22T16:34:35Z" finished-at="2018-06-22T16:34:35Z">
          <reporter-output>
          </reporter-output>
        </test-method> <!-- setBaseUri -->
        <test-method status="PASS" signature="GetCreditType(int, java.lang.String)[pri:0, instance:com.leedonline.testcases.GetCreditTypeTest@210366b4]" name="GetCreditType" duration-ms="787" started-at="2018-06-22T16:34:35Z" finished-at="2018-06-22T16:34:36Z">
          <params>
            <param index="0">
              <value>
                <![CDATA[2]]>
              </value>
            </param>
            <param index="1">
              <value>
                <![CDATA[STG]]>
              </value>
            </param>
          </params>
          <reporter-output>
          </reporter-output>
        </test-method> <!-- GetCreditType -->
        <test-method status="PASS" signature="teardown(org.testng.ITestResult)[pri:0, instance:com.leedonline.testcases.GetCreditTypeTest@210366b4]" name="teardown" is-config="true" duration-ms="79" started-at="2018-06-22T16:34:36Z" finished-at="2018-06-22T16:34:36Z">
          <params>
            <param index="0">
              <value>
                <![CDATA[[TestResult name=GetCreditType status=SUCCESS method=GetCreditTypeTest.GetCreditType(int, java.lang.String)[pri:0, instance:com.leedonline.testcases.GetCreditTypeTest@210366b4] output={null}]]]>
              </value>
            </param>
          </params>
          <reporter-output>
          </reporter-output>
        </test-method> <!-- teardown -->
      </class> <!-- com.leedonline.testcases.GetCreditTypeTest -->
      <class name="com.leedonline.testcases.PostFileUploadTest">
        <test-method status="PASS" signature="setBaseUri()[pri:0, instance:com.leedonline.testcases.PostFileUploadTest@67b92f0a]" name="setBaseUri" is-config="true" duration-ms="18" started-at="2018-06-22T16:34:52Z" finished-at="2018-06-22T16:34:52Z">
          <reporter-output>
          </reporter-output>
        </test-method> <!-- setBaseUri -->
        <test-method status="PASS" signature="PostFileUpload(int, java.lang.String)[pri:0, instance:com.leedonline.testcases.PostFileUploadTest@67b92f0a]" name="PostFileUpload" duration-ms="2494" started-at="2018-06-22T16:34:52Z" finished-at="2018-06-22T16:34:55Z">
          <params>
            <param index="0">
              <value>
                <![CDATA[2]]>
              </value>
            </param>
            <param index="1">
              <value>
                <![CDATA[STG]]>
              </value>
            </param>
          </params>
          <reporter-output>
          </reporter-output>
        </test-method> <!-- PostFileUpload -->
        <test-method status="PASS" signature="teardown(org.testng.ITestResult)[pri:0, instance:com.leedonline.testcases.PostFileUploadTest@67b92f0a]" name="teardown" is-config="true" duration-ms="113" started-at="2018-06-22T16:34:55Z" finished-at="2018-06-22T16:34:55Z">
          <params>
            <param index="0">
              <value>
                <![CDATA[[TestResult name=PostFileUpload status=SUCCESS method=PostFileUploadTest.PostFileUpload(int, java.lang.String)[pri:0, instance:com.leedonline.testcases.PostFileUploadTest@67b92f0a] output={null}]]]>
              </value>
            </param>
          </params>
          <reporter-output>
          </reporter-output>
        </test-method> <!-- teardown -->
      </class> <!-- com.leedonline.testcases.PostFileUploadTest -->
      <class name="com.leedonline.testcases.PutPaymentsSendTransactionDataToSapTest">
        <test-method status="PASS" signature="setBaseUri()[pri:0, instance:com.leedonline.testcases.PutPaymentsSendTransactionDataToSapTest@5b87ed94]" name="setBaseUri" is-config="true" duration-ms="18" started-at="2018-06-22T16:35:05Z" finished-at="2018-06-22T16:35:05Z">
          <reporter-output>
          </reporter-output>
        </test-method> <!-- setBaseUri -->
        <test-method status="PASS" signature="PutPaymentsSendTransactionDataToSap(int, java.lang.String)[pri:0, instance:com.leedonline.testcases.PutPaymentsSendTransactionDataToSapTest@5b87ed94]" name="PutPaymentsSendTransactionDataToSap" duration-ms="1331" started-at="2018-06-22T16:35:05Z" finished-at="2018-06-22T16:35:07Z">
          <params>
            <param index="0">
              <value>
                <![CDATA[2]]>
              </value>
            </param>
            <param index="1">
              <value>
                <![CDATA[STG]]>
              </value>
            </param>
          </params>
          <reporter-output>
          </reporter-output>
        </test-method> <!-- PutPaymentsSendTransactionDataToSap -->
        <test-method status="PASS" signature="teardown(org.testng.ITestResult)[pri:0, instance:com.leedonline.testcases.PutPaymentsSendTransactionDataToSapTest@5b87ed94]" name="teardown" is-config="true" duration-ms="168" started-at="2018-06-22T16:35:07Z" finished-at="2018-06-22T16:35:07Z">
          <params>
            <param index="0">
              <value>
                <![CDATA[[TestResult name=PutPaymentsSendTransactionDataToSap status=SUCCESS method=PutPaymentsSendTransactionDataToSapTest.PutPaymentsSendTransactionDataToSap(int, java.lang.String)[pri:0, instance:com.leedonline.testcases.PutPaymentsSendTransactionDataToSapTest@5b87ed94] output={null}]]]>
              </value>
            </param>
          </params>
          <reporter-output>
          </reporter-output>
        </test-method> <!-- teardown -->
      </class> <!-- com.leedonline.testcases.PutPaymentsSendTransactionDataToSapTest -->
      <class name="com.leedonline.testcases.GetPaymentsProgramPaymentTest">
        <test-method status="PASS" signature="setBaseUri()[pri:0, instance:com.leedonline.testcases.GetPaymentsProgramPaymentTest@3a5ed7a6]" name="setBaseUri" is-config="true" duration-ms="21" started-at="2018-06-22T16:34:49Z" finished-at="2018-06-22T16:34:49Z">
          <reporter-output>
          </reporter-output>
        </test-method> <!-- setBaseUri -->
        <test-method status="PASS" signature="GetPaymentsProgramPayment(int, java.lang.String)[pri:0, instance:com.leedonline.testcases.GetPaymentsProgramPaymentTest@3a5ed7a6]" name="GetPaymentsProgramPayment" duration-ms="1125" started-at="2018-06-22T16:34:49Z" finished-at="2018-06-22T16:34:51Z">
          <params>
            <param index="0">
              <value>
                <![CDATA[2]]>
              </value>
            </param>
            <param index="1">
              <value>
                <![CDATA[STG]]>
              </value>
            </param>
          </params>
          <reporter-output>
          </reporter-output>
        </test-method> <!-- GetPaymentsProgramPayment -->
        <test-method status="PASS" signature="teardown(org.testng.ITestResult)[pri:0, instance:com.leedonline.testcases.GetPaymentsProgramPaymentTest@3a5ed7a6]" name="teardown" is-config="true" duration-ms="97" started-at="2018-06-22T16:34:51Z" finished-at="2018-06-22T16:34:51Z">
          <params>
            <param index="0">
              <value>
                <![CDATA[[TestResult name=GetPaymentsProgramPayment status=SUCCESS method=GetPaymentsProgramPaymentTest.GetPaymentsProgramPayment(int, java.lang.String)[pri:0, instance:com.leedonline.testcases.GetPaymentsProgramPaymentTest@3a5ed7a6] output={null}]]]>
              </value>
            </param>
          </params>
          <reporter-output>
          </reporter-output>
        </test-method> <!-- teardown -->
      </class> <!-- com.leedonline.testcases.GetPaymentsProgramPaymentTest -->
      <class name="com.leedonline.testcases.GetLeedProjectsListTest">
        <test-method status="PASS" signature="setBaseUri()[pri:0, instance:com.leedonline.testcases.GetLeedProjectsListTest@6f1fba17]" name="setBaseUri" is-config="true" duration-ms="26" started-at="2018-06-22T16:34:31Z" finished-at="2018-06-22T16:34:31Z">
          <reporter-output>
          </reporter-output>
        </test-method> <!-- setBaseUri -->
        <test-method status="PASS" signature="GetLeedProjectsList(int, java.lang.String)[pri:0, instance:com.leedonline.testcases.GetLeedProjectsListTest@6f1fba17]" name="GetLeedProjectsList" duration-ms="944" started-at="2018-06-22T16:34:31Z" finished-at="2018-06-22T16:34:31Z">
          <params>
            <param index="0">
              <value>
                <![CDATA[2]]>
              </value>
            </param>
            <param index="1">
              <value>
                <![CDATA[STG]]>
              </value>
            </param>
          </params>
          <reporter-output>
          </reporter-output>
        </test-method> <!-- GetLeedProjectsList -->
        <test-method status="PASS" signature="teardown(org.testng.ITestResult)[pri:0, instance:com.leedonline.testcases.GetLeedProjectsListTest@6f1fba17]" name="teardown" is-config="true" duration-ms="152" started-at="2018-06-22T16:34:31Z" finished-at="2018-06-22T16:34:32Z">
          <params>
            <param index="0">
              <value>
                <![CDATA[[TestResult name=GetLeedProjectsList status=SUCCESS method=GetLeedProjectsListTest.GetLeedProjectsList(int, java.lang.String)[pri:0, instance:com.leedonline.testcases.GetLeedProjectsListTest@6f1fba17] output={null}]]]>
              </value>
            </param>
          </params>
          <reporter-output>
          </reporter-output>
        </test-method> <!-- teardown -->
      </class> <!-- com.leedonline.testcases.GetLeedProjectsListTest -->
      <class name="com.leedonline.testcases.DeleteFileTest">
        <test-method status="PASS" signature="setBaseUri()[pri:0, instance:com.leedonline.testcases.DeleteFileTest@5bc79255]" name="setBaseUri" is-config="true" duration-ms="15" started-at="2018-06-22T16:35:08Z" finished-at="2018-06-22T16:35:08Z">
          <reporter-output>
          </reporter-output>
        </test-method> <!-- setBaseUri -->
        <test-method status="PASS" signature="deleteFile(int, java.lang.String)[pri:0, instance:com.leedonline.testcases.DeleteFileTest@5bc79255]" name="deleteFile" duration-ms="792" started-at="2018-06-22T16:35:08Z" finished-at="2018-06-22T16:35:09Z">
          <params>
            <param index="0">
              <value>
                <![CDATA[2]]>
              </value>
            </param>
            <param index="1">
              <value>
                <![CDATA[STG]]>
              </value>
            </param>
          </params>
          <reporter-output>
          </reporter-output>
        </test-method> <!-- deleteFile -->
        <test-method status="PASS" signature="teardown(org.testng.ITestResult)[pri:0, instance:com.leedonline.testcases.DeleteFileTest@5bc79255]" name="teardown" is-config="true" duration-ms="110" started-at="2018-06-22T16:35:09Z" finished-at="2018-06-22T16:35:09Z">
          <params>
            <param index="0">
              <value>
                <![CDATA[[TestResult name=deleteFile status=SUCCESS method=DeleteFileTest.deleteFile(int, java.lang.String)[pri:0, instance:com.leedonline.testcases.DeleteFileTest@5bc79255] output={null}]]]>
              </value>
            </param>
          </params>
          <reporter-output>
          </reporter-output>
        </test-method> <!-- teardown -->
      </class> <!-- com.leedonline.testcases.DeleteFileTest -->
      <class name="com.leedonline.testcases.GetMemInfoApiTest">
        <test-method status="PASS" signature="setBaseUri()[pri:0, instance:com.leedonline.testcases.GetMemInfoApiTest@3e9b1010]" name="setBaseUri" is-config="true" duration-ms="15" started-at="2018-06-22T16:34:28Z" finished-at="2018-06-22T16:34:28Z">
          <reporter-output>
          </reporter-output>
        </test-method> <!-- setBaseUri -->
        <test-method status="PASS" signature="GetMemInfoApi(int, java.lang.String)[pri:0, instance:com.leedonline.testcases.GetMemInfoApiTest@3e9b1010]" name="GetMemInfoApi" duration-ms="892" started-at="2018-06-22T16:34:28Z" finished-at="2018-06-22T16:34:29Z">
          <params>
            <param index="0">
              <value>
                <![CDATA[2]]>
              </value>
            </param>
            <param index="1">
              <value>
                <![CDATA[STG]]>
              </value>
            </param>
          </params>
          <reporter-output>
          </reporter-output>
        </test-method> <!-- GetMemInfoApi -->
        <test-method status="PASS" signature="teardown(org.testng.ITestResult)[pri:0, instance:com.leedonline.testcases.GetMemInfoApiTest@3e9b1010]" name="teardown" is-config="true" duration-ms="201" started-at="2018-06-22T16:34:29Z" finished-at="2018-06-22T16:34:29Z">
          <params>
            <param index="0">
              <value>
                <![CDATA[[TestResult name=GetMemInfoApi status=SUCCESS method=GetMemInfoApiTest.GetMemInfoApi(int, java.lang.String)[pri:0, instance:com.leedonline.testcases.GetMemInfoApiTest@3e9b1010] output={null}]]]>
              </value>
            </param>
          </params>
          <reporter-output>
          </reporter-output>
        </test-method> <!-- teardown -->
      </class> <!-- com.leedonline.testcases.GetMemInfoApiTest -->
      <class name="com.leedonline.testcases.GetApiTestAccessDataTest">
        <test-method status="PASS" signature="setBaseUri()[pri:0, instance:com.leedonline.testcases.GetApiTestAccessDataTest@5a8e6209]" name="setBaseUri" is-config="true" duration-ms="15" started-at="2018-06-22T16:34:42Z" finished-at="2018-06-22T16:34:42Z">
          <reporter-output>
          </reporter-output>
        </test-method> <!-- setBaseUri -->
        <test-method status="PASS" signature="GetApiTestAccessData(int, java.lang.String)[pri:0, instance:com.leedonline.testcases.GetApiTestAccessDataTest@5a8e6209]" name="GetApiTestAccessData" duration-ms="888" started-at="2018-06-22T16:34:42Z" finished-at="2018-06-22T16:34:43Z">
          <params>
            <param index="0">
              <value>
                <![CDATA[2]]>
              </value>
            </param>
            <param index="1">
              <value>
                <![CDATA[STG]]>
              </value>
            </param>
          </params>
          <reporter-output>
          </reporter-output>
        </test-method> <!-- GetApiTestAccessData -->
        <test-method status="PASS" signature="teardown(org.testng.ITestResult)[pri:0, instance:com.leedonline.testcases.GetApiTestAccessDataTest@5a8e6209]" name="teardown" is-config="true" duration-ms="145" started-at="2018-06-22T16:34:43Z" finished-at="2018-06-22T16:34:43Z">
          <params>
            <param index="0">
              <value>
                <![CDATA[[TestResult name=GetApiTestAccessData status=SUCCESS method=GetApiTestAccessDataTest.GetApiTestAccessData(int, java.lang.String)[pri:0, instance:com.leedonline.testcases.GetApiTestAccessDataTest@5a8e6209] output={null}]]]>
              </value>
            </param>
          </params>
          <reporter-output>
          </reporter-output>
        </test-method> <!-- teardown -->
      </class> <!-- com.leedonline.testcases.GetApiTestAccessDataTest -->
      <class name="com.leedonline.testcases.PostApiTestAccessDataTest">
        <test-method status="PASS" signature="setBaseUri()[pri:0, instance:com.leedonline.testcases.PostApiTestAccessDataTest@2b9627bc]" name="setBaseUri" is-config="true" duration-ms="17" started-at="2018-06-22T16:34:55Z" finished-at="2018-06-22T16:34:55Z">
          <reporter-output>
          </reporter-output>
        </test-method> <!-- setBaseUri -->
        <test-method status="PASS" signature="PostApiTestAccessData(int, java.lang.String)[pri:0, instance:com.leedonline.testcases.PostApiTestAccessDataTest@2b9627bc]" name="PostApiTestAccessData" duration-ms="789" started-at="2018-06-22T16:34:55Z" finished-at="2018-06-22T16:34:56Z">
          <params>
            <param index="0">
              <value>
                <![CDATA[2]]>
              </value>
            </param>
            <param index="1">
              <value>
                <![CDATA[STG]]>
              </value>
            </param>
          </params>
          <reporter-output>
          </reporter-output>
        </test-method> <!-- PostApiTestAccessData -->
        <test-method status="PASS" signature="teardown(org.testng.ITestResult)[pri:0, instance:com.leedonline.testcases.PostApiTestAccessDataTest@2b9627bc]" name="teardown" is-config="true" duration-ms="224" started-at="2018-06-22T16:34:56Z" finished-at="2018-06-22T16:34:56Z">
          <params>
            <param index="0">
              <value>
                <![CDATA[[TestResult name=PostApiTestAccessData status=SUCCESS method=PostApiTestAccessDataTest.PostApiTestAccessData(int, java.lang.String)[pri:0, instance:com.leedonline.testcases.PostApiTestAccessDataTest@2b9627bc] output={null}]]]>
              </value>
            </param>
          </params>
          <reporter-output>
          </reporter-output>
        </test-method> <!-- teardown -->
      </class> <!-- com.leedonline.testcases.PostApiTestAccessDataTest -->
      <class name="com.leedonline.testcases.GetNonceApiTest">
        <test-method status="PASS" signature="setBaseUri()[pri:0, instance:com.leedonline.testcases.GetNonceApiTest@1d16f93d]" name="setBaseUri" is-config="true" duration-ms="15" started-at="2018-06-22T16:34:51Z" finished-at="2018-06-22T16:34:51Z">
          <reporter-output>
          </reporter-output>
        </test-method> <!-- setBaseUri -->
        <test-method status="PASS" signature="GetNonceApi(int, java.lang.String)[pri:0, instance:com.leedonline.testcases.GetNonceApiTest@1d16f93d]" name="GetNonceApi" duration-ms="818" started-at="2018-06-22T16:34:51Z" finished-at="2018-06-22T16:34:52Z">
          <params>
            <param index="0">
              <value>
                <![CDATA[2]]>
              </value>
            </param>
            <param index="1">
              <value>
                <![CDATA[STG]]>
              </value>
            </param>
          </params>
          <reporter-output>
          </reporter-output>
        </test-method> <!-- GetNonceApi -->
        <test-method status="PASS" signature="teardown(org.testng.ITestResult)[pri:0, instance:com.leedonline.testcases.GetNonceApiTest@1d16f93d]" name="teardown" is-config="true" duration-ms="159" started-at="2018-06-22T16:34:52Z" finished-at="2018-06-22T16:34:52Z">
          <params>
            <param index="0">
              <value>
                <![CDATA[[TestResult name=GetNonceApi status=SUCCESS method=GetNonceApiTest.GetNonceApi(int, java.lang.String)[pri:0, instance:com.leedonline.testcases.GetNonceApiTest@1d16f93d] output={null}]]]>
              </value>
            </param>
          </params>
          <reporter-output>
          </reporter-output>
        </test-method> <!-- teardown -->
      </class> <!-- com.leedonline.testcases.GetNonceApiTest -->
      <class name="com.leedonline.testcases.GetLeedProjectDetailsTypeTest">
        <test-method status="PASS" signature="setBaseUri()[pri:0, instance:com.leedonline.testcases.GetLeedProjectDetailsTypeTest@335eadca]" name="setBaseUri" is-config="true" duration-ms="17" started-at="2018-06-22T16:34:34Z" finished-at="2018-06-22T16:34:34Z">
          <reporter-output>
          </reporter-output>
        </test-method> <!-- setBaseUri -->
        <test-method status="PASS" signature="GetProjectDetailsType(int, java.lang.String)[pri:0, instance:com.leedonline.testcases.GetLeedProjectDetailsTypeTest@335eadca]" name="GetProjectDetailsType" duration-ms="811" started-at="2018-06-22T16:34:34Z" finished-at="2018-06-22T16:34:35Z">
          <params>
            <param index="0">
              <value>
                <![CDATA[2]]>
              </value>
            </param>
            <param index="1">
              <value>
                <![CDATA[STG]]>
              </value>
            </param>
          </params>
          <reporter-output>
          </reporter-output>
        </test-method> <!-- GetProjectDetailsType -->
        <test-method status="PASS" signature="teardown(org.testng.ITestResult)[pri:0, instance:com.leedonline.testcases.GetLeedProjectDetailsTypeTest@335eadca]" name="teardown" is-config="true" duration-ms="140" started-at="2018-06-22T16:34:35Z" finished-at="2018-06-22T16:34:35Z">
          <params>
            <param index="0">
              <value>
                <![CDATA[[TestResult name=GetProjectDetailsType status=SUCCESS method=GetLeedProjectDetailsTypeTest.GetProjectDetailsType(int, java.lang.String)[pri:0, instance:com.leedonline.testcases.GetLeedProjectDetailsTypeTest@335eadca] output={null}]]]>
              </value>
            </param>
          </params>
          <reporter-output>
          </reporter-output>
        </test-method> <!-- teardown -->
      </class> <!-- com.leedonline.testcases.GetLeedProjectDetailsTypeTest -->
      <class name="com.leedonline.testcases.GetCountryAndStateTest">
        <test-method status="PASS" signature="setBaseUri()[pri:0, instance:com.leedonline.testcases.GetCountryAndStateTest@6ddf90b0]" name="setBaseUri" is-config="true" duration-ms="22" started-at="2018-06-22T16:34:38Z" finished-at="2018-06-22T16:34:38Z">
          <reporter-output>
          </reporter-output>
        </test-method> <!-- setBaseUri -->
        <test-method status="PASS" signature="GetCountryAndStates(int, java.lang.String)[pri:0, instance:com.leedonline.testcases.GetCountryAndStateTest@6ddf90b0]" name="GetCountryAndStates" duration-ms="1204" started-at="2018-06-22T16:34:38Z" finished-at="2018-06-22T16:34:40Z">
          <params>
            <param index="0">
              <value>
                <![CDATA[2]]>
              </value>
            </param>
            <param index="1">
              <value>
                <![CDATA[STG]]>
              </value>
            </param>
          </params>
          <reporter-output>
          </reporter-output>
        </test-method> <!-- GetCountryAndStates -->
        <test-method status="PASS" signature="teardown(org.testng.ITestResult)[pri:0, instance:com.leedonline.testcases.GetCountryAndStateTest@6ddf90b0]" name="teardown" is-config="true" duration-ms="112" started-at="2018-06-22T16:34:40Z" finished-at="2018-06-22T16:34:40Z">
          <params>
            <param index="0">
              <value>
                <![CDATA[[TestResult name=GetCountryAndStates status=SUCCESS method=GetCountryAndStateTest.GetCountryAndStates(int, java.lang.String)[pri:0, instance:com.leedonline.testcases.GetCountryAndStateTest@6ddf90b0] output={null}]]]>
              </value>
            </param>
          </params>
          <reporter-output>
          </reporter-output>
        </test-method> <!-- teardown -->
      </class> <!-- com.leedonline.testcases.GetCountryAndStateTest -->
      <class name="com.leedonline.testcases.GetPriceReleatedInfoTest">
        <test-method status="PASS" signature="setBaseUri()[pri:0, instance:com.leedonline.testcases.GetPriceReleatedInfoTest@3b0143d3]" name="setBaseUri" is-config="true" duration-ms="17" started-at="2018-06-22T16:34:41Z" finished-at="2018-06-22T16:34:41Z">
          <reporter-output>
          </reporter-output>
        </test-method> <!-- setBaseUri -->
        <test-method status="PASS" signature="GetPriceReleatedInfo(int, java.lang.String)[pri:0, instance:com.leedonline.testcases.GetPriceReleatedInfoTest@3b0143d3]" name="GetPriceReleatedInfo" duration-ms="859" started-at="2018-06-22T16:34:41Z" finished-at="2018-06-22T16:34:42Z">
          <params>
            <param index="0">
              <value>
                <![CDATA[2]]>
              </value>
            </param>
            <param index="1">
              <value>
                <![CDATA[STG]]>
              </value>
            </param>
          </params>
          <reporter-output>
          </reporter-output>
        </test-method> <!-- GetPriceReleatedInfo -->
        <test-method status="PASS" signature="teardown(org.testng.ITestResult)[pri:0, instance:com.leedonline.testcases.GetPriceReleatedInfoTest@3b0143d3]" name="teardown" is-config="true" duration-ms="269" started-at="2018-06-22T16:34:42Z" finished-at="2018-06-22T16:34:42Z">
          <params>
            <param index="0">
              <value>
                <![CDATA[[TestResult name=GetPriceReleatedInfo status=SUCCESS method=GetPriceReleatedInfoTest.GetPriceReleatedInfo(int, java.lang.String)[pri:0, instance:com.leedonline.testcases.GetPriceReleatedInfoTest@3b0143d3] output={null}]]]>
              </value>
            </param>
          </params>
          <reporter-output>
          </reporter-output>
        </test-method> <!-- teardown -->
      </class> <!-- com.leedonline.testcases.GetPriceReleatedInfoTest -->
      <class name="com.leedonline.testcases.GetClientKeyApiTest">
        <test-method status="PASS" signature="setBaseUri()[pri:0, instance:com.leedonline.testcases.GetClientKeyApiTest@23e028a9]" name="setBaseUri" is-config="true" duration-ms="19" started-at="2018-06-22T16:35:10Z" finished-at="2018-06-22T16:35:10Z">
          <reporter-output>
          </reporter-output>
        </test-method> <!-- setBaseUri -->
        <test-method status="PASS" signature="GetClientKey(int, java.lang.String)[pri:0, instance:com.leedonline.testcases.GetClientKeyApiTest@23e028a9]" name="GetClientKey" duration-ms="1378" started-at="2018-06-22T16:35:10Z" finished-at="2018-06-22T16:35:11Z">
          <params>
            <param index="0">
              <value>
                <![CDATA[2]]>
              </value>
            </param>
            <param index="1">
              <value>
                <![CDATA[STG]]>
              </value>
            </param>
          </params>
          <reporter-output>
          </reporter-output>
        </test-method> <!-- GetClientKey -->
        <test-method status="PASS" signature="teardown(org.testng.ITestResult)[pri:0, instance:com.leedonline.testcases.GetClientKeyApiTest@23e028a9]" name="teardown" is-config="true" duration-ms="122" started-at="2018-06-22T16:35:11Z" finished-at="2018-06-22T16:35:11Z">
          <params>
            <param index="0">
              <value>
                <![CDATA[[TestResult name=GetClientKey status=SUCCESS method=GetClientKeyApiTest.GetClientKey(int, java.lang.String)[pri:0, instance:com.leedonline.testcases.GetClientKeyApiTest@23e028a9] output={null}]]]>
              </value>
            </param>
          </params>
          <reporter-output>
          </reporter-output>
        </test-method> <!-- teardown -->
      </class> <!-- com.leedonline.testcases.GetClientKeyApiTest -->
      <class name="com.leedonline.testcases.PostValidateSdnStatusTest">
        <test-method status="PASS" signature="setBaseUri()[pri:0, instance:com.leedonline.testcases.PostValidateSdnStatusTest@65e2dbf3]" name="setBaseUri" is-config="true" duration-ms="18" started-at="2018-06-22T16:34:56Z" finished-at="2018-06-22T16:34:56Z">
          <reporter-output>
          </reporter-output>
        </test-method> <!-- setBaseUri -->
        <test-method status="PASS" signature="PostValidateSdnStatus(int, java.lang.String)[pri:0, instance:com.leedonline.testcases.PostValidateSdnStatusTest@65e2dbf3]" name="PostValidateSdnStatus" duration-ms="1516" started-at="2018-06-22T16:34:56Z" finished-at="2018-06-22T16:34:58Z">
          <params>
            <param index="0">
              <value>
                <![CDATA[2]]>
              </value>
            </param>
            <param index="1">
              <value>
                <![CDATA[STG]]>
              </value>
            </param>
          </params>
          <reporter-output>
          </reporter-output>
        </test-method> <!-- PostValidateSdnStatus -->
        <test-method status="PASS" signature="teardown(org.testng.ITestResult)[pri:0, instance:com.leedonline.testcases.PostValidateSdnStatusTest@65e2dbf3]" name="teardown" is-config="true" duration-ms="140" started-at="2018-06-22T16:34:58Z" finished-at="2018-06-22T16:34:58Z">
          <params>
            <param index="0">
              <value>
                <![CDATA[[TestResult name=PostValidateSdnStatus status=SUCCESS method=PostValidateSdnStatusTest.PostValidateSdnStatus(int, java.lang.String)[pri:0, instance:com.leedonline.testcases.PostValidateSdnStatusTest@65e2dbf3] output={null}]]]>
              </value>
            </param>
          </params>
          <reporter-output>
          </reporter-output>
        </test-method> <!-- teardown -->
      </class> <!-- com.leedonline.testcases.PostValidateSdnStatusTest -->
      <class name="com.leedonline.testcases.GetLeedPricingDownloadUploadedExcelTest">
        <test-method status="PASS" signature="setBaseUri()[pri:0, instance:com.leedonline.testcases.GetLeedPricingDownloadUploadedExcelTest@1f28c152]" name="setBaseUri" is-config="true" duration-ms="13" started-at="2018-06-22T16:34:46Z" finished-at="2018-06-22T16:34:46Z">
          <reporter-output>
          </reporter-output>
        </test-method> <!-- setBaseUri -->
        <test-method status="PASS" signature="GetLeedPricingDownloadUploadedExcel(int, java.lang.String)[pri:0, instance:com.leedonline.testcases.GetLeedPricingDownloadUploadedExcelTest@1f28c152]" name="GetLeedPricingDownloadUploadedExcel" duration-ms="789" started-at="2018-06-22T16:34:46Z" finished-at="2018-06-22T16:34:47Z">
          <params>
            <param index="0">
              <value>
                <![CDATA[2]]>
              </value>
            </param>
            <param index="1">
              <value>
                <![CDATA[STG]]>
              </value>
            </param>
          </params>
          <reporter-output>
          </reporter-output>
        </test-method> <!-- GetLeedPricingDownloadUploadedExcel -->
        <test-method status="PASS" signature="teardown(org.testng.ITestResult)[pri:0, instance:com.leedonline.testcases.GetLeedPricingDownloadUploadedExcelTest@1f28c152]" name="teardown" is-config="true" duration-ms="165" started-at="2018-06-22T16:34:47Z" finished-at="2018-06-22T16:34:47Z">
          <params>
            <param index="0">
              <value>
                <![CDATA[[TestResult name=GetLeedPricingDownloadUploadedExcel status=SUCCESS method=GetLeedPricingDownloadUploadedExcelTest.GetLeedPricingDownloadUploadedExcel(int, java.lang.String)[pri:0, instance:com.leedonline.testcases.GetLeedPricingDownloadUploadedExcelTest@1f28c152] output={null}]]]>
              </value>
            </param>
          </params>
          <reporter-output>
          </reporter-output>
        </test-method> <!-- teardown -->
      </class> <!-- com.leedonline.testcases.GetLeedPricingDownloadUploadedExcelTest -->
      <class name="com.leedonline.testcases.PutFileUpdateLinkedIdInfoTest">
        <test-method status="PASS" signature="setBaseUri()[pri:0, instance:com.leedonline.testcases.PutFileUpdateLinkedIdInfoTest@7fac631b]" name="setBaseUri" is-config="true" duration-ms="17" started-at="2018-06-22T16:35:04Z" finished-at="2018-06-22T16:35:04Z">
          <reporter-output>
          </reporter-output>
        </test-method> <!-- setBaseUri -->
        <test-method status="PASS" signature="putFileUpdateLinkedIdInfo(int, java.lang.String)[pri:0, instance:com.leedonline.testcases.PutFileUpdateLinkedIdInfoTest@7fac631b]" name="putFileUpdateLinkedIdInfo" duration-ms="1405" started-at="2018-06-22T16:35:04Z" finished-at="2018-06-22T16:35:05Z">
          <params>
            <param index="0">
              <value>
                <![CDATA[2]]>
              </value>
            </param>
            <param index="1">
              <value>
                <![CDATA[STG]]>
              </value>
            </param>
          </params>
          <reporter-output>
          </reporter-output>
        </test-method> <!-- putFileUpdateLinkedIdInfo -->
        <test-method status="PASS" signature="teardown(org.testng.ITestResult)[pri:0, instance:com.leedonline.testcases.PutFileUpdateLinkedIdInfoTest@7fac631b]" name="teardown" is-config="true" duration-ms="180" started-at="2018-06-22T16:35:05Z" finished-at="2018-06-22T16:35:05Z">
          <params>
            <param index="0">
              <value>
                <![CDATA[[TestResult name=putFileUpdateLinkedIdInfo status=SUCCESS method=PutFileUpdateLinkedIdInfoTest.putFileUpdateLinkedIdInfo(int, java.lang.String)[pri:0, instance:com.leedonline.testcases.PutFileUpdateLinkedIdInfoTest@7fac631b] output={null}]]]>
              </value>
            </param>
          </params>
          <reporter-output>
          </reporter-output>
        </test-method> <!-- teardown -->
      </class> <!-- com.leedonline.testcases.PutFileUpdateLinkedIdInfoTest -->
      <class name="com.leedonline.testcases.GetPaymentSearchTest">
        <test-method status="PASS" signature="setBaseUri()[pri:0, instance:com.leedonline.testcases.GetPaymentSearchTest@7d907bac]" name="setBaseUri" is-config="true" duration-ms="21" started-at="2018-06-22T16:34:47Z" finished-at="2018-06-22T16:34:47Z">
          <reporter-output>
          </reporter-output>
        </test-method> <!-- setBaseUri -->
        <test-method status="PASS" signature="GetPaymentSearch(int, java.lang.String)[pri:0, instance:com.leedonline.testcases.GetPaymentSearchTest@7d907bac]" name="GetPaymentSearch" duration-ms="899" started-at="2018-06-22T16:34:47Z" finished-at="2018-06-22T16:34:48Z">
          <params>
            <param index="0">
              <value>
                <![CDATA[2]]>
              </value>
            </param>
            <param index="1">
              <value>
                <![CDATA[STG]]>
              </value>
            </param>
          </params>
          <reporter-output>
          </reporter-output>
        </test-method> <!-- GetPaymentSearch -->
        <test-method status="PASS" signature="teardown(org.testng.ITestResult)[pri:0, instance:com.leedonline.testcases.GetPaymentSearchTest@7d907bac]" name="teardown" is-config="true" duration-ms="143" started-at="2018-06-22T16:34:48Z" finished-at="2018-06-22T16:34:48Z">
          <params>
            <param index="0">
              <value>
                <![CDATA[[TestResult name=GetPaymentSearch status=SUCCESS method=GetPaymentSearchTest.GetPaymentSearch(int, java.lang.String)[pri:0, instance:com.leedonline.testcases.GetPaymentSearchTest@7d907bac] output={null}]]]>
              </value>
            </param>
          </params>
          <reporter-output>
          </reporter-output>
        </test-method> <!-- teardown -->
      </class> <!-- com.leedonline.testcases.GetPaymentSearchTest -->
      <class name="com.leedonline.testcases.GetFileDmsProxyTest">
        <test-method status="PASS" signature="setBaseUri()[pri:0, instance:com.leedonline.testcases.GetFileDmsProxyTest@7791a895]" name="setBaseUri" is-config="true" duration-ms="18" started-at="2018-06-22T16:34:48Z" finished-at="2018-06-22T16:34:48Z">
          <reporter-output>
          </reporter-output>
        </test-method> <!-- setBaseUri -->
        <test-method status="PASS" signature="GetFileDmsProxy(int, java.lang.String)[pri:0, instance:com.leedonline.testcases.GetFileDmsProxyTest@7791a895]" name="GetFileDmsProxy" duration-ms="852" started-at="2018-06-22T16:34:48Z" finished-at="2018-06-22T16:34:49Z">
          <params>
            <param index="0">
              <value>
                <![CDATA[2]]>
              </value>
            </param>
            <param index="1">
              <value>
                <![CDATA[STG]]>
              </value>
            </param>
          </params>
          <reporter-output>
          </reporter-output>
        </test-method> <!-- GetFileDmsProxy -->
        <test-method status="PASS" signature="teardown(org.testng.ITestResult)[pri:0, instance:com.leedonline.testcases.GetFileDmsProxyTest@7791a895]" name="teardown" is-config="true" duration-ms="171" started-at="2018-06-22T16:34:49Z" finished-at="2018-06-22T16:34:49Z">
          <params>
            <param index="0">
              <value>
                <![CDATA[[TestResult name=GetFileDmsProxy status=SUCCESS method=GetFileDmsProxyTest.GetFileDmsProxy(int, java.lang.String)[pri:0, instance:com.leedonline.testcases.GetFileDmsProxyTest@7791a895] output={null}]]]>
              </value>
            </param>
          </params>
          <reporter-output>
          </reporter-output>
        </test-method> <!-- teardown -->
      </class> <!-- com.leedonline.testcases.GetFileDmsProxyTest -->
      <class name="com.leedonline.testcases.GetInvalidateTokenApiTest">
        <test-method status="PASS" signature="setBaseUri()[pri:0, instance:com.leedonline.testcases.GetInvalidateTokenApiTest@47ef968d]" name="setBaseUri" is-config="true" duration-ms="14" started-at="2018-06-22T16:35:09Z" finished-at="2018-06-22T16:35:09Z">
          <reporter-output>
          </reporter-output>
        </test-method> <!-- setBaseUri -->
        <test-method status="PASS" signature="GetInvalidateTokenApi(int, java.lang.String)[pri:0, instance:com.leedonline.testcases.GetInvalidateTokenApiTest@47ef968d]" name="GetInvalidateTokenApi" duration-ms="728" started-at="2018-06-22T16:35:09Z" finished-at="2018-06-22T16:35:10Z">
          <params>
            <param index="0">
              <value>
                <![CDATA[2]]>
              </value>
            </param>
            <param index="1">
              <value>
                <![CDATA[STG]]>
              </value>
            </param>
          </params>
          <reporter-output>
          </reporter-output>
        </test-method> <!-- GetInvalidateTokenApi -->
        <test-method status="PASS" signature="teardown(org.testng.ITestResult)[pri:0, instance:com.leedonline.testcases.GetInvalidateTokenApiTest@47ef968d]" name="teardown" is-config="true" duration-ms="135" started-at="2018-06-22T16:35:10Z" finished-at="2018-06-22T16:35:10Z">
          <params>
            <param index="0">
              <value>
                <![CDATA[[TestResult name=GetInvalidateTokenApi status=SUCCESS method=GetInvalidateTokenApiTest.GetInvalidateTokenApi(int, java.lang.String)[pri:0, instance:com.leedonline.testcases.GetInvalidateTokenApiTest@47ef968d] output={null}]]]>
              </value>
            </param>
          </params>
          <reporter-output>
          </reporter-output>
        </test-method> <!-- teardown -->
      </class> <!-- com.leedonline.testcases.GetInvalidateTokenApiTest -->
      <class name="com.leedonline.testcases.PutLeedProjectDetailsTest">
        <test-method status="PASS" signature="setBaseUri()[pri:0, instance:com.leedonline.testcases.PutLeedProjectDetailsTest@887af79]" name="setBaseUri" is-config="true" duration-ms="11" started-at="2018-06-22T16:35:02Z" finished-at="2018-06-22T16:35:02Z">
          <reporter-output>
          </reporter-output>
        </test-method> <!-- setBaseUri -->
        <test-method status="PASS" signature="putApiProjectDetails(int, java.lang.String)[pri:0, instance:com.leedonline.testcases.PutLeedProjectDetailsTest@887af79]" name="putApiProjectDetails" duration-ms="1293" started-at="2018-06-22T16:35:02Z" finished-at="2018-06-22T16:35:03Z">
          <params>
            <param index="0">
              <value>
                <![CDATA[2]]>
              </value>
            </param>
            <param index="1">
              <value>
                <![CDATA[STG]]>
              </value>
            </param>
          </params>
          <reporter-output>
          </reporter-output>
        </test-method> <!-- putApiProjectDetails -->
        <test-method status="PASS" signature="teardown(org.testng.ITestResult)[pri:0, instance:com.leedonline.testcases.PutLeedProjectDetailsTest@887af79]" name="teardown" is-config="true" duration-ms="279" started-at="2018-06-22T16:35:03Z" finished-at="2018-06-22T16:35:04Z">
          <params>
            <param index="0">
              <value>
                <![CDATA[[TestResult name=putApiProjectDetails status=SUCCESS method=PutLeedProjectDetailsTest.putApiProjectDetails(int, java.lang.String)[pri:0, instance:com.leedonline.testcases.PutLeedProjectDetailsTest@887af79] output={null}]]]>
              </value>
            </param>
          </params>
          <reporter-output>
          </reporter-output>
        </test-method> <!-- teardown -->
      </class> <!-- com.leedonline.testcases.PutLeedProjectDetailsTest -->
      <class name="com.leedonline.testcases.GetPaymentsInfoTest">
        <test-method status="PASS" signature="setBaseUri()[pri:0, instance:com.leedonline.testcases.GetPaymentsInfoTest@6325a3ee]" name="setBaseUri" is-config="true" duration-ms="12" started-at="2018-06-22T16:34:51Z" finished-at="2018-06-22T16:34:51Z">
          <reporter-output>
          </reporter-output>
        </test-method> <!-- setBaseUri -->
        <test-method status="PASS" signature="GetPaymentInfo(int, java.lang.String)[pri:0, instance:com.leedonline.testcases.GetPaymentsInfoTest@6325a3ee]" name="GetPaymentInfo" duration-ms="646" started-at="2018-06-22T16:34:51Z" finished-at="2018-06-22T16:34:51Z">
          <params>
            <param index="0">
              <value>
                <![CDATA[2]]>
              </value>
            </param>
            <param index="1">
              <value>
                <![CDATA[STG]]>
              </value>
            </param>
          </params>
          <reporter-output>
          </reporter-output>
        </test-method> <!-- GetPaymentInfo -->
        <test-method status="PASS" signature="teardown(org.testng.ITestResult)[pri:0, instance:com.leedonline.testcases.GetPaymentsInfoTest@6325a3ee]" name="teardown" is-config="true" duration-ms="150" started-at="2018-06-22T16:34:51Z" finished-at="2018-06-22T16:34:51Z">
          <params>
            <param index="0">
              <value>
                <![CDATA[[TestResult name=GetPaymentInfo status=SUCCESS method=GetPaymentsInfoTest.GetPaymentInfo(int, java.lang.String)[pri:0, instance:com.leedonline.testcases.GetPaymentsInfoTest@6325a3ee] output={null}]]]>
              </value>
            </param>
          </params>
          <reporter-output>
          </reporter-output>
        </test-method> <!-- teardown -->
      </class> <!-- com.leedonline.testcases.GetPaymentsInfoTest -->
      <class name="com.leedonline.testcases.DeleteApiTestAccessDataTest">
        <test-method status="PASS" signature="setBaseUri()[pri:0, instance:com.leedonline.testcases.DeleteApiTestAccessDataTest@6e0e048a]" name="setBaseUri" is-config="true" duration-ms="21" started-at="2018-06-22T16:35:07Z" finished-at="2018-06-22T16:35:07Z">
          <reporter-output>
          </reporter-output>
        </test-method> <!-- setBaseUri -->
        <test-method status="PASS" signature="deleteApiTestAccessData(int, java.lang.String)[pri:0, instance:com.leedonline.testcases.DeleteApiTestAccessDataTest@6e0e048a]" name="deleteApiTestAccessData" duration-ms="1024" started-at="2018-06-22T16:35:07Z" finished-at="2018-06-22T16:35:08Z">
          <params>
            <param index="0">
              <value>
                <![CDATA[2]]>
              </value>
            </param>
            <param index="1">
              <value>
                <![CDATA[STG]]>
              </value>
            </param>
          </params>
          <reporter-output>
          </reporter-output>
        </test-method> <!-- deleteApiTestAccessData -->
        <test-method status="PASS" signature="teardown(org.testng.ITestResult)[pri:0, instance:com.leedonline.testcases.DeleteApiTestAccessDataTest@6e0e048a]" name="teardown" is-config="true" duration-ms="186" started-at="2018-06-22T16:35:08Z" finished-at="2018-06-22T16:35:08Z">
          <params>
            <param index="0">
              <value>
                <![CDATA[[TestResult name=deleteApiTestAccessData status=SUCCESS method=DeleteApiTestAccessDataTest.deleteApiTestAccessData(int, java.lang.String)[pri:0, instance:com.leedonline.testcases.DeleteApiTestAccessDataTest@6e0e048a] output={null}]]]>
              </value>
            </param>
          </params>
          <reporter-output>
          </reporter-output>
        </test-method> <!-- teardown -->
      </class> <!-- com.leedonline.testcases.DeleteApiTestAccessDataTest -->
      <class name="com.leedonline.testcases.GetLeedMoreInfoTest">
        <test-method status="PASS" signature="setBaseUri()[pri:0, instance:com.leedonline.testcases.GetLeedMoreInfoTest@185d8b6]" name="setBaseUri" is-config="true" duration-ms="23" started-at="2018-06-22T16:34:32Z" finished-at="2018-06-22T16:34:32Z">
          <reporter-output>
          </reporter-output>
        </test-method> <!-- setBaseUri -->
        <test-method status="PASS" signature="GetLeedMoreInfo(int, java.lang.String)[pri:0, instance:com.leedonline.testcases.GetLeedMoreInfoTest@185d8b6]" name="GetLeedMoreInfo" duration-ms="1498" started-at="2018-06-22T16:34:32Z" finished-at="2018-06-22T16:34:33Z">
          <params>
            <param index="0">
              <value>
                <![CDATA[2]]>
              </value>
            </param>
            <param index="1">
              <value>
                <![CDATA[STG]]>
              </value>
            </param>
          </params>
          <reporter-output>
          </reporter-output>
        </test-method> <!-- GetLeedMoreInfo -->
        <test-method status="PASS" signature="teardown(org.testng.ITestResult)[pri:0, instance:com.leedonline.testcases.GetLeedMoreInfoTest@185d8b6]" name="teardown" is-config="true" duration-ms="168" started-at="2018-06-22T16:34:33Z" finished-at="2018-06-22T16:34:33Z">
          <params>
            <param index="0">
              <value>
                <![CDATA[[TestResult name=GetLeedMoreInfo status=SUCCESS method=GetLeedMoreInfoTest.GetLeedMoreInfo(int, java.lang.String)[pri:0, instance:com.leedonline.testcases.GetLeedMoreInfoTest@185d8b6] output={null}]]]>
              </value>
            </param>
          </params>
          <reporter-output>
          </reporter-output>
        </test-method> <!-- teardown -->
      </class> <!-- com.leedonline.testcases.GetLeedMoreInfoTest -->
      <class name="com.leedonline.testcases.GetFileDownloadUrlTest">
        <test-method status="PASS" signature="setBaseUri()[pri:0, instance:com.leedonline.testcases.GetFileDownloadUrlTest@18eed359]" name="setBaseUri" is-config="true" duration-ms="19" started-at="2018-06-22T16:34:27Z" finished-at="2018-06-22T16:34:27Z">
          <reporter-output>
          </reporter-output>
        </test-method> <!-- setBaseUri -->
        <test-method status="PASS" signature="GetFileDownloadUrl(int, java.lang.String)[pri:0, instance:com.leedonline.testcases.GetFileDownloadUrlTest@18eed359]" name="GetFileDownloadUrl" duration-ms="576" started-at="2018-06-22T16:34:27Z" finished-at="2018-06-22T16:34:28Z">
          <params>
            <param index="0">
              <value>
                <![CDATA[2]]>
              </value>
            </param>
            <param index="1">
              <value>
                <![CDATA[STG]]>
              </value>
            </param>
          </params>
          <reporter-output>
          </reporter-output>
        </test-method> <!-- GetFileDownloadUrl -->
        <test-method status="PASS" signature="teardown(org.testng.ITestResult)[pri:0, instance:com.leedonline.testcases.GetFileDownloadUrlTest@18eed359]" name="teardown" is-config="true" duration-ms="95" started-at="2018-06-22T16:34:28Z" finished-at="2018-06-22T16:34:28Z">
          <params>
            <param index="0">
              <value>
                <![CDATA[[TestResult name=GetFileDownloadUrl status=SUCCESS method=GetFileDownloadUrlTest.GetFileDownloadUrl(int, java.lang.String)[pri:0, instance:com.leedonline.testcases.GetFileDownloadUrlTest@18eed359] output={null}]]]>
              </value>
            </param>
          </params>
          <reporter-output>
          </reporter-output>
        </test-method> <!-- teardown -->
      </class> <!-- com.leedonline.testcases.GetFileDownloadUrlTest -->
      <class name="com.leedonline.testcases.GetTaxForAmountTest">
        <test-method status="PASS" signature="setBaseUri()[pri:0, instance:com.leedonline.testcases.GetTaxForAmountTest@57536d79]" name="setBaseUri" is-config="true" duration-ms="21" started-at="2018-06-22T16:34:40Z" finished-at="2018-06-22T16:34:40Z">
          <reporter-output>
          </reporter-output>
        </test-method> <!-- setBaseUri -->
        <test-method status="PASS" signature="GetTaxForAmount(int, java.lang.String)[pri:0, instance:com.leedonline.testcases.GetTaxForAmountTest@57536d79]" name="GetTaxForAmount" duration-ms="927" started-at="2018-06-22T16:34:40Z" finished-at="2018-06-22T16:34:41Z">
          <params>
            <param index="0">
              <value>
                <![CDATA[2]]>
              </value>
            </param>
            <param index="1">
              <value>
                <![CDATA[STG]]>
              </value>
            </param>
          </params>
          <reporter-output>
          </reporter-output>
        </test-method> <!-- GetTaxForAmount -->
        <test-method status="PASS" signature="teardown(org.testng.ITestResult)[pri:0, instance:com.leedonline.testcases.GetTaxForAmountTest@57536d79]" name="teardown" is-config="true" duration-ms="134" started-at="2018-06-22T16:34:41Z" finished-at="2018-06-22T16:34:41Z">
          <params>
            <param index="0">
              <value>
                <![CDATA[[TestResult name=GetTaxForAmount status=SUCCESS method=GetTaxForAmountTest.GetTaxForAmount(int, java.lang.String)[pri:0, instance:com.leedonline.testcases.GetTaxForAmountTest@57536d79] output={null}]]]>
              </value>
            </param>
          </params>
          <reporter-output>
          </reporter-output>
        </test-method> <!-- teardown -->
      </class> <!-- com.leedonline.testcases.GetTaxForAmountTest -->
      <class name="com.leedonline.testcases.PutApiTestAccessDataTest">
        <test-method status="PASS" signature="setBaseUri()[pri:0, instance:com.leedonline.testcases.PutApiTestAccessDataTest@7b49cea0]" name="setBaseUri" is-config="true" duration-ms="16" started-at="2018-06-22T16:35:01Z" finished-at="2018-06-22T16:35:01Z">
          <reporter-output>
          </reporter-output>
        </test-method> <!-- setBaseUri -->
        <test-method status="PASS" signature="putApiTestAccess(int, java.lang.String)[pri:0, instance:com.leedonline.testcases.PutApiTestAccessDataTest@7b49cea0]" name="putApiTestAccess" duration-ms="939" started-at="2018-06-22T16:35:01Z" finished-at="2018-06-22T16:35:02Z">
          <params>
            <param index="0">
              <value>
                <![CDATA[2]]>
              </value>
            </param>
            <param index="1">
              <value>
                <![CDATA[STG]]>
              </value>
            </param>
          </params>
          <reporter-output>
          </reporter-output>
        </test-method> <!-- putApiTestAccess -->
        <test-method status="PASS" signature="teardown(org.testng.ITestResult)[pri:0, instance:com.leedonline.testcases.PutApiTestAccessDataTest@7b49cea0]" name="teardown" is-config="true" duration-ms="111" started-at="2018-06-22T16:35:02Z" finished-at="2018-06-22T16:35:02Z">
          <params>
            <param index="0">
              <value>
                <![CDATA[[TestResult name=putApiTestAccess status=SUCCESS method=PutApiTestAccessDataTest.putApiTestAccess(int, java.lang.String)[pri:0, instance:com.leedonline.testcases.PutApiTestAccessDataTest@7b49cea0] output={null}]]]>
              </value>
            </param>
          </params>
          <reporter-output>
          </reporter-output>
        </test-method> <!-- teardown -->
      </class> <!-- com.leedonline.testcases.PutApiTestAccessDataTest -->
      <class name="com.leedonline.testcases.GetFilesListTest">
        <test-method status="PASS" signature="setBaseUri()[pri:0, instance:com.leedonline.testcases.GetFilesListTest@6536e911]" name="setBaseUri" is-config="true" duration-ms="48" started-at="2018-06-22T16:34:24Z" finished-at="2018-06-22T16:34:24Z">
          <reporter-output>
          </reporter-output>
        </test-method> <!-- setBaseUri -->
        <test-method status="PASS" signature="GetFilesList(int, java.lang.String)[pri:0, instance:com.leedonline.testcases.GetFilesListTest@6536e911]" name="GetFilesList" duration-ms="2213" started-at="2018-06-22T16:34:24Z" finished-at="2018-06-22T16:34:26Z">
          <params>
            <param index="0">
              <value>
                <![CDATA[2]]>
              </value>
            </param>
            <param index="1">
              <value>
                <![CDATA[STG]]>
              </value>
            </param>
          </params>
          <reporter-output>
          </reporter-output>
        </test-method> <!-- GetFilesList -->
        <test-method status="PASS" signature="teardown(org.testng.ITestResult)[pri:0, instance:com.leedonline.testcases.GetFilesListTest@6536e911]" name="teardown" is-config="true" duration-ms="242" started-at="2018-06-22T16:34:26Z" finished-at="2018-06-22T16:34:26Z">
          <params>
            <param index="0">
              <value>
                <![CDATA[[TestResult name=GetFilesList status=SUCCESS method=GetFilesListTest.GetFilesList(int, java.lang.String)[pri:0, instance:com.leedonline.testcases.GetFilesListTest@6536e911] output={null}]]]>
              </value>
            </param>
          </params>
          <reporter-output>
          </reporter-output>
        </test-method> <!-- teardown -->
      </class> <!-- com.leedonline.testcases.GetFilesListTest -->
      <class name="com.leedonline.testcases.PostValidatePostalCodeTest">
        <test-method status="PASS" signature="setBaseUri()[pri:0, instance:com.leedonline.testcases.PostValidatePostalCodeTest@61f8bee4]" name="setBaseUri" is-config="true" duration-ms="12" started-at="2018-06-22T16:35:00Z" finished-at="2018-06-22T16:35:00Z">
          <reporter-output>
          </reporter-output>
        </test-method> <!-- setBaseUri -->
        <test-method status="PASS" signature="PostValidatePostalCode(int, java.lang.String)[pri:0, instance:com.leedonline.testcases.PostValidatePostalCodeTest@61f8bee4]" name="PostValidatePostalCode" duration-ms="1039" started-at="2018-06-22T16:35:00Z" finished-at="2018-06-22T16:35:01Z">
          <params>
            <param index="0">
              <value>
                <![CDATA[2]]>
              </value>
            </param>
            <param index="1">
              <value>
                <![CDATA[STG]]>
              </value>
            </param>
          </params>
          <reporter-output>
          </reporter-output>
        </test-method> <!-- PostValidatePostalCode -->
        <test-method status="PASS" signature="teardown(org.testng.ITestResult)[pri:0, instance:com.leedonline.testcases.PostValidatePostalCodeTest@61f8bee4]" name="teardown" is-config="true" duration-ms="132" started-at="2018-06-22T16:35:01Z" finished-at="2018-06-22T16:35:01Z">
          <params>
            <param index="0">
              <value>
                <![CDATA[[TestResult name=PostValidatePostalCode status=SUCCESS method=PostValidatePostalCodeTest.PostValidatePostalCode(int, java.lang.String)[pri:0, instance:com.leedonline.testcases.PostValidatePostalCodeTest@61f8bee4] output={null}]]]>
              </value>
            </param>
          </params>
          <reporter-output>
          </reporter-output>
        </test-method> <!-- teardown -->
      </class> <!-- com.leedonline.testcases.PostValidatePostalCodeTest -->
      <class name="com.leedonline.testcases.GetClarificationTypeTest">
        <test-method status="PASS" signature="setBaseUri()[pri:0, instance:com.leedonline.testcases.GetClarificationTypeTest@2b2948e2]" name="setBaseUri" is-config="true" duration-ms="17" started-at="2018-06-22T16:34:37Z" finished-at="2018-06-22T16:34:37Z">
          <reporter-output>
          </reporter-output>
        </test-method> <!-- setBaseUri -->
        <test-method status="PASS" signature="GetClarificationType(int, java.lang.String)[pri:0, instance:com.leedonline.testcases.GetClarificationTypeTest@2b2948e2]" name="GetClarificationType" duration-ms="867" started-at="2018-06-22T16:34:37Z" finished-at="2018-06-22T16:34:38Z">
          <params>
            <param index="0">
              <value>
                <![CDATA[2]]>
              </value>
            </param>
            <param index="1">
              <value>
                <![CDATA[STG]]>
              </value>
            </param>
          </params>
          <reporter-output>
          </reporter-output>
        </test-method> <!-- GetClarificationType -->
        <test-method status="PASS" signature="teardown(org.testng.ITestResult)[pri:0, instance:com.leedonline.testcases.GetClarificationTypeTest@2b2948e2]" name="teardown" is-config="true" duration-ms="199" started-at="2018-06-22T16:34:38Z" finished-at="2018-06-22T16:34:38Z">
          <params>
            <param index="0">
              <value>
                <![CDATA[[TestResult name=GetClarificationType status=SUCCESS method=GetClarificationTypeTest.GetClarificationType(int, java.lang.String)[pri:0, instance:com.leedonline.testcases.GetClarificationTypeTest@2b2948e2] output={null}]]]>
              </value>
            </param>
          </params>
          <reporter-output>
          </reporter-output>
        </test-method> <!-- teardown -->
      </class> <!-- com.leedonline.testcases.GetClarificationTypeTest -->
      <class name="com.leedonline.testcases.GetLeedPricingPriceVersionInfoTest">
        <test-method status="PASS" signature="setBaseUri()[pri:0, instance:com.leedonline.testcases.GetLeedPricingPriceVersionInfoTest@369f73a2]" name="setBaseUri" is-config="true" duration-ms="20" started-at="2018-06-22T16:34:45Z" finished-at="2018-06-22T16:34:45Z">
          <reporter-output>
          </reporter-output>
        </test-method> <!-- setBaseUri -->
        <test-method status="PASS" signature="GetLeedPricingPriceVersionInfo(int, java.lang.String)[pri:0, instance:com.leedonline.testcases.GetLeedPricingPriceVersionInfoTest@369f73a2]" name="GetLeedPricingPriceVersionInfo" duration-ms="921" started-at="2018-06-22T16:34:45Z" finished-at="2018-06-22T16:34:46Z">
          <params>
            <param index="0">
              <value>
                <![CDATA[2]]>
              </value>
            </param>
            <param index="1">
              <value>
                <![CDATA[STG]]>
              </value>
            </param>
          </params>
          <reporter-output>
          </reporter-output>
        </test-method> <!-- GetLeedPricingPriceVersionInfo -->
        <test-method status="PASS" signature="teardown(org.testng.ITestResult)[pri:0, instance:com.leedonline.testcases.GetLeedPricingPriceVersionInfoTest@369f73a2]" name="teardown" is-config="true" duration-ms="129" started-at="2018-06-22T16:34:46Z" finished-at="2018-06-22T16:34:46Z">
          <params>
            <param index="0">
              <value>
                <![CDATA[[TestResult name=GetLeedPricingPriceVersionInfo status=SUCCESS method=GetLeedPricingPriceVersionInfoTest.GetLeedPricingPriceVersionInfo(int, java.lang.String)[pri:0, instance:com.leedonline.testcases.GetLeedPricingPriceVersionInfoTest@369f73a2] output={null}]]]>
              </value>
            </param>
          </params>
          <reporter-output>
          </reporter-output>
        </test-method> <!-- teardown -->
      </class> <!-- com.leedonline.testcases.GetLeedPricingPriceVersionInfoTest -->
      <class name="com.leedonline.testcases.GetLeedInfoTest">
        <test-method status="PASS" signature="setBaseUri()[pri:0, instance:com.leedonline.testcases.GetLeedInfoTest@6c3708b3]" name="setBaseUri" is-config="true" duration-ms="28" started-at="2018-06-22T16:34:29Z" finished-at="2018-06-22T16:34:29Z">
          <reporter-output>
          </reporter-output>
        </test-method> <!-- setBaseUri -->
        <test-method status="PASS" signature="GetLeedInfo(int, java.lang.String)[pri:0, instance:com.leedonline.testcases.GetLeedInfoTest@6c3708b3]" name="GetLeedInfo" duration-ms="1114" started-at="2018-06-22T16:34:29Z" finished-at="2018-06-22T16:34:30Z">
          <params>
            <param index="0">
              <value>
                <![CDATA[2]]>
              </value>
            </param>
            <param index="1">
              <value>
                <![CDATA[STG]]>
              </value>
            </param>
          </params>
          <reporter-output>
          </reporter-output>
        </test-method> <!-- GetLeedInfo -->
        <test-method status="PASS" signature="teardown(org.testng.ITestResult)[pri:0, instance:com.leedonline.testcases.GetLeedInfoTest@6c3708b3]" name="teardown" is-config="true" duration-ms="229" started-at="2018-06-22T16:34:30Z" finished-at="2018-06-22T16:34:31Z">
          <params>
            <param index="0">
              <value>
                <![CDATA[[TestResult name=GetLeedInfo status=SUCCESS method=GetLeedInfoTest.GetLeedInfo(int, java.lang.String)[pri:0, instance:com.leedonline.testcases.GetLeedInfoTest@6c3708b3] output={null}]]]>
              </value>
            </param>
          </params>
          <reporter-output>
          </reporter-output>
        </test-method> <!-- teardown -->
      </class> <!-- com.leedonline.testcases.GetLeedInfoTest -->
      <class name="com.leedonline.testcases.GetLeedProjectDownloadTest">
        <test-method status="PASS" signature="setBaseUri()[pri:0, instance:com.leedonline.testcases.GetLeedProjectDownloadTest@520a3426]" name="setBaseUri" is-config="true" duration-ms="38" started-at="2018-06-22T16:34:26Z" finished-at="2018-06-22T16:34:27Z">
          <reporter-output>
          </reporter-output>
        </test-method> <!-- setBaseUri -->
        <test-method status="FAIL" signature="GetLeedProjectDownload(int, java.lang.String)[pri:0, instance:com.leedonline.testcases.GetLeedProjectDownloadTest@520a3426]" name="GetLeedProjectDownload" duration-ms="717" started-at="2018-06-22T16:34:27Z" finished-at="2018-06-22T16:34:27Z">
          <params>
            <param index="0">
              <value>
                <![CDATA[2]]>
              </value>
            </param>
            <param index="1">
              <value>
                <![CDATA[STG]]>
              </value>
            </param>
          </params>
          <exception class="java.lang.AssertionError">
            <message>
              <![CDATA[1 expectation failed.
Expected status code <200> doesn't match actual status code <400>.
]]>
            </message>
            <full-stacktrace>
              <![CDATA[java.lang.AssertionError: 1 expectation failed.
Expected status code <200> doesn't match actual status code <400>.

	at sun.reflect.NativeConstructorAccessorImpl.newInstance0(Native Method)
	at sun.reflect.NativeConstructorAccessorImpl.newInstance(NativeConstructorAccessorImpl.java:62)
	at sun.reflect.DelegatingConstructorAccessorImpl.newInstance(DelegatingConstructorAccessorImpl.java:45)
	at java.lang.reflect.Constructor.newInstance(Constructor.java:423)
	at org.codehaus.groovy.reflection.CachedConstructor.invoke(CachedConstructor.java:80)
	at org.codehaus.groovy.reflection.CachedConstructor.doConstructorInvoke(CachedConstructor.java:74)
	at org.codehaus.groovy.runtime.callsite.ConstructorSite$ConstructorSiteNoUnwrap.callConstructor(ConstructorSite.java:84)
	at org.codehaus.groovy.runtime.callsite.CallSiteArray.defaultCallConstructor(CallSiteArray.java:60)
	at org.codehaus.groovy.runtime.callsite.AbstractCallSite.callConstructor(AbstractCallSite.java:235)
	at org.codehaus.groovy.runtime.callsite.AbstractCallSite.callConstructor(AbstractCallSite.java:247)
	at com.jayway.restassured.internal.ResponseSpecificationImpl$HamcrestAssertionClosure.validate(ResponseSpecificationImpl.groovy:598)
	at com.jayway.restassured.internal.ResponseSpecificationImpl$HamcrestAssertionClosure$validate$1.call(Unknown Source)
	at com.jayway.restassured.internal.ResponseSpecificationImpl.validateResponseIfRequired(ResponseSpecificationImpl.groovy:760)
	at sun.reflect.NativeMethodAccessorImpl.invoke0(Native Method)
	at sun.reflect.NativeMethodAccessorImpl.invoke(NativeMethodAccessorImpl.java:62)
	at sun.reflect.DelegatingMethodAccessorImpl.invoke(DelegatingMethodAccessorImpl.java:43)
	at java.lang.reflect.Method.invoke(Method.java:498)
	at org.codehaus.groovy.runtime.callsite.PogoMetaMethodSite$PogoCachedMethodSiteNoUnwrapNoCoerce.invoke(PogoMetaMethodSite.java:210)
	at org.codehaus.groovy.runtime.callsite.PogoMetaMethodSite.callCurrent(PogoMetaMethodSite.java:59)
	at org.codehaus.groovy.runtime.callsite.AbstractCallSite.callCurrent(AbstractCallSite.java:166)
	at com.jayway.restassured.internal.ResponseSpecificationImpl.statusCode(ResponseSpecificationImpl.groovy:120)
	at com.jayway.restassured.specification.ResponseSpecification$statusCode$0.callCurrent(Unknown Source)
	at com.jayway.restassured.internal.ResponseSpecificationImpl.statusCode(ResponseSpecificationImpl.groovy:128)
	at com.jayway.restassured.internal.ValidatableResponseOptionsImpl.statusCode(ValidatableResponseOptionsImpl.java:117)
	at com.leedonline.testcases.GetLeedProjectDownloadTest.GetLeedProjectDownload(GetLeedProjectDownloadTest.java:55)
	at sun.reflect.NativeMethodAccessorImpl.invoke0(Native Method)
	at sun.reflect.NativeMethodAccessorImpl.invoke(NativeMethodAccessorImpl.java:62)
	at sun.reflect.DelegatingMethodAccessorImpl.invoke(DelegatingMethodAccessorImpl.java:43)
	at java.lang.reflect.Method.invoke(Method.java:498)
	at org.testng.internal.MethodInvocationHelper.invokeMethod(MethodInvocationHelper.java:86)
	at org.testng.internal.Invoker.invokeMethod(Invoker.java:643)
	at org.testng.internal.Invoker.invokeTestMethod(Invoker.java:820)
	at org.testng.internal.Invoker.invokeTestMethods(Invoker.java:1128)
	at org.testng.internal.TestMethodWorker.invokeTestMethods(TestMethodWorker.java:129)
	at org.testng.internal.TestMethodWorker.run(TestMethodWorker.java:112)
	at org.testng.TestRunner.privateRun(TestRunner.java:782)
	at org.testng.TestRunner.run(TestRunner.java:632)
	at org.testng.SuiteRunner.runTest(SuiteRunner.java:366)
	at org.testng.SuiteRunner.runSequentially(SuiteRunner.java:361)
	at org.testng.SuiteRunner.privateRun(SuiteRunner.java:319)
	at org.testng.SuiteRunner.run(SuiteRunner.java:268)
	at org.testng.SuiteRunnerWorker.runSuite(SuiteRunnerWorker.java:52)
	at org.testng.SuiteRunnerWorker.run(SuiteRunnerWorker.java:86)
	at org.testng.TestNG.runSuitesSequentially(TestNG.java:1244)
	at org.testng.TestNG.runSuitesLocally(TestNG.java:1169)
	at org.testng.TestNG.run(TestNG.java:1064)
	at org.testng.remote.AbstractRemoteTestNG.run(AbstractRemoteTestNG.java:114)
	at org.testng.remote.RemoteTestNG.initAndRun(RemoteTestNG.java:251)
	at org.testng.remote.RemoteTestNG.main(RemoteTestNG.java:77)
]]>
            </full-stacktrace>
          </exception> <!-- java.lang.AssertionError -->
          <reporter-output>
          </reporter-output>
        </test-method> <!-- GetLeedProjectDownload -->
        <test-method status="PASS" signature="teardown(org.testng.ITestResult)[pri:0, instance:com.leedonline.testcases.GetLeedProjectDownloadTest@520a3426]" name="teardown" is-config="true" duration-ms="93" started-at="2018-06-22T16:34:27Z" finished-at="2018-06-22T16:34:27Z">
          <params>
            <param index="0">
              <value>
                <![CDATA[[TestResult name=GetLeedProjectDownload status=FAILURE method=GetLeedProjectDownloadTest.GetLeedProjectDownload(int, java.lang.String)[pri:0, instance:com.leedonline.testcases.GetLeedProjectDownloadTest@520a3426] output={null}]]]>
              </value>
            </param>
          </params>
          <reporter-output>
          </reporter-output>
        </test-method> <!-- teardown -->
      </class> <!-- com.leedonline.testcases.GetLeedProjectDownloadTest -->
      <class name="com.leedonline.testcases.GetLeedPricingVersionPricesInfoTest">
        <test-method status="PASS" signature="setBaseUri()[pri:0, instance:com.leedonline.testcases.GetLeedPricingVersionPricesInfoTest@731a74c]" name="setBaseUri" is-config="true" duration-ms="20" started-at="2018-06-22T16:34:44Z" finished-at="2018-06-22T16:34:44Z">
          <reporter-output>
          </reporter-output>
        </test-method> <!-- setBaseUri -->
        <test-method status="PASS" signature="GetLeedPricingVersionPricesInfo(int, java.lang.String)[pri:0, instance:com.leedonline.testcases.GetLeedPricingVersionPricesInfoTest@731a74c]" name="GetLeedPricingVersionPricesInfo" duration-ms="1013" started-at="2018-06-22T16:34:44Z" finished-at="2018-06-22T16:34:45Z">
          <params>
            <param index="0">
              <value>
                <![CDATA[2]]>
              </value>
            </param>
            <param index="1">
              <value>
                <![CDATA[STG]]>
              </value>
            </param>
          </params>
          <reporter-output>
          </reporter-output>
        </test-method> <!-- GetLeedPricingVersionPricesInfo -->
        <test-method status="PASS" signature="teardown(org.testng.ITestResult)[pri:0, instance:com.leedonline.testcases.GetLeedPricingVersionPricesInfoTest@731a74c]" name="teardown" is-config="true" duration-ms="204" started-at="2018-06-22T16:34:45Z" finished-at="2018-06-22T16:34:45Z">
          <params>
            <param index="0">
              <value>
                <![CDATA[[TestResult name=GetLeedPricingVersionPricesInfo status=SUCCESS method=GetLeedPricingVersionPricesInfoTest.GetLeedPricingVersionPricesInfo(int, java.lang.String)[pri:0, instance:com.leedonline.testcases.GetLeedPricingVersionPricesInfoTest@731a74c] output={null}]]]>
              </value>
            </param>
          </params>
          <reporter-output>
          </reporter-output>
        </test-method> <!-- teardown -->
      </class> <!-- com.leedonline.testcases.GetLeedPricingVersionPricesInfoTest -->
    </test> <!-- LeedonlineApi -->
    <test name="LeedonlineApi Getclient" duration-ms="1" started-at="2018-06-22T20:35:11Z" finished-at="2018-06-22T20:35:11Z">
    </test> <!-- LeedonlineApi Getclient -->
  </suite> <!-- LeedonlineApi Test Suit -->
</testng-results>
