<?xml version="1.0" encoding="UTF-8"?>
<testng-results skipped="0" failed="0" total="32" passed="32">
  <reporter-output>
  </reporter-output>
  <suite name="LeedonlineApi Test Suit" duration-ms="49192" started-at="2018-08-24T15:03:00Z" finished-at="2018-08-24T15:03:49Z">
    <groups>
    </groups>
    <test name="LeedonlineApi" duration-ms="49192" started-at="2018-08-24T15:03:00Z" finished-at="2018-08-24T15:03:49Z">
      <class name="com.leedonline.testcases.Get_Api_getClientKeyTest">
        <test-method status="PASS" signature="setBaseUri()[pri:0, instance:com.leedonline.testcases.Get_Api_getClientKeyTest@6325a3ee]" name="setBaseUri" is-config="true" duration-ms="17" started-at="2018-08-24T11:03:48Z" finished-at="2018-08-24T11:03:48Z">
          <reporter-output>
          </reporter-output>
        </test-method> <!-- setBaseUri -->
        <test-method status="PASS" signature="Get_Api_getClientKey(int, java.lang.String)[pri:0, instance:com.leedonline.testcases.Get_Api_getClientKeyTest@6325a3ee]" name="Get_Api_getClientKey" duration-ms="803" started-at="2018-08-24T11:03:48Z" finished-at="2018-08-24T11:03:49Z">
          <params>
            <param index="0">
              <value>
                <![CDATA[2]]>
              </value>
            </param>
            <param index="1">
              <value>
                <![CDATA[STG]]>
              </value>
            </param>
          </params>
          <reporter-output>
          </reporter-output>
        </test-method> <!-- Get_Api_getClientKey -->
        <test-method status="PASS" signature="teardown(org.testng.ITestResult)[pri:0, instance:com.leedonline.testcases.Get_Api_getClientKeyTest@6325a3ee]" name="teardown" is-config="true" duration-ms="56" started-at="2018-08-24T11:03:49Z" finished-at="2018-08-24T11:03:49Z">
          <params>
            <param index="0">
              <value>
                <![CDATA[[TestResult name=Get_Api_getClientKey status=SUCCESS method=Get_Api_getClientKeyTest.Get_Api_getClientKey(int, java.lang.String)[pri:0, instance:com.leedonline.testcases.Get_Api_getClientKeyTest@6325a3ee] output={null}]]]>
              </value>
            </param>
          </params>
          <reporter-output>
          </reporter-output>
        </test-method> <!-- teardown -->
      </class> <!-- com.leedonline.testcases.Get_Api_getClientKeyTest -->
      <class name="com.leedonline.testcases.Post_Common_validatePostalCodeTest">
        <test-method status="PASS" signature="setBaseUri()[pri:0, instance:com.leedonline.testcases.Post_Common_validatePostalCodeTest@1f28c152]" name="setBaseUri" is-config="true" duration-ms="20" started-at="2018-08-24T11:03:41Z" finished-at="2018-08-24T11:03:41Z">
          <reporter-output>
          </reporter-output>
        </test-method> <!-- setBaseUri -->
        <test-method status="PASS" signature="Post_Common_validatePostalCode(int, java.lang.String)[pri:0, instance:com.leedonline.testcases.Post_Common_validatePostalCodeTest@1f28c152]" name="Post_Common_validatePostalCode" duration-ms="874" started-at="2018-08-24T11:03:41Z" finished-at="2018-08-24T11:03:42Z">
          <params>
            <param index="0">
              <value>
                <![CDATA[2]]>
              </value>
            </param>
            <param index="1">
              <value>
                <![CDATA[STG]]>
              </value>
            </param>
          </params>
          <reporter-output>
          </reporter-output>
        </test-method> <!-- Post_Common_validatePostalCode -->
        <test-method status="PASS" signature="teardown(org.testng.ITestResult)[pri:0, instance:com.leedonline.testcases.Post_Common_validatePostalCodeTest@1f28c152]" name="teardown" is-config="true" duration-ms="60" started-at="2018-08-24T11:03:42Z" finished-at="2018-08-24T11:03:42Z">
          <params>
            <param index="0">
              <value>
                <![CDATA[[TestResult name=Post_Common_validatePostalCode status=SUCCESS method=Post_Common_validatePostalCodeTest.Post_Common_validatePostalCode(int, java.lang.String)[pri:0, instance:com.leedonline.testcases.Post_Common_validatePostalCodeTest@1f28c152] output={null}]]]>
              </value>
            </param>
          </params>
          <reporter-output>
          </reporter-output>
        </test-method> <!-- teardown -->
      </class> <!-- com.leedonline.testcases.Post_Common_validatePostalCodeTest -->
      <class name="com.leedonline.testcases.Get_Payments_searchTest">
        <test-method status="PASS" signature="setBaseUri()[pri:0, instance:com.leedonline.testcases.Get_Payments_searchTest@210366b4]" name="setBaseUri" is-config="true" duration-ms="24" started-at="2018-08-24T11:03:29Z" finished-at="2018-08-24T11:03:29Z">
          <reporter-output>
          </reporter-output>
        </test-method> <!-- setBaseUri -->
        <test-method status="PASS" signature="Get_Payments_search(int, java.lang.String)[pri:0, instance:com.leedonline.testcases.Get_Payments_searchTest@210366b4]" name="Get_Payments_search" duration-ms="748" started-at="2018-08-24T11:03:29Z" finished-at="2018-08-24T11:03:29Z">
          <params>
            <param index="0">
              <value>
                <![CDATA[2]]>
              </value>
            </param>
            <param index="1">
              <value>
                <![CDATA[STG]]>
              </value>
            </param>
          </params>
          <reporter-output>
          </reporter-output>
        </test-method> <!-- Get_Payments_search -->
        <test-method status="PASS" signature="teardown(org.testng.ITestResult)[pri:0, instance:com.leedonline.testcases.Get_Payments_searchTest@210366b4]" name="teardown" is-config="true" duration-ms="58" started-at="2018-08-24T11:03:29Z" finished-at="2018-08-24T11:03:29Z">
          <params>
            <param index="0">
              <value>
                <![CDATA[[TestResult name=Get_Payments_search status=SUCCESS method=Get_Payments_searchTest.Get_Payments_search(int, java.lang.String)[pri:0, instance:com.leedonline.testcases.Get_Payments_searchTest@210366b4] output={null}]]]>
              </value>
            </param>
          </params>
          <reporter-output>
          </reporter-output>
        </test-method> <!-- teardown -->
      </class> <!-- com.leedonline.testcases.Get_Payments_searchTest -->
      <class name="com.leedonline.testcases.Get_LEED_leedElsiK12SchoolsTest">
        <test-method status="PASS" signature="setBaseUri()[pri:0, instance:com.leedonline.testcases.Get_LEED_leedElsiK12SchoolsTest@6f1fba17]" name="setBaseUri" is-config="true" duration-ms="30" started-at="2018-08-24T11:03:25Z" finished-at="2018-08-24T11:03:25Z">
          <reporter-output>
          </reporter-output>
        </test-method> <!-- setBaseUri -->
        <test-method status="PASS" signature="Get_LEED_leedElsiK12Schools(int, java.lang.String)[pri:0, instance:com.leedonline.testcases.Get_LEED_leedElsiK12SchoolsTest@6f1fba17]" name="Get_LEED_leedElsiK12Schools" duration-ms="695" started-at="2018-08-24T11:03:25Z" finished-at="2018-08-24T11:03:26Z">
          <params>
            <param index="0">
              <value>
                <![CDATA[2]]>
              </value>
            </param>
            <param index="1">
              <value>
                <![CDATA[STG]]>
              </value>
            </param>
          </params>
          <reporter-output>
          </reporter-output>
        </test-method> <!-- Get_LEED_leedElsiK12Schools -->
        <test-method status="PASS" signature="teardown(org.testng.ITestResult)[pri:0, instance:com.leedonline.testcases.Get_LEED_leedElsiK12SchoolsTest@6f1fba17]" name="teardown" is-config="true" duration-ms="70" started-at="2018-08-24T11:03:26Z" finished-at="2018-08-24T11:03:26Z">
          <params>
            <param index="0">
              <value>
                <![CDATA[[TestResult name=Get_LEED_leedElsiK12Schools status=SUCCESS method=Get_LEED_leedElsiK12SchoolsTest.Get_LEED_leedElsiK12Schools(int, java.lang.String)[pri:0, instance:com.leedonline.testcases.Get_LEED_leedElsiK12SchoolsTest@6f1fba17] output={null}]]]>
              </value>
            </param>
          </params>
          <reporter-output>
          </reporter-output>
        </test-method> <!-- teardown -->
      </class> <!-- com.leedonline.testcases.Get_LEED_leedElsiK12SchoolsTest -->
      <class name="com.leedonline.testcases.Get_LEED_creditsCreditTest">
        <test-method status="PASS" signature="setBaseUri()[pri:0, instance:com.leedonline.testcases.Get_LEED_creditsCreditTest@6c3708b3]" name="setBaseUri" is-config="true" duration-ms="21" started-at="2018-08-24T11:03:24Z" finished-at="2018-08-24T11:03:24Z">
          <reporter-output>
          </reporter-output>
        </test-method> <!-- setBaseUri -->
        <test-method status="PASS" signature="Get_LEED_creditsCredit(int, java.lang.String)[pri:0, instance:com.leedonline.testcases.Get_LEED_creditsCreditTest@6c3708b3]" name="Get_LEED_creditsCredit" duration-ms="1757" started-at="2018-08-24T11:03:24Z" finished-at="2018-08-24T11:03:25Z">
          <params>
            <param index="0">
              <value>
                <![CDATA[2]]>
              </value>
            </param>
            <param index="1">
              <value>
                <![CDATA[STG]]>
              </value>
            </param>
          </params>
          <reporter-output>
          </reporter-output>
        </test-method> <!-- Get_LEED_creditsCredit -->
        <test-method status="PASS" signature="teardown(org.testng.ITestResult)[pri:0, instance:com.leedonline.testcases.Get_LEED_creditsCreditTest@6c3708b3]" name="teardown" is-config="true" duration-ms="89" started-at="2018-08-24T11:03:25Z" finished-at="2018-08-24T11:03:25Z">
          <params>
            <param index="0">
              <value>
                <![CDATA[[TestResult name=Get_LEED_creditsCredit status=SUCCESS method=Get_LEED_creditsCreditTest.Get_LEED_creditsCredit(int, java.lang.String)[pri:0, instance:com.leedonline.testcases.Get_LEED_creditsCreditTest@6c3708b3] output={null}]]]>
              </value>
            </param>
          </params>
          <reporter-output>
          </reporter-output>
        </test-method> <!-- teardown -->
      </class> <!-- com.leedonline.testcases.Get_LEED_creditsCreditTest -->
      <class name="com.leedonline.testcases.Get_LEED_getInterpretationTest">
        <test-method status="PASS" signature="setBaseUri()[pri:0, instance:com.leedonline.testcases.Get_LEED_getInterpretationTest@18eed359]" name="setBaseUri" is-config="true" duration-ms="24" started-at="2018-08-24T11:03:18Z" finished-at="2018-08-24T11:03:18Z">
          <reporter-output>
          </reporter-output>
        </test-method> <!-- setBaseUri -->
        <test-method status="PASS" signature="Get_LEED_getInterpretation(int, java.lang.String)[pri:0, instance:com.leedonline.testcases.Get_LEED_getInterpretationTest@18eed359]" name="Get_LEED_getInterpretation" duration-ms="2271" started-at="2018-08-24T11:03:18Z" finished-at="2018-08-24T11:03:21Z">
          <params>
            <param index="0">
              <value>
                <![CDATA[2]]>
              </value>
            </param>
            <param index="1">
              <value>
                <![CDATA[STG]]>
              </value>
            </param>
          </params>
          <reporter-output>
          </reporter-output>
        </test-method> <!-- Get_LEED_getInterpretation -->
        <test-method status="PASS" signature="teardown(org.testng.ITestResult)[pri:0, instance:com.leedonline.testcases.Get_LEED_getInterpretationTest@18eed359]" name="teardown" is-config="true" duration-ms="77" started-at="2018-08-24T11:03:21Z" finished-at="2018-08-24T11:03:21Z">
          <params>
            <param index="0">
              <value>
                <![CDATA[[TestResult name=Get_LEED_getInterpretation status=SUCCESS method=Get_LEED_getInterpretationTest.Get_LEED_getInterpretation(int, java.lang.String)[pri:0, instance:com.leedonline.testcases.Get_LEED_getInterpretationTest@18eed359] output={null}]]]>
              </value>
            </param>
          </params>
          <reporter-output>
          </reporter-output>
        </test-method> <!-- teardown -->
      </class> <!-- com.leedonline.testcases.Get_LEED_getInterpretationTest -->
      <class name="com.leedonline.testcases.Get_Files_dmsProxyTest">
        <test-method status="PASS" signature="setBaseUri()[pri:0, instance:com.leedonline.testcases.Get_Files_dmsProxyTest@eec5a4a]" name="setBaseUri" is-config="true" duration-ms="15" started-at="2018-08-24T11:03:29Z" finished-at="2018-08-24T11:03:29Z">
          <reporter-output>
          </reporter-output>
        </test-method> <!-- setBaseUri -->
        <test-method status="PASS" signature="Get_Files_dmsProxy(int, java.lang.String)[pri:0, instance:com.leedonline.testcases.Get_Files_dmsProxyTest@eec5a4a]" name="Get_Files_dmsProxy" duration-ms="531" started-at="2018-08-24T11:03:29Z" finished-at="2018-08-24T11:03:30Z">
          <params>
            <param index="0">
              <value>
                <![CDATA[2]]>
              </value>
            </param>
            <param index="1">
              <value>
                <![CDATA[STG]]>
              </value>
            </param>
          </params>
          <reporter-output>
          </reporter-output>
        </test-method> <!-- Get_Files_dmsProxy -->
        <test-method status="PASS" signature="teardown(org.testng.ITestResult)[pri:0, instance:com.leedonline.testcases.Get_Files_dmsProxyTest@eec5a4a]" name="teardown" is-config="true" duration-ms="47" started-at="2018-08-24T11:03:30Z" finished-at="2018-08-24T11:03:30Z">
          <params>
            <param index="0">
              <value>
                <![CDATA[[TestResult name=Get_Files_dmsProxy status=SUCCESS method=Get_Files_dmsProxyTest.Get_Files_dmsProxy(int, java.lang.String)[pri:0, instance:com.leedonline.testcases.Get_Files_dmsProxyTest@eec5a4a] output={null}]]]>
              </value>
            </param>
          </params>
          <reporter-output>
          </reporter-output>
        </test-method> <!-- teardown -->
      </class> <!-- com.leedonline.testcases.Get_Files_dmsProxyTest -->
      <class name="com.leedonline.testcases.Get_LEED_leedOrganizationsTest">
        <test-method status="PASS" signature="setBaseUri()[pri:0, instance:com.leedonline.testcases.Get_LEED_leedOrganizationsTest@185d8b6]" name="setBaseUri" is-config="true" duration-ms="22" started-at="2018-08-24T11:03:26Z" finished-at="2018-08-24T11:03:26Z">
          <reporter-output>
          </reporter-output>
        </test-method> <!-- setBaseUri -->
        <test-method status="PASS" signature="Get_LEED_leedOrganizations(int, java.lang.String)[pri:0, instance:com.leedonline.testcases.Get_LEED_leedOrganizationsTest@185d8b6]" name="Get_LEED_leedOrganizations" duration-ms="776" started-at="2018-08-24T11:03:26Z" finished-at="2018-08-24T11:03:27Z">
          <params>
            <param index="0">
              <value>
                <![CDATA[2]]>
              </value>
            </param>
            <param index="1">
              <value>
                <![CDATA[STG]]>
              </value>
            </param>
          </params>
          <reporter-output>
          </reporter-output>
        </test-method> <!-- Get_LEED_leedOrganizations -->
        <test-method status="PASS" signature="teardown(org.testng.ITestResult)[pri:0, instance:com.leedonline.testcases.Get_LEED_leedOrganizationsTest@185d8b6]" name="teardown" is-config="true" duration-ms="61" started-at="2018-08-24T11:03:27Z" finished-at="2018-08-24T11:03:27Z">
          <params>
            <param index="0">
              <value>
                <![CDATA[[TestResult name=Get_LEED_leedOrganizations status=SUCCESS method=Get_LEED_leedOrganizationsTest.Get_LEED_leedOrganizations(int, java.lang.String)[pri:0, instance:com.leedonline.testcases.Get_LEED_leedOrganizationsTest@185d8b6] output={null}]]]>
              </value>
            </param>
          </params>
          <reporter-output>
          </reporter-output>
        </test-method> <!-- teardown -->
      </class> <!-- com.leedonline.testcases.Get_LEED_leedOrganizationsTest -->
      <class name="com.leedonline.testcases.Get_LEEDPricing_downloadUploadedExcelTest">
        <test-method status="PASS" signature="setBaseUri()[pri:0, instance:com.leedonline.testcases.Get_LEEDPricing_downloadUploadedExcelTest@335eadca]" name="setBaseUri" is-config="true" duration-ms="11" started-at="2018-08-24T11:03:28Z" finished-at="2018-08-24T11:03:28Z">
          <reporter-output>
          </reporter-output>
        </test-method> <!-- setBaseUri -->
        <test-method status="PASS" signature="Get_LEEDPricing_downloadUploadedExcelTest(int, java.lang.String)[pri:0, instance:com.leedonline.testcases.Get_LEEDPricing_downloadUploadedExcelTest@335eadca]" name="Get_LEEDPricing_downloadUploadedExcelTest" duration-ms="764" started-at="2018-08-24T11:03:28Z" finished-at="2018-08-24T11:03:29Z">
          <params>
            <param index="0">
              <value>
                <![CDATA[2]]>
              </value>
            </param>
            <param index="1">
              <value>
                <![CDATA[STG]]>
              </value>
            </param>
          </params>
          <reporter-output>
          </reporter-output>
        </test-method> <!-- Get_LEEDPricing_downloadUploadedExcelTest -->
        <test-method status="PASS" signature="teardown(org.testng.ITestResult)[pri:0, instance:com.leedonline.testcases.Get_LEEDPricing_downloadUploadedExcelTest@335eadca]" name="teardown" is-config="true" duration-ms="100" started-at="2018-08-24T11:03:29Z" finished-at="2018-08-24T11:03:29Z">
          <params>
            <param index="0">
              <value>
                <![CDATA[[TestResult name=Get_LEEDPricing_downloadUploadedExcelTest status=SUCCESS method=Get_LEEDPricing_downloadUploadedExcelTest.Get_LEEDPricing_downloadUploadedExcelTest(int, java.lang.String)[pri:0, instance:com.leedonline.testcases.Get_LEEDPricing_downloadUploadedExcelTest@335eadca] output={null}]]]>
              </value>
            </param>
          </params>
          <reporter-output>
          </reporter-output>
        </test-method> <!-- teardown -->
      </class> <!-- com.leedonline.testcases.Get_LEEDPricing_downloadUploadedExcelTest -->
      <class name="com.leedonline.testcases.Get_LEED_getInfoTest">
        <test-method status="PASS" signature="setBaseUri()[pri:0, instance:com.leedonline.testcases.Get_LEED_getInfoTest@5f9d02cb]" name="setBaseUri" is-config="true" duration-ms="31" started-at="2018-08-24T11:03:12Z" finished-at="2018-08-24T11:03:12Z">
          <reporter-output>
          </reporter-output>
        </test-method> <!-- setBaseUri -->
        <test-method status="PASS" signature="Get_LEED_getInfo(int, java.lang.String)[pri:0, instance:com.leedonline.testcases.Get_LEED_getInfoTest@5f9d02cb]" name="Get_LEED_getInfo" duration-ms="716" started-at="2018-08-24T11:03:12Z" finished-at="2018-08-24T11:03:13Z">
          <params>
            <param index="0">
              <value>
                <![CDATA[2]]>
              </value>
            </param>
            <param index="1">
              <value>
                <![CDATA[STG]]>
              </value>
            </param>
          </params>
          <reporter-output>
          </reporter-output>
        </test-method> <!-- Get_LEED_getInfo -->
        <test-method status="PASS" signature="teardown(org.testng.ITestResult)[pri:0, instance:com.leedonline.testcases.Get_LEED_getInfoTest@5f9d02cb]" name="teardown" is-config="true" duration-ms="68" started-at="2018-08-24T11:03:13Z" finished-at="2018-08-24T11:03:13Z">
          <params>
            <param index="0">
              <value>
                <![CDATA[[TestResult name=Get_LEED_getInfo status=SUCCESS method=Get_LEED_getInfoTest.Get_LEED_getInfo(int, java.lang.String)[pri:0, instance:com.leedonline.testcases.Get_LEED_getInfoTest@5f9d02cb] output={null}]]]>
              </value>
            </param>
          </params>
          <reporter-output>
          </reporter-output>
        </test-method> <!-- teardown -->
      </class> <!-- com.leedonline.testcases.Get_LEED_getInfoTest -->
      <class name="com.leedonline.testcases.Get_LEED_getClarificationTest">
        <test-method status="PASS" signature="setBaseUri()[pri:0, instance:com.leedonline.testcases.Get_LEED_getClarificationTest@3e9b1010]" name="setBaseUri" is-config="true" duration-ms="25" started-at="2018-08-24T11:03:21Z" finished-at="2018-08-24T11:03:21Z">
          <reporter-output>
          </reporter-output>
        </test-method> <!-- setBaseUri -->
        <test-method status="PASS" signature="Get_LEED_getClarifications(int, java.lang.String)[pri:0, instance:com.leedonline.testcases.Get_LEED_getClarificationTest@3e9b1010]" name="Get_LEED_getClarifications" duration-ms="2795" started-at="2018-08-24T11:03:21Z" finished-at="2018-08-24T11:03:24Z">
          <params>
            <param index="0">
              <value>
                <![CDATA[2]]>
              </value>
            </param>
            <param index="1">
              <value>
                <![CDATA[STG]]>
              </value>
            </param>
          </params>
          <reporter-output>
          </reporter-output>
        </test-method> <!-- Get_LEED_getClarifications -->
        <test-method status="PASS" signature="teardown(org.testng.ITestResult)[pri:0, instance:com.leedonline.testcases.Get_LEED_getClarificationTest@3e9b1010]" name="teardown" is-config="true" duration-ms="61" started-at="2018-08-24T11:03:24Z" finished-at="2018-08-24T11:03:24Z">
          <params>
            <param index="0">
              <value>
                <![CDATA[[TestResult name=Get_LEED_getClarifications status=SUCCESS method=Get_LEED_getClarificationTest.Get_LEED_getClarifications(int, java.lang.String)[pri:0, instance:com.leedonline.testcases.Get_LEED_getClarificationTest@3e9b1010] output={null}]]]>
              </value>
            </param>
          </params>
          <reporter-output>
          </reporter-output>
        </test-method> <!-- teardown -->
      </class> <!-- com.leedonline.testcases.Get_LEED_getClarificationTest -->
      <class name="com.leedonline.testcases.Get_LEED_projectsGetListTest">
        <test-method status="PASS" signature="setBaseUri()[pri:0, instance:com.leedonline.testcases.Get_LEED_projectsGetListTest@6b09bb57]" name="setBaseUri" is-config="true" duration-ms="24" started-at="2018-08-24T11:03:14Z" finished-at="2018-08-24T11:03:14Z">
          <reporter-output>
          </reporter-output>
        </test-method> <!-- setBaseUri -->
        <test-method status="PASS" signature="Get_LEED_projectsGetList(int, java.lang.String)[pri:0, instance:com.leedonline.testcases.Get_LEED_projectsGetListTest@6b09bb57]" name="Get_LEED_projectsGetList" duration-ms="685" started-at="2018-08-24T11:03:14Z" finished-at="2018-08-24T11:03:15Z">
          <params>
            <param index="0">
              <value>
                <![CDATA[2]]>
              </value>
            </param>
            <param index="1">
              <value>
                <![CDATA[STG]]>
              </value>
            </param>
          </params>
          <reporter-output>
          </reporter-output>
        </test-method> <!-- Get_LEED_projectsGetList -->
        <test-method status="PASS" signature="teardown(org.testng.ITestResult)[pri:0, instance:com.leedonline.testcases.Get_LEED_projectsGetListTest@6b09bb57]" name="teardown" is-config="true" duration-ms="116" started-at="2018-08-24T11:03:15Z" finished-at="2018-08-24T11:03:15Z">
          <params>
            <param index="0">
              <value>
                <![CDATA[[TestResult name=Get_LEED_projectsGetList status=SUCCESS method=Get_LEED_projectsGetListTest.Get_LEED_projectsGetList(int, java.lang.String)[pri:0, instance:com.leedonline.testcases.Get_LEED_projectsGetListTest@6b09bb57] output={null}]]]>
              </value>
            </param>
          </params>
          <reporter-output>
          </reporter-output>
        </test-method> <!-- teardown -->
      </class> <!-- com.leedonline.testcases.Get_LEED_projectsGetListTest -->
      <class name="com.leedonline.testcases.Post_Common_validateSdnStatusTest">
        <test-method status="PASS" signature="setBaseUri()[pri:0, instance:com.leedonline.testcases.Post_Common_validateSdnStatusTest@731a74c]" name="setBaseUri" is-config="true" duration-ms="30" started-at="2018-08-24T11:03:38Z" finished-at="2018-08-24T11:03:38Z">
          <reporter-output>
          </reporter-output>
        </test-method> <!-- setBaseUri -->
        <test-method status="PASS" signature="Post_Common_validateSdnStatus(int, java.lang.String)[pri:0, instance:com.leedonline.testcases.Post_Common_validateSdnStatusTest@731a74c]" name="Post_Common_validateSdnStatus" duration-ms="1406" started-at="2018-08-24T11:03:38Z" finished-at="2018-08-24T11:03:40Z">
          <params>
            <param index="0">
              <value>
                <![CDATA[2]]>
              </value>
            </param>
            <param index="1">
              <value>
                <![CDATA[STG]]>
              </value>
            </param>
          </params>
          <reporter-output>
          </reporter-output>
        </test-method> <!-- Post_Common_validateSdnStatus -->
        <test-method status="PASS" signature="teardown(org.testng.ITestResult)[pri:0, instance:com.leedonline.testcases.Post_Common_validateSdnStatusTest@731a74c]" name="teardown" is-config="true" duration-ms="102" started-at="2018-08-24T11:03:40Z" finished-at="2018-08-24T11:03:40Z">
          <params>
            <param index="0">
              <value>
                <![CDATA[[TestResult name=Post_Common_validateSdnStatus status=SUCCESS method=Post_Common_validateSdnStatusTest.Post_Common_validateSdnStatus(int, java.lang.String)[pri:0, instance:com.leedonline.testcases.Post_Common_validateSdnStatusTest@731a74c] output={null}]]]>
              </value>
            </param>
          </params>
          <reporter-output>
          </reporter-output>
        </test-method> <!-- teardown -->
      </class> <!-- com.leedonline.testcases.Post_Common_validateSdnStatusTest -->
      <class name="com.leedonline.testcases.Delete_Files_deleteFilesTest">
        <test-method status="PASS" signature="setBaseUri()[pri:0, instance:com.leedonline.testcases.Delete_Files_deleteFilesTest@4b4523f8]" name="setBaseUri" is-config="true" duration-ms="19" started-at="2018-08-24T11:03:37Z" finished-at="2018-08-24T11:03:37Z">
          <reporter-output>
          </reporter-output>
        </test-method> <!-- setBaseUri -->
        <test-method status="PASS" signature="Delete_Files_deleteFiles(int, java.lang.String)[pri:0, instance:com.leedonline.testcases.Delete_Files_deleteFilesTest@4b4523f8]" name="Delete_Files_deleteFiles" duration-ms="803" started-at="2018-08-24T11:03:37Z" finished-at="2018-08-24T11:03:38Z">
          <params>
            <param index="0">
              <value>
                <![CDATA[2]]>
              </value>
            </param>
            <param index="1">
              <value>
                <![CDATA[STG]]>
              </value>
            </param>
          </params>
          <reporter-output>
          </reporter-output>
        </test-method> <!-- Delete_Files_deleteFiles -->
        <test-method status="PASS" signature="teardown(org.testng.ITestResult)[pri:0, instance:com.leedonline.testcases.Delete_Files_deleteFilesTest@4b4523f8]" name="teardown" is-config="true" duration-ms="88" started-at="2018-08-24T11:03:38Z" finished-at="2018-08-24T11:03:38Z">
          <params>
            <param index="0">
              <value>
                <![CDATA[[TestResult name=Delete_Files_deleteFiles status=SUCCESS method=Delete_Files_deleteFilesTest.Delete_Files_deleteFiles(int, java.lang.String)[pri:0, instance:com.leedonline.testcases.Delete_Files_deleteFilesTest@4b4523f8] output={null}]]]>
              </value>
            </param>
          </params>
          <reporter-output>
          </reporter-output>
        </test-method> <!-- teardown -->
      </class> <!-- com.leedonline.testcases.Delete_Files_deleteFilesTest -->
      <class name="com.leedonline.testcases.Get_Common_getCountriesAndStatesTest">
        <test-method status="PASS" signature="setBaseUri()[pri:0, instance:com.leedonline.testcases.Get_Common_getCountriesAndStatesTest@67784306]" name="setBaseUri" is-config="true" duration-ms="15" started-at="2018-08-24T11:03:27Z" finished-at="2018-08-24T11:03:27Z">
          <reporter-output>
          </reporter-output>
        </test-method> <!-- setBaseUri -->
        <test-method status="PASS" signature="Get_Common_getCountriesAndStates(int, java.lang.String)[pri:0, instance:com.leedonline.testcases.Get_Common_getCountriesAndStatesTest@67784306]" name="Get_Common_getCountriesAndStates" duration-ms="604" started-at="2018-08-24T11:03:27Z" finished-at="2018-08-24T11:03:28Z">
          <params>
            <param index="0">
              <value>
                <![CDATA[2]]>
              </value>
            </param>
            <param index="1">
              <value>
                <![CDATA[STG]]>
              </value>
            </param>
          </params>
          <reporter-output>
          </reporter-output>
        </test-method> <!-- Get_Common_getCountriesAndStates -->
        <test-method status="PASS" signature="teardown(org.testng.ITestResult)[pri:0, instance:com.leedonline.testcases.Get_Common_getCountriesAndStatesTest@67784306]" name="teardown" is-config="true" duration-ms="45" started-at="2018-08-24T11:03:28Z" finished-at="2018-08-24T11:03:28Z">
          <params>
            <param index="0">
              <value>
                <![CDATA[[TestResult name=Get_Common_getCountriesAndStates status=SUCCESS method=Get_Common_getCountriesAndStatesTest.Get_Common_getCountriesAndStates(int, java.lang.String)[pri:0, instance:com.leedonline.testcases.Get_Common_getCountriesAndStatesTest@67784306] output={null}]]]>
              </value>
            </param>
          </params>
          <reporter-output>
          </reporter-output>
        </test-method> <!-- teardown -->
      </class> <!-- com.leedonline.testcases.Get_Common_getCountriesAndStatesTest -->
      <class name="com.leedonline.testcases.Get_LEED_getCreditsTest">
        <test-method status="PASS" signature="setBaseUri()[pri:0, instance:com.leedonline.testcases.Get_LEED_getCreditsTest@520a3426]" name="setBaseUri" is-config="true" duration-ms="57" started-at="2018-08-24T11:03:16Z" finished-at="2018-08-24T11:03:16Z">
          <reporter-output>
          </reporter-output>
        </test-method> <!-- setBaseUri -->
        <test-method status="PASS" signature="Get_LEED_getCredits(int, java.lang.String)[pri:0, instance:com.leedonline.testcases.Get_LEED_getCreditsTest@520a3426]" name="Get_LEED_getCredits" duration-ms="1736" started-at="2018-08-24T11:03:16Z" finished-at="2018-08-24T11:03:18Z">
          <params>
            <param index="0">
              <value>
                <![CDATA[2]]>
              </value>
            </param>
            <param index="1">
              <value>
                <![CDATA[STG]]>
              </value>
            </param>
          </params>
          <reporter-output>
          </reporter-output>
        </test-method> <!-- Get_LEED_getCredits -->
        <test-method status="PASS" signature="teardown(org.testng.ITestResult)[pri:0, instance:com.leedonline.testcases.Get_LEED_getCreditsTest@520a3426]" name="teardown" is-config="true" duration-ms="59" started-at="2018-08-24T11:03:18Z" finished-at="2018-08-24T11:03:18Z">
          <params>
            <param index="0">
              <value>
                <![CDATA[[TestResult name=Get_LEED_getCredits status=SUCCESS method=Get_LEED_getCreditsTest.Get_LEED_getCredits(int, java.lang.String)[pri:0, instance:com.leedonline.testcases.Get_LEED_getCreditsTest@520a3426] output={null}]]]>
              </value>
            </param>
          </params>
          <reporter-output>
          </reporter-output>
        </test-method> <!-- teardown -->
      </class> <!-- com.leedonline.testcases.Get_LEED_getCreditsTest -->
      <class name="com.leedonline.testcases.Get_Files_getDownloadUrlTest">
        <test-method status="PASS" signature="setBaseUri()[pri:0, instance:com.leedonline.testcases.Get_Files_getDownloadUrlTest@13a5fe33]" name="setBaseUri" is-config="true" duration-ms="28" started-at="2018-08-24T11:03:09Z" finished-at="2018-08-24T11:03:09Z">
          <reporter-output>
          </reporter-output>
        </test-method> <!-- setBaseUri -->
        <test-method status="PASS" signature="Get_Files_getDownloadUrl(int, java.lang.String)[pri:0, instance:com.leedonline.testcases.Get_Files_getDownloadUrlTest@13a5fe33]" name="Get_Files_getDownloadUrl" duration-ms="738" started-at="2018-08-24T11:03:09Z" finished-at="2018-08-24T11:03:09Z">
          <params>
            <param index="0">
              <value>
                <![CDATA[2]]>
              </value>
            </param>
            <param index="1">
              <value>
                <![CDATA[STG]]>
              </value>
            </param>
          </params>
          <reporter-output>
          </reporter-output>
        </test-method> <!-- Get_Files_getDownloadUrl -->
        <test-method status="PASS" signature="teardown(org.testng.ITestResult)[pri:0, instance:com.leedonline.testcases.Get_Files_getDownloadUrlTest@13a5fe33]" name="teardown" is-config="true" duration-ms="70" started-at="2018-08-24T11:03:09Z" finished-at="2018-08-24T11:03:10Z">
          <params>
            <param index="0">
              <value>
                <![CDATA[[TestResult name=Get_Files_getDownloadUrl status=SUCCESS method=Get_Files_getDownloadUrlTest.Get_Files_getDownloadUrl(int, java.lang.String)[pri:0, instance:com.leedonline.testcases.Get_Files_getDownloadUrlTest@13a5fe33] output={null}]]]>
              </value>
            </param>
          </params>
          <reporter-output>
          </reporter-output>
        </test-method> <!-- teardown -->
      </class> <!-- com.leedonline.testcases.Get_Files_getDownloadUrlTest -->
      <class name="com.leedonline.testcases.Put_LEED_projectDetailsTest">
        <test-method status="PASS" signature="setBaseUri()[pri:0, instance:com.leedonline.testcases.Put_LEED_projectDetailsTest@7791a895]" name="setBaseUri" is-config="true" duration-ms="16" started-at="2018-08-24T11:03:44Z" finished-at="2018-08-24T11:03:44Z">
          <reporter-output>
          </reporter-output>
        </test-method> <!-- setBaseUri -->
        <test-method status="PASS" signature="Put_LEED_projectDetails(int, java.lang.String)[pri:0, instance:com.leedonline.testcases.Put_LEED_projectDetailsTest@7791a895]" name="Put_LEED_projectDetails" duration-ms="2949" started-at="2018-08-24T11:03:44Z" finished-at="2018-08-24T11:03:47Z">
          <params>
            <param index="0">
              <value>
                <![CDATA[2]]>
              </value>
            </param>
            <param index="1">
              <value>
                <![CDATA[STG]]>
              </value>
            </param>
          </params>
          <reporter-output>
          </reporter-output>
        </test-method> <!-- Put_LEED_projectDetails -->
        <test-method status="PASS" signature="teardown(org.testng.ITestResult)[pri:0, instance:com.leedonline.testcases.Put_LEED_projectDetailsTest@7791a895]" name="teardown" is-config="true" duration-ms="74" started-at="2018-08-24T11:03:47Z" finished-at="2018-08-24T11:03:47Z">
          <params>
            <param index="0">
              <value>
                <![CDATA[[TestResult name=Put_LEED_projectDetails status=SUCCESS method=Put_LEED_projectDetailsTest.Put_LEED_projectDetails(int, java.lang.String)[pri:0, instance:com.leedonline.testcases.Put_LEED_projectDetailsTest@7791a895] output={null}]]]>
              </value>
            </param>
          </params>
          <reporter-output>
          </reporter-output>
        </test-method> <!-- teardown -->
      </class> <!-- com.leedonline.testcases.Put_LEED_projectDetailsTest -->
      <class name="com.leedonline.testcases.Get_LEED_projectDetailsTest">
        <test-method status="PASS" signature="setBaseUri()[pri:0, instance:com.leedonline.testcases.Get_LEED_projectDetailsTest@6536e911]" name="setBaseUri" is-config="true" duration-ms="32" started-at="2018-08-24T11:03:15Z" finished-at="2018-08-24T11:03:15Z">
          <reporter-output>
          </reporter-output>
        </test-method> <!-- setBaseUri -->
        <test-method status="PASS" signature="Get_LEED_projectDetails(int, java.lang.String)[pri:0, instance:com.leedonline.testcases.Get_LEED_projectDetailsTest@6536e911]" name="Get_LEED_projectDetails" duration-ms="1356" started-at="2018-08-24T11:03:15Z" finished-at="2018-08-24T11:03:16Z">
          <params>
            <param index="0">
              <value>
                <![CDATA[2]]>
              </value>
            </param>
            <param index="1">
              <value>
                <![CDATA[STG]]>
              </value>
            </param>
          </params>
          <reporter-output>
          </reporter-output>
        </test-method> <!-- Get_LEED_projectDetails -->
        <test-method status="PASS" signature="teardown(org.testng.ITestResult)[pri:0, instance:com.leedonline.testcases.Get_LEED_projectDetailsTest@6536e911]" name="teardown" is-config="true" duration-ms="68" started-at="2018-08-24T11:03:16Z" finished-at="2018-08-24T11:03:16Z">
          <params>
            <param index="0">
              <value>
                <![CDATA[[TestResult name=Get_LEED_projectDetails status=SUCCESS method=Get_LEED_projectDetailsTest.Get_LEED_projectDetails(int, java.lang.String)[pri:0, instance:com.leedonline.testcases.Get_LEED_projectDetailsTest@6536e911] output={null}]]]>
              </value>
            </param>
          </params>
          <reporter-output>
          </reporter-output>
        </test-method> <!-- teardown -->
      </class> <!-- com.leedonline.testcases.Get_LEED_projectDetailsTest -->
      <class name="com.leedonline.testcases.Post_Files_filesUploadTest">
        <test-method status="PASS" signature="setBaseUri()[pri:0, instance:com.leedonline.testcases.Post_Files_filesUploadTest@5a8e6209]" name="setBaseUri" is-config="true" duration-ms="20" started-at="2018-08-24T11:03:35Z" finished-at="2018-08-24T11:03:35Z">
          <reporter-output>
          </reporter-output>
        </test-method> <!-- setBaseUri -->
        <test-method status="PASS" signature="Post_Files_filesUpload(int, java.lang.String)[pri:0, instance:com.leedonline.testcases.Post_Files_filesUploadTest@5a8e6209]" name="Post_Files_filesUpload" duration-ms="2322" started-at="2018-08-24T11:03:35Z" finished-at="2018-08-24T11:03:37Z">
          <params>
            <param index="0">
              <value>
                <![CDATA[2]]>
              </value>
            </param>
            <param index="1">
              <value>
                <![CDATA[STG]]>
              </value>
            </param>
          </params>
          <reporter-output>
          </reporter-output>
        </test-method> <!-- Post_Files_filesUpload -->
        <test-method status="PASS" signature="teardown(org.testng.ITestResult)[pri:0, instance:com.leedonline.testcases.Post_Files_filesUploadTest@5a8e6209]" name="teardown" is-config="true" duration-ms="57" started-at="2018-08-24T11:03:37Z" finished-at="2018-08-24T11:03:37Z">
          <params>
            <param index="0">
              <value>
                <![CDATA[[TestResult name=Post_Files_filesUpload status=SUCCESS method=Post_Files_filesUploadTest.Post_Files_filesUpload(int, java.lang.String)[pri:0, instance:com.leedonline.testcases.Post_Files_filesUploadTest@5a8e6209] output={null}]]]>
              </value>
            </param>
          </params>
          <reporter-output>
          </reporter-output>
        </test-method> <!-- teardown -->
      </class> <!-- com.leedonline.testcases.Post_Files_filesUploadTest -->
      <class name="com.leedonline.testcases.Get_Files_filesGetListTest">
        <test-method status="PASS" signature="setBaseUri()[pri:0, instance:com.leedonline.testcases.Get_Files_filesGetListTest@527740a2]" name="setBaseUri" is-config="true" duration-ms="22" started-at="2018-08-24T11:03:07Z" finished-at="2018-08-24T11:03:07Z">
          <reporter-output>
          </reporter-output>
        </test-method> <!-- setBaseUri -->
        <test-method status="PASS" signature="Get_Files_filesGetList(int, java.lang.String)[pri:0, instance:com.leedonline.testcases.Get_Files_filesGetListTest@527740a2]" name="Get_Files_filesGetList" duration-ms="1475" started-at="2018-08-24T11:03:07Z" finished-at="2018-08-24T11:03:08Z">
          <params>
            <param index="0">
              <value>
                <![CDATA[2]]>
              </value>
            </param>
            <param index="1">
              <value>
                <![CDATA[STG]]>
              </value>
            </param>
          </params>
          <reporter-output>
          </reporter-output>
        </test-method> <!-- Get_Files_filesGetList -->
        <test-method status="PASS" signature="teardown(org.testng.ITestResult)[pri:0, instance:com.leedonline.testcases.Get_Files_filesGetListTest@527740a2]" name="teardown" is-config="true" duration-ms="423" started-at="2018-08-24T11:03:08Z" finished-at="2018-08-24T11:03:09Z">
          <params>
            <param index="0">
              <value>
                <![CDATA[[TestResult name=Get_Files_filesGetList status=SUCCESS method=Get_Files_filesGetListTest.Get_Files_filesGetList(int, java.lang.String)[pri:0, instance:com.leedonline.testcases.Get_Files_filesGetListTest@527740a2] output={null}]]]>
              </value>
            </param>
          </params>
          <reporter-output>
          </reporter-output>
        </test-method> <!-- teardown -->
      </class> <!-- com.leedonline.testcases.Get_Files_filesGetListTest -->
      <class name="com.leedonline.testcases.Get_Api_invalidateTokenTest">
        <test-method status="PASS" signature="setBaseUri()[pri:0, instance:com.leedonline.testcases.Get_Api_invalidateTokenTest@3a5ed7a6]" name="setBaseUri" is-config="true" duration-ms="27" started-at="2018-08-24T11:03:47Z" finished-at="2018-08-24T11:03:47Z">
          <reporter-output>
          </reporter-output>
        </test-method> <!-- setBaseUri -->
        <test-method status="PASS" signature="Get_Api_invalidateToken(int, java.lang.String)[pri:0, instance:com.leedonline.testcases.Get_Api_invalidateTokenTest@3a5ed7a6]" name="Get_Api_invalidateToken" duration-ms="862" started-at="2018-08-24T11:03:47Z" finished-at="2018-08-24T11:03:48Z">
          <params>
            <param index="0">
              <value>
                <![CDATA[2]]>
              </value>
            </param>
            <param index="1">
              <value>
                <![CDATA[STG]]>
              </value>
            </param>
          </params>
          <reporter-output>
          </reporter-output>
        </test-method> <!-- Get_Api_invalidateToken -->
        <test-method status="PASS" signature="teardown(org.testng.ITestResult)[pri:0, instance:com.leedonline.testcases.Get_Api_invalidateTokenTest@3a5ed7a6]" name="teardown" is-config="true" duration-ms="73" started-at="2018-08-24T11:03:48Z" finished-at="2018-08-24T11:03:48Z">
          <params>
            <param index="0">
              <value>
                <![CDATA[[TestResult name=Get_Api_invalidateToken status=SUCCESS method=Get_Api_invalidateTokenTest.Get_Api_invalidateToken(int, java.lang.String)[pri:0, instance:com.leedonline.testcases.Get_Api_invalidateTokenTest@3a5ed7a6] output={null}]]]>
              </value>
            </param>
          </params>
          <reporter-output>
          </reporter-output>
        </test-method> <!-- teardown -->
      </class> <!-- com.leedonline.testcases.Get_Api_invalidateTokenTest -->
      <class name="com.leedonline.testcases.Get_LEED_projectMoreInfoTest">
        <test-method status="PASS" signature="setBaseUri()[pri:0, instance:com.leedonline.testcases.Get_LEED_projectMoreInfoTest@63753b6d]" name="setBaseUri" is-config="true" duration-ms="19" started-at="2018-08-24T11:03:13Z" finished-at="2018-08-24T11:03:13Z">
          <reporter-output>
          </reporter-output>
        </test-method> <!-- setBaseUri -->
        <test-method status="PASS" signature="Get_LEED_projectMoreInfo(int, java.lang.String)[pri:0, instance:com.leedonline.testcases.Get_LEED_projectMoreInfoTest@63753b6d]" name="Get_LEED_projectMoreInfo" duration-ms="1222" started-at="2018-08-24T11:03:13Z" finished-at="2018-08-24T11:03:14Z">
          <params>
            <param index="0">
              <value>
                <![CDATA[2]]>
              </value>
            </param>
            <param index="1">
              <value>
                <![CDATA[STG]]>
              </value>
            </param>
          </params>
          <reporter-output>
          </reporter-output>
        </test-method> <!-- Get_LEED_projectMoreInfo -->
        <test-method status="PASS" signature="teardown(org.testng.ITestResult)[pri:0, instance:com.leedonline.testcases.Get_LEED_projectMoreInfoTest@63753b6d]" name="teardown" is-config="true" duration-ms="63" started-at="2018-08-24T11:03:14Z" finished-at="2018-08-24T11:03:14Z">
          <params>
            <param index="0">
              <value>
                <![CDATA[[TestResult name=Get_LEED_projectMoreInfo status=SUCCESS method=Get_LEED_projectMoreInfoTest.Get_LEED_projectMoreInfo(int, java.lang.String)[pri:0, instance:com.leedonline.testcases.Get_LEED_projectMoreInfoTest@63753b6d] output={null}]]]>
              </value>
            </param>
          </params>
          <reporter-output>
          </reporter-output>
        </test-method> <!-- teardown -->
      </class> <!-- com.leedonline.testcases.Get_LEED_projectMoreInfoTest -->
      <class name="com.leedonline.testcases.Get_LEED_projectDownloadTest">
        <test-method status="PASS" signature="setBaseUri()[pri:0, instance:com.leedonline.testcases.Get_LEED_projectDownloadTest@2b2948e2]" name="setBaseUri" is-config="true" duration-ms="12" started-at="2018-08-24T11:03:30Z" finished-at="2018-08-24T11:03:30Z">
          <reporter-output>
          </reporter-output>
        </test-method> <!-- setBaseUri -->
        <test-method status="PASS" signature="Get_LEED_projectDownload(int, java.lang.String)[pri:0, instance:com.leedonline.testcases.Get_LEED_projectDownloadTest@2b2948e2]" name="Get_LEED_projectDownload" duration-ms="2518" started-at="2018-08-24T11:03:30Z" finished-at="2018-08-24T11:03:33Z">
          <params>
            <param index="0">
              <value>
                <![CDATA[2]]>
              </value>
            </param>
            <param index="1">
              <value>
                <![CDATA[STG]]>
              </value>
            </param>
          </params>
          <reporter-output>
          </reporter-output>
        </test-method> <!-- Get_LEED_projectDownload -->
        <test-method status="PASS" signature="teardown(org.testng.ITestResult)[pri:0, instance:com.leedonline.testcases.Get_LEED_projectDownloadTest@2b2948e2]" name="teardown" is-config="true" duration-ms="100" started-at="2018-08-24T11:03:33Z" finished-at="2018-08-24T11:03:33Z">
          <params>
            <param index="0">
              <value>
                <![CDATA[[TestResult name=Get_LEED_projectDownload status=SUCCESS method=Get_LEED_projectDownloadTest.Get_LEED_projectDownload(int, java.lang.String)[pri:0, instance:com.leedonline.testcases.Get_LEED_projectDownloadTest@2b2948e2] output={null}]]]>
              </value>
            </param>
          </params>
          <reporter-output>
          </reporter-output>
        </test-method> <!-- teardown -->
      </class> <!-- com.leedonline.testcases.Get_LEED_projectDownloadTest -->
      <class name="com.leedonline.testcases.Get_Api_memberGetInfoTest">
        <test-method status="PASS" signature="setBaseUri()[pri:0, instance:com.leedonline.testcases.Get_Api_memberGetInfoTest@3108bc]" name="setBaseUri" is-config="true" duration-ms="28" started-at="2018-08-24T11:03:10Z" finished-at="2018-08-24T11:03:10Z">
          <reporter-output>
          </reporter-output>
        </test-method> <!-- setBaseUri -->
        <test-method status="PASS" signature="Get_Api_memberGetInfo(int, java.lang.String)[pri:0, instance:com.leedonline.testcases.Get_Api_memberGetInfoTest@3108bc]" name="Get_Api_memberGetInfo" duration-ms="965" started-at="2018-08-24T11:03:10Z" finished-at="2018-08-24T11:03:11Z">
          <params>
            <param index="0">
              <value>
                <![CDATA[2]]>
              </value>
            </param>
            <param index="1">
              <value>
                <![CDATA[STG]]>
              </value>
            </param>
          </params>
          <reporter-output>
          </reporter-output>
        </test-method> <!-- Get_Api_memberGetInfo -->
        <test-method status="PASS" signature="teardown(org.testng.ITestResult)[pri:0, instance:com.leedonline.testcases.Get_Api_memberGetInfoTest@3108bc]" name="teardown" is-config="true" duration-ms="85" started-at="2018-08-24T11:03:11Z" finished-at="2018-08-24T11:03:11Z">
          <params>
            <param index="0">
              <value>
                <![CDATA[[TestResult name=Get_Api_memberGetInfo status=SUCCESS method=Get_Api_memberGetInfoTest.Get_Api_memberGetInfo(int, java.lang.String)[pri:0, instance:com.leedonline.testcases.Get_Api_memberGetInfoTest@3108bc] output={null}]]]>
              </value>
            </param>
          </params>
          <reporter-output>
          </reporter-output>
        </test-method> <!-- teardown -->
      </class> <!-- com.leedonline.testcases.Get_Api_memberGetInfoTest -->
      <class name="com.leedonline.testcases.Get_Payments_getInfoTest">
        <test-method status="PASS" signature="setBaseUri()[pri:0, instance:com.leedonline.testcases.Get_Payments_getInfoTest@57536d79]" name="setBaseUri" is-config="true" duration-ms="18" started-at="2018-08-24T11:03:34Z" finished-at="2018-08-24T11:03:34Z">
          <reporter-output>
          </reporter-output>
        </test-method> <!-- setBaseUri -->
        <test-method status="PASS" signature="Get_Payments_getInfo(int, java.lang.String)[pri:0, instance:com.leedonline.testcases.Get_Payments_getInfoTest@57536d79]" name="Get_Payments_getInfo" duration-ms="541" started-at="2018-08-24T11:03:34Z" finished-at="2018-08-24T11:03:34Z">
          <params>
            <param index="0">
              <value>
                <![CDATA[2]]>
              </value>
            </param>
            <param index="1">
              <value>
                <![CDATA[STG]]>
              </value>
            </param>
          </params>
          <reporter-output>
          </reporter-output>
        </test-method> <!-- Get_Payments_getInfo -->
        <test-method status="PASS" signature="teardown(org.testng.ITestResult)[pri:0, instance:com.leedonline.testcases.Get_Payments_getInfoTest@57536d79]" name="teardown" is-config="true" duration-ms="42" started-at="2018-08-24T11:03:34Z" finished-at="2018-08-24T11:03:34Z">
          <params>
            <param index="0">
              <value>
                <![CDATA[[TestResult name=Get_Payments_getInfo status=SUCCESS method=Get_Payments_getInfoTest.Get_Payments_getInfo(int, java.lang.String)[pri:0, instance:com.leedonline.testcases.Get_Payments_getInfoTest@57536d79] output={null}]]]>
              </value>
            </param>
          </params>
          <reporter-output>
          </reporter-output>
        </test-method> <!-- teardown -->
      </class> <!-- com.leedonline.testcases.Get_Payments_getInfoTest -->
      <class name="com.leedonline.testcases.Post_Common_validateCaGBCMemberTest">
        <test-method status="PASS" signature="setBaseUri()[pri:0, instance:com.leedonline.testcases.Post_Common_validateCaGBCMemberTest@369f73a2]" name="setBaseUri" is-config="true" duration-ms="18" started-at="2018-08-24T11:03:40Z" finished-at="2018-08-24T11:03:40Z">
          <reporter-output>
          </reporter-output>
        </test-method> <!-- setBaseUri -->
        <test-method status="PASS" signature="Post_Common_validateCaGBCMember(int, java.lang.String)[pri:0, instance:com.leedonline.testcases.Post_Common_validateCaGBCMemberTest@369f73a2]" name="Post_Common_validateCaGBCMember" duration-ms="1475" started-at="2018-08-24T11:03:40Z" finished-at="2018-08-24T11:03:41Z">
          <params>
            <param index="0">
              <value>
                <![CDATA[2]]>
              </value>
            </param>
            <param index="1">
              <value>
                <![CDATA[STG]]>
              </value>
            </param>
          </params>
          <reporter-output>
          </reporter-output>
        </test-method> <!-- Post_Common_validateCaGBCMember -->
        <test-method status="PASS" signature="teardown(org.testng.ITestResult)[pri:0, instance:com.leedonline.testcases.Post_Common_validateCaGBCMemberTest@369f73a2]" name="teardown" is-config="true" duration-ms="66" started-at="2018-08-24T11:03:41Z" finished-at="2018-08-24T11:03:41Z">
          <params>
            <param index="0">
              <value>
                <![CDATA[[TestResult name=Post_Common_validateCaGBCMember status=SUCCESS method=Post_Common_validateCaGBCMemberTest.Post_Common_validateCaGBCMember(int, java.lang.String)[pri:0, instance:com.leedonline.testcases.Post_Common_validateCaGBCMemberTest@369f73a2] output={null}]]]>
              </value>
            </param>
          </params>
          <reporter-output>
          </reporter-output>
        </test-method> <!-- teardown -->
      </class> <!-- com.leedonline.testcases.Post_Common_validateCaGBCMemberTest -->
      <class name="com.leedonline.testcases.Post_Api_authenticateTest">
        <test-method status="PASS" signature="setBaseUri()[pri:0, instance:com.leedonline.testcases.Post_Api_authenticateTest@6d7b4f4c]" name="setBaseUri" is-config="true" duration-ms="2744" started-at="2018-08-24T11:03:00Z" finished-at="2018-08-24T11:03:03Z">
          <reporter-output>
          </reporter-output>
        </test-method> <!-- setBaseUri -->
        <test-method status="PASS" signature="Post_Api_authenticate(int, java.lang.String)[pri:0, instance:com.leedonline.testcases.Post_Api_authenticateTest@6d7b4f4c]" name="Post_Api_authenticate" duration-ms="3708" started-at="2018-08-24T11:03:03Z" finished-at="2018-08-24T11:03:06Z">
          <params>
            <param index="0">
              <value>
                <![CDATA[2]]>
              </value>
            </param>
            <param index="1">
              <value>
                <![CDATA[STG]]>
              </value>
            </param>
          </params>
          <reporter-output>
          </reporter-output>
        </test-method> <!-- Post_Api_authenticate -->
        <test-method status="PASS" signature="teardown(org.testng.ITestResult)[pri:0, instance:com.leedonline.testcases.Post_Api_authenticateTest@6d7b4f4c]" name="teardown" is-config="true" duration-ms="402" started-at="2018-08-24T11:03:06Z" finished-at="2018-08-24T11:03:07Z">
          <params>
            <param index="0">
              <value>
                <![CDATA[[TestResult name=Post_Api_authenticate status=SUCCESS method=Post_Api_authenticateTest.Post_Api_authenticate(int, java.lang.String)[pri:0, instance:com.leedonline.testcases.Post_Api_authenticateTest@6d7b4f4c] output={null}]]]>
              </value>
            </param>
          </params>
          <reporter-output>
          </reporter-output>
        </test-method> <!-- teardown -->
      </class> <!-- com.leedonline.testcases.Post_Api_authenticateTest -->
      <class name="com.leedonline.testcases.Post_LEED_leedOrganizationsTest">
        <test-method status="PASS" signature="setBaseUri()[pri:0, instance:com.leedonline.testcases.Post_LEED_leedOrganizationsTest@7d907bac]" name="setBaseUri" is-config="true" duration-ms="17" started-at="2018-08-24T11:03:42Z" finished-at="2018-08-24T11:03:42Z">
          <reporter-output>
          </reporter-output>
        </test-method> <!-- setBaseUri -->
        <test-method status="PASS" signature="Post_LEED_leedOrganizations(int, java.lang.String)[pri:0, instance:com.leedonline.testcases.Post_LEED_leedOrganizationsTest@7d907bac]" name="Post_LEED_leedOrganizations" duration-ms="1795" started-at="2018-08-24T11:03:42Z" finished-at="2018-08-24T11:03:44Z">
          <params>
            <param index="0">
              <value>
                <![CDATA[2]]>
              </value>
            </param>
            <param index="1">
              <value>
                <![CDATA[STG]]>
              </value>
            </param>
          </params>
          <reporter-output>
          </reporter-output>
        </test-method> <!-- Post_LEED_leedOrganizations -->
        <test-method status="PASS" signature="teardown(org.testng.ITestResult)[pri:0, instance:com.leedonline.testcases.Post_LEED_leedOrganizationsTest@7d907bac]" name="teardown" is-config="true" duration-ms="56" started-at="2018-08-24T11:03:44Z" finished-at="2018-08-24T11:03:44Z">
          <params>
            <param index="0">
              <value>
                <![CDATA[[TestResult name=Post_LEED_leedOrganizations status=SUCCESS method=Post_LEED_leedOrganizationsTest.Post_LEED_leedOrganizations(int, java.lang.String)[pri:0, instance:com.leedonline.testcases.Post_LEED_leedOrganizationsTest@7d907bac] output={null}]]]>
              </value>
            </param>
          </params>
          <reporter-output>
          </reporter-output>
        </test-method> <!-- teardown -->
      </class> <!-- com.leedonline.testcases.Post_LEED_leedOrganizationsTest -->
      <class name="com.leedonline.testcases.Get_Api_memberCredentialsTest">
        <test-method status="PASS" signature="setBaseUri()[pri:0, instance:com.leedonline.testcases.Get_Api_memberCredentialsTest@370736d9]" name="setBaseUri" is-config="true" duration-ms="29" started-at="2018-08-24T11:03:11Z" finished-at="2018-08-24T11:03:11Z">
          <reporter-output>
          </reporter-output>
        </test-method> <!-- setBaseUri -->
        <test-method status="PASS" signature="Get_Api_memberCredentials(int, java.lang.String)[pri:0, instance:com.leedonline.testcases.Get_Api_memberCredentialsTest@370736d9]" name="Get_Api_memberCredentials" duration-ms="1277" started-at="2018-08-24T11:03:11Z" finished-at="2018-08-24T11:03:12Z">
          <params>
            <param index="0">
              <value>
                <![CDATA[2]]>
              </value>
            </param>
            <param index="1">
              <value>
                <![CDATA[STG]]>
              </value>
            </param>
          </params>
          <reporter-output>
          </reporter-output>
        </test-method> <!-- Get_Api_memberCredentials -->
        <test-method status="PASS" signature="teardown(org.testng.ITestResult)[pri:0, instance:com.leedonline.testcases.Get_Api_memberCredentialsTest@370736d9]" name="teardown" is-config="true" duration-ms="76" started-at="2018-08-24T11:03:12Z" finished-at="2018-08-24T11:03:12Z">
          <params>
            <param index="0">
              <value>
                <![CDATA[[TestResult name=Get_Api_memberCredentials status=SUCCESS method=Get_Api_memberCredentialsTest.Get_Api_memberCredentials(int, java.lang.String)[pri:0, instance:com.leedonline.testcases.Get_Api_memberCredentialsTest@370736d9] output={null}]]]>
              </value>
            </param>
          </params>
          <reporter-output>
          </reporter-output>
        </test-method> <!-- teardown -->
      </class> <!-- com.leedonline.testcases.Get_Api_memberCredentialsTest -->
      <class name="com.leedonline.testcases.Get_Api_getNonceTest">
        <test-method status="PASS" signature="setBaseUri()[pri:0, instance:com.leedonline.testcases.Get_Api_getNonceTest@3b0143d3]" name="setBaseUri" is-config="true" duration-ms="14" started-at="2018-08-24T11:03:34Z" finished-at="2018-08-24T11:03:34Z">
          <reporter-output>
          </reporter-output>
        </test-method> <!-- setBaseUri -->
        <test-method status="PASS" signature="Get_Api_getNonce(int, java.lang.String)[pri:0, instance:com.leedonline.testcases.Get_Api_getNonceTest@3b0143d3]" name="Get_Api_getNonce" duration-ms="500" started-at="2018-08-24T11:03:34Z" finished-at="2018-08-24T11:03:35Z">
          <params>
            <param index="0">
              <value>
                <![CDATA[2]]>
              </value>
            </param>
            <param index="1">
              <value>
                <![CDATA[STG]]>
              </value>
            </param>
          </params>
          <reporter-output>
          </reporter-output>
        </test-method> <!-- Get_Api_getNonce -->
        <test-method status="PASS" signature="teardown(org.testng.ITestResult)[pri:0, instance:com.leedonline.testcases.Get_Api_getNonceTest@3b0143d3]" name="teardown" is-config="true" duration-ms="64" started-at="2018-08-24T11:03:35Z" finished-at="2018-08-24T11:03:35Z">
          <params>
            <param index="0">
              <value>
                <![CDATA[[TestResult name=Get_Api_getNonce status=SUCCESS method=Get_Api_getNonceTest.Get_Api_getNonce(int, java.lang.String)[pri:0, instance:com.leedonline.testcases.Get_Api_getNonceTest@3b0143d3] output={null}]]]>
              </value>
            </param>
          </params>
          <reporter-output>
          </reporter-output>
        </test-method> <!-- teardown -->
      </class> <!-- com.leedonline.testcases.Get_Api_getNonceTest -->
      <class name="com.leedonline.testcases.Get_Payments_programPaymentTest">
        <test-method status="PASS" signature="setBaseUri()[pri:0, instance:com.leedonline.testcases.Get_Payments_programPaymentTest@6ddf90b0]" name="setBaseUri" is-config="true" duration-ms="20" started-at="2018-08-24T11:03:33Z" finished-at="2018-08-24T11:03:33Z">
          <reporter-output>
          </reporter-output>
        </test-method> <!-- setBaseUri -->
        <test-method status="PASS" signature="Get_Payments_programPayment(int, java.lang.String)[pri:0, instance:com.leedonline.testcases.Get_Payments_programPaymentTest@6ddf90b0]" name="Get_Payments_programPayment" duration-ms="998" started-at="2018-08-24T11:03:33Z" finished-at="2018-08-24T11:03:34Z">
          <params>
            <param index="0">
              <value>
                <![CDATA[2]]>
              </value>
            </param>
            <param index="1">
              <value>
                <![CDATA[STG]]>
              </value>
            </param>
          </params>
          <reporter-output>
          </reporter-output>
        </test-method> <!-- Get_Payments_programPayment -->
        <test-method status="PASS" signature="teardown(org.testng.ITestResult)[pri:0, instance:com.leedonline.testcases.Get_Payments_programPaymentTest@6ddf90b0]" name="teardown" is-config="true" duration-ms="51" started-at="2018-08-24T11:03:34Z" finished-at="2018-08-24T11:03:34Z">
          <params>
            <param index="0">
              <value>
                <![CDATA[[TestResult name=Get_Payments_programPayment status=SUCCESS method=Get_Payments_programPaymentTest.Get_Payments_programPayment(int, java.lang.String)[pri:0, instance:com.leedonline.testcases.Get_Payments_programPaymentTest@6ddf90b0] output={null}]]]>
              </value>
            </param>
          </params>
          <reporter-output>
          </reporter-output>
        </test-method> <!-- teardown -->
      </class> <!-- com.leedonline.testcases.Get_Payments_programPaymentTest -->
    </test> <!-- LeedonlineApi -->
  </suite> <!-- LeedonlineApi Test Suit -->
</testng-results>
