<?xml version="1.0" encoding="UTF-8"?>
<testng-results skipped="0" failed="1" total="10" passed="9">
  <reporter-output>
  </reporter-output>
  <suite name="LeedonlineApi Test Suit" duration-ms="13238" started-at="2018-05-01T14:42:59Z" finished-at="2018-05-01T14:43:12Z">
    <groups>
    </groups>
    <test name="LeedonlineApi" duration-ms="12443" started-at="2018-05-01T14:42:59Z" finished-at="2018-05-01T14:43:12Z">
      <class name="com.leedonline.testcases.GetNonceApiTest">
        <test-method status="PASS" signature="setBaseUri()[pri:0, instance:com.leedonline.testcases.GetNonceApiTest@35c12c7a]" name="setBaseUri" is-config="true" duration-ms="62" started-at="2018-05-01T10:43:06Z" finished-at="2018-05-01T10:43:06Z">
          <reporter-output>
          </reporter-output>
        </test-method> <!-- setBaseUri -->
        <test-method status="PASS" signature="getNonceApi(int, java.lang.String)[pri:0, instance:com.leedonline.testcases.GetNonceApiTest@35c12c7a]" name="getNonceApi" duration-ms="1983" started-at="2018-05-01T10:43:06Z" finished-at="2018-05-01T10:43:08Z">
          <params>
            <param index="0">
              <value>
                <![CDATA[2]]>
              </value>
            </param>
            <param index="1">
              <value>
                <![CDATA[STG]]>
              </value>
            </param>
          </params>
          <reporter-output>
          </reporter-output>
        </test-method> <!-- getNonceApi -->
        <test-method status="PASS" signature="teardown(org.testng.ITestResult)[pri:0, instance:com.leedonline.testcases.GetNonceApiTest@35c12c7a]" name="teardown" is-config="true" duration-ms="145" started-at="2018-05-01T10:43:08Z" finished-at="2018-05-01T10:43:08Z">
          <params>
            <param index="0">
              <value>
                <![CDATA[[TestResult name=getNonceApi status=SUCCESS method=GetNonceApiTest.getNonceApi(int, java.lang.String)[pri:0, instance:com.leedonline.testcases.GetNonceApiTest@35c12c7a] output={null}]]]>
              </value>
            </param>
          </params>
          <reporter-output>
          </reporter-output>
        </test-method> <!-- teardown -->
      </class> <!-- com.leedonline.testcases.GetNonceApiTest -->
      <class name="com.leedonline.testcases.MemSyncApiTest">
        <test-method status="PASS" signature="setBaseUri()[pri:0, instance:com.leedonline.testcases.MemSyncApiTest@508a65bf]" name="setBaseUri" is-config="true" duration-ms="70" started-at="2018-05-01T10:43:11Z" finished-at="2018-05-01T10:43:11Z">
          <reporter-output>
          </reporter-output>
        </test-method> <!-- setBaseUri -->
        <test-method status="FAIL" signature="getMemSyncApi(int, java.lang.String)[pri:0, instance:com.leedonline.testcases.MemSyncApiTest@508a65bf]" name="getMemSyncApi" duration-ms="217" started-at="2018-05-01T10:43:11Z" finished-at="2018-05-01T10:43:11Z">
          <params>
            <param index="0">
              <value>
                <![CDATA[2]]>
              </value>
            </param>
            <param index="1">
              <value>
                <![CDATA[STG]]>
              </value>
            </param>
          </params>
          <exception class="java.lang.AssertionError">
            <message>
              <![CDATA[1 expectation failed.
Expected status code <200> doesn't match actual status code <403>.
]]>
            </message>
            <full-stacktrace>
              <![CDATA[java.lang.AssertionError: 1 expectation failed.
Expected status code <200> doesn't match actual status code <403>.

	at sun.reflect.NativeConstructorAccessorImpl.newInstance0(Native Method)
	at sun.reflect.NativeConstructorAccessorImpl.newInstance(NativeConstructorAccessorImpl.java:62)
	at sun.reflect.DelegatingConstructorAccessorImpl.newInstance(DelegatingConstructorAccessorImpl.java:45)
	at java.lang.reflect.Constructor.newInstance(Constructor.java:423)
	at org.codehaus.groovy.reflection.CachedConstructor.invoke(CachedConstructor.java:80)
	at org.codehaus.groovy.reflection.CachedConstructor.doConstructorInvoke(CachedConstructor.java:74)
	at org.codehaus.groovy.runtime.callsite.ConstructorSite$ConstructorSiteNoUnwrap.callConstructor(ConstructorSite.java:84)
	at org.codehaus.groovy.runtime.callsite.CallSiteArray.defaultCallConstructor(CallSiteArray.java:60)
	at org.codehaus.groovy.runtime.callsite.AbstractCallSite.callConstructor(AbstractCallSite.java:235)
	at org.codehaus.groovy.runtime.callsite.AbstractCallSite.callConstructor(AbstractCallSite.java:247)
	at com.jayway.restassured.internal.ResponseSpecificationImpl$HamcrestAssertionClosure.validate(ResponseSpecificationImpl.groovy:598)
	at com.jayway.restassured.internal.ResponseSpecificationImpl$HamcrestAssertionClosure$validate$1.call(Unknown Source)
	at com.jayway.restassured.internal.ResponseSpecificationImpl.validateResponseIfRequired(ResponseSpecificationImpl.groovy:760)
	at sun.reflect.GeneratedMethodAccessor66.invoke(Unknown Source)
	at sun.reflect.DelegatingMethodAccessorImpl.invoke(DelegatingMethodAccessorImpl.java:43)
	at java.lang.reflect.Method.invoke(Method.java:498)
	at org.codehaus.groovy.runtime.callsite.PogoMetaMethodSite$PogoCachedMethodSiteNoUnwrapNoCoerce.invoke(PogoMetaMethodSite.java:210)
	at org.codehaus.groovy.runtime.callsite.PogoMetaMethodSite.callCurrent(PogoMetaMethodSite.java:59)
	at org.codehaus.groovy.runtime.callsite.AbstractCallSite.callCurrent(AbstractCallSite.java:166)
	at com.jayway.restassured.internal.ResponseSpecificationImpl.statusCode(ResponseSpecificationImpl.groovy:120)
	at com.jayway.restassured.specification.ResponseSpecification$statusCode$0.callCurrent(Unknown Source)
	at com.jayway.restassured.internal.ResponseSpecificationImpl.statusCode(ResponseSpecificationImpl.groovy:128)
	at com.jayway.restassured.internal.ValidatableResponseOptionsImpl.statusCode(ValidatableResponseOptionsImpl.java:117)
	at com.leedonline.testcases.MemSyncApiTest.getMemSyncApi(MemSyncApiTest.java:37)
	at sun.reflect.NativeMethodAccessorImpl.invoke0(Native Method)
	at sun.reflect.NativeMethodAccessorImpl.invoke(NativeMethodAccessorImpl.java:62)
	at sun.reflect.DelegatingMethodAccessorImpl.invoke(DelegatingMethodAccessorImpl.java:43)
	at java.lang.reflect.Method.invoke(Method.java:498)
	at org.testng.internal.MethodInvocationHelper.invokeMethod(MethodInvocationHelper.java:86)
	at org.testng.internal.Invoker.invokeMethod(Invoker.java:643)
	at org.testng.internal.Invoker.invokeTestMethod(Invoker.java:820)
	at org.testng.internal.Invoker.invokeTestMethods(Invoker.java:1128)
	at org.testng.internal.TestMethodWorker.invokeTestMethods(TestMethodWorker.java:129)
	at org.testng.internal.TestMethodWorker.run(TestMethodWorker.java:112)
	at org.testng.TestRunner.privateRun(TestRunner.java:782)
	at org.testng.TestRunner.run(TestRunner.java:632)
	at org.testng.SuiteRunner.runTest(SuiteRunner.java:366)
	at org.testng.SuiteRunner.runSequentially(SuiteRunner.java:361)
	at org.testng.SuiteRunner.privateRun(SuiteRunner.java:319)
	at org.testng.SuiteRunner.run(SuiteRunner.java:268)
	at org.testng.SuiteRunnerWorker.runSuite(SuiteRunnerWorker.java:52)
	at org.testng.SuiteRunnerWorker.run(SuiteRunnerWorker.java:86)
	at org.testng.TestNG.runSuitesSequentially(TestNG.java:1244)
	at org.testng.TestNG.runSuitesLocally(TestNG.java:1169)
	at org.testng.TestNG.run(TestNG.java:1064)
	at org.testng.remote.AbstractRemoteTestNG.run(AbstractRemoteTestNG.java:114)
	at org.testng.remote.RemoteTestNG.initAndRun(RemoteTestNG.java:251)
	at org.testng.remote.RemoteTestNG.main(RemoteTestNG.java:77)
]]>
            </full-stacktrace>
          </exception> <!-- java.lang.AssertionError -->
          <reporter-output>
          </reporter-output>
        </test-method> <!-- getMemSyncApi -->
        <test-method status="PASS" signature="teardown(org.testng.ITestResult)[pri:0, instance:com.leedonline.testcases.MemSyncApiTest@508a65bf]" name="teardown" is-config="true" duration-ms="88" started-at="2018-05-01T10:43:11Z" finished-at="2018-05-01T10:43:11Z">
          <params>
            <param index="0">
              <value>
                <![CDATA[[TestResult name=getMemSyncApi status=FAILURE method=MemSyncApiTest.getMemSyncApi(int, java.lang.String)[pri:0, instance:com.leedonline.testcases.MemSyncApiTest@508a65bf] output={null}]]]>
              </value>
            </param>
          </params>
          <reporter-output>
          </reporter-output>
        </test-method> <!-- teardown -->
      </class> <!-- com.leedonline.testcases.MemSyncApiTest -->
      <class name="com.leedonline.testcases.InvalidateTokenApiTest">
        <test-method status="PASS" signature="setBaseUri()[pri:0, instance:com.leedonline.testcases.InvalidateTokenApiTest@17f2dd85]" name="setBaseUri" is-config="true" duration-ms="52" started-at="2018-05-01T10:43:11Z" finished-at="2018-05-01T10:43:11Z">
          <reporter-output>
          </reporter-output>
        </test-method> <!-- setBaseUri -->
        <test-method status="PASS" signature="invalidateTokenApi(int, java.lang.String)[pri:0, instance:com.leedonline.testcases.InvalidateTokenApiTest@17f2dd85]" name="invalidateTokenApi" duration-ms="185" started-at="2018-05-01T10:43:11Z" finished-at="2018-05-01T10:43:12Z">
          <params>
            <param index="0">
              <value>
                <![CDATA[2]]>
              </value>
            </param>
            <param index="1">
              <value>
                <![CDATA[STG]]>
              </value>
            </param>
          </params>
          <reporter-output>
          </reporter-output>
        </test-method> <!-- invalidateTokenApi -->
        <test-method status="PASS" signature="teardown(org.testng.ITestResult)[pri:0, instance:com.leedonline.testcases.InvalidateTokenApiTest@17f2dd85]" name="teardown" is-config="true" duration-ms="72" started-at="2018-05-01T10:43:12Z" finished-at="2018-05-01T10:43:12Z">
          <params>
            <param index="0">
              <value>
                <![CDATA[[TestResult name=invalidateTokenApi status=SUCCESS method=InvalidateTokenApiTest.invalidateTokenApi(int, java.lang.String)[pri:0, instance:com.leedonline.testcases.InvalidateTokenApiTest@17f2dd85] output={null}]]]>
              </value>
            </param>
          </params>
          <reporter-output>
          </reporter-output>
        </test-method> <!-- teardown -->
      </class> <!-- com.leedonline.testcases.InvalidateTokenApiTest -->
      <class name="com.leedonline.testcases.ApiTestAccessGetData">
        <test-method status="PASS" signature="setBaseUri()[pri:0, instance:com.leedonline.testcases.ApiTestAccessGetData@25290bca]" name="setBaseUri" is-config="true" duration-ms="100" started-at="2018-05-01T10:43:09Z" finished-at="2018-05-01T10:43:09Z">
          <reporter-output>
          </reporter-output>
        </test-method> <!-- setBaseUri -->
        <test-method status="PASS" signature="getApiTestAccessData(int, java.lang.String)[pri:0, instance:com.leedonline.testcases.ApiTestAccessGetData@25290bca]" name="getApiTestAccessData" duration-ms="217" started-at="2018-05-01T10:43:09Z" finished-at="2018-05-01T10:43:09Z">
          <params>
            <param index="0">
              <value>
                <![CDATA[2]]>
              </value>
            </param>
            <param index="1">
              <value>
                <![CDATA[STG]]>
              </value>
            </param>
          </params>
          <reporter-output>
          </reporter-output>
        </test-method> <!-- getApiTestAccessData -->
        <test-method status="PASS" signature="teardown(org.testng.ITestResult)[pri:0, instance:com.leedonline.testcases.ApiTestAccessGetData@25290bca]" name="teardown" is-config="true" duration-ms="214" started-at="2018-05-01T10:43:09Z" finished-at="2018-05-01T10:43:10Z">
          <params>
            <param index="0">
              <value>
                <![CDATA[[TestResult name=getApiTestAccessData status=SUCCESS method=ApiTestAccessGetData.getApiTestAccessData(int, java.lang.String)[pri:0, instance:com.leedonline.testcases.ApiTestAccessGetData@25290bca] output={null}]]]>
              </value>
            </param>
          </params>
          <reporter-output>
          </reporter-output>
        </test-method> <!-- teardown -->
      </class> <!-- com.leedonline.testcases.ApiTestAccessGetData -->
      <class name="com.leedonline.testcases.MemGetInfoApiTest">
        <test-method status="PASS" signature="setBaseUri()[pri:0, instance:com.leedonline.testcases.MemGetInfoApiTest@3d904e9c]" name="setBaseUri" is-config="true" duration-ms="52" started-at="2018-05-01T10:43:10Z" finished-at="2018-05-01T10:43:11Z">
          <reporter-output>
          </reporter-output>
        </test-method> <!-- setBaseUri -->
        <test-method status="PASS" signature="getMemInfoApi(int, java.lang.String)[pri:0, instance:com.leedonline.testcases.MemGetInfoApiTest@3d904e9c]" name="getMemInfoApi" duration-ms="270" started-at="2018-05-01T10:43:11Z" finished-at="2018-05-01T10:43:11Z">
          <params>
            <param index="0">
              <value>
                <![CDATA[2]]>
              </value>
            </param>
            <param index="1">
              <value>
                <![CDATA[STG]]>
              </value>
            </param>
          </params>
          <reporter-output>
          </reporter-output>
        </test-method> <!-- getMemInfoApi -->
        <test-method status="PASS" signature="teardown(org.testng.ITestResult)[pri:0, instance:com.leedonline.testcases.MemGetInfoApiTest@3d904e9c]" name="teardown" is-config="true" duration-ms="92" started-at="2018-05-01T10:43:11Z" finished-at="2018-05-01T10:43:11Z">
          <params>
            <param index="0">
              <value>
                <![CDATA[[TestResult name=getMemInfoApi status=SUCCESS method=MemGetInfoApiTest.getMemInfoApi(int, java.lang.String)[pri:0, instance:com.leedonline.testcases.MemGetInfoApiTest@3d904e9c] output={null}]]]>
              </value>
            </param>
          </params>
          <reporter-output>
          </reporter-output>
        </test-method> <!-- teardown -->
      </class> <!-- com.leedonline.testcases.MemGetInfoApiTest -->
      <class name="com.leedonline.testcases.ApiTestAccessUpdateData">
        <test-method status="PASS" signature="setBaseUri()[pri:0, instance:com.leedonline.testcases.ApiTestAccessUpdateData@76563d26]" name="setBaseUri" is-config="true" duration-ms="110" started-at="2018-05-01T10:43:10Z" finished-at="2018-05-01T10:43:10Z">
          <reporter-output>
          </reporter-output>
        </test-method> <!-- setBaseUri -->
        <test-method status="PASS" signature="putApiTestAccess(int, java.lang.String)[pri:0, instance:com.leedonline.testcases.ApiTestAccessUpdateData@76563d26]" name="putApiTestAccess" duration-ms="316" started-at="2018-05-01T10:43:10Z" finished-at="2018-05-01T10:43:10Z">
          <params>
            <param index="0">
              <value>
                <![CDATA[2]]>
              </value>
            </param>
            <param index="1">
              <value>
                <![CDATA[STG]]>
              </value>
            </param>
          </params>
          <reporter-output>
          </reporter-output>
        </test-method> <!-- putApiTestAccess -->
        <test-method status="PASS" signature="teardown(org.testng.ITestResult)[pri:0, instance:com.leedonline.testcases.ApiTestAccessUpdateData@76563d26]" name="teardown" is-config="true" duration-ms="111" started-at="2018-05-01T10:43:10Z" finished-at="2018-05-01T10:43:10Z">
          <params>
            <param index="0">
              <value>
                <![CDATA[[TestResult name=putApiTestAccess status=SUCCESS method=ApiTestAccessUpdateData.putApiTestAccess(int, java.lang.String)[pri:0, instance:com.leedonline.testcases.ApiTestAccessUpdateData@76563d26] output={null}]]]>
              </value>
            </param>
          </params>
          <reporter-output>
          </reporter-output>
        </test-method> <!-- teardown -->
      </class> <!-- com.leedonline.testcases.ApiTestAccessUpdateData -->
      <class name="com.leedonline.testcases.AuthenticateApiTest">
        <test-method status="PASS" signature="setBaseUri()[pri:0, instance:com.leedonline.testcases.AuthenticateApiTest@261ea657]" name="setBaseUri" is-config="true" duration-ms="3619" started-at="2018-05-01T10:42:59Z" finished-at="2018-05-01T10:43:03Z">
          <reporter-output>
          </reporter-output>
        </test-method> <!-- setBaseUri -->
        <test-method status="PASS" signature="authenticate(int, java.lang.String)[pri:0, instance:com.leedonline.testcases.AuthenticateApiTest@261ea657]" name="authenticate" duration-ms="2584" started-at="2018-05-01T10:43:03Z" finished-at="2018-05-01T10:43:05Z">
          <params>
            <param index="0">
              <value>
                <![CDATA[2]]>
              </value>
            </param>
            <param index="1">
              <value>
                <![CDATA[STG]]>
              </value>
            </param>
          </params>
          <reporter-output>
          </reporter-output>
        </test-method> <!-- authenticate -->
        <test-method status="PASS" signature="teardown(org.testng.ITestResult)[pri:0, instance:com.leedonline.testcases.AuthenticateApiTest@261ea657]" name="teardown" is-config="true" duration-ms="899" started-at="2018-05-01T10:43:05Z" finished-at="2018-05-01T10:43:06Z">
          <params>
            <param index="0">
              <value>
                <![CDATA[[TestResult name=authenticate status=SUCCESS method=AuthenticateApiTest.authenticate(int, java.lang.String)[pri:0, instance:com.leedonline.testcases.AuthenticateApiTest@261ea657] output={null}]]]>
              </value>
            </param>
          </params>
          <reporter-output>
          </reporter-output>
        </test-method> <!-- teardown -->
      </class> <!-- com.leedonline.testcases.AuthenticateApiTest -->
      <class name="com.leedonline.testcases.ApiTestAccessDeleteData">
        <test-method status="PASS" signature="setBaseUri()[pri:0, instance:com.leedonline.testcases.ApiTestAccessDeleteData@4ac86d6a]" name="setBaseUri" is-config="true" duration-ms="58" started-at="2018-05-01T10:43:10Z" finished-at="2018-05-01T10:43:10Z">
          <reporter-output>
          </reporter-output>
        </test-method> <!-- setBaseUri -->
        <test-method status="PASS" signature="deleteApiTestAccessData(int, java.lang.String)[pri:0, instance:com.leedonline.testcases.ApiTestAccessDeleteData@4ac86d6a]" name="deleteApiTestAccessData" duration-ms="236" started-at="2018-05-01T10:43:10Z" finished-at="2018-05-01T10:43:10Z">
          <params>
            <param index="0">
              <value>
                <![CDATA[2]]>
              </value>
            </param>
            <param index="1">
              <value>
                <![CDATA[STG]]>
              </value>
            </param>
          </params>
          <reporter-output>
          </reporter-output>
        </test-method> <!-- deleteApiTestAccessData -->
        <test-method status="PASS" signature="teardown(org.testng.ITestResult)[pri:0, instance:com.leedonline.testcases.ApiTestAccessDeleteData@4ac86d6a]" name="teardown" is-config="true" duration-ms="90" started-at="2018-05-01T10:43:10Z" finished-at="2018-05-01T10:43:10Z">
          <params>
            <param index="0">
              <value>
                <![CDATA[[TestResult name=deleteApiTestAccessData status=SUCCESS method=ApiTestAccessDeleteData.deleteApiTestAccessData(int, java.lang.String)[pri:0, instance:com.leedonline.testcases.ApiTestAccessDeleteData@4ac86d6a] output={null}]]]>
              </value>
            </param>
          </params>
          <reporter-output>
          </reporter-output>
        </test-method> <!-- teardown -->
      </class> <!-- com.leedonline.testcases.ApiTestAccessDeleteData -->
      <class name="com.leedonline.testcases.ApiTestAccessCreateData">
        <test-method status="PASS" signature="setBaseUri()[pri:0, instance:com.leedonline.testcases.ApiTestAccessCreateData@658255aa]" name="setBaseUri" is-config="true" duration-ms="129" started-at="2018-05-01T10:43:08Z" finished-at="2018-05-01T10:43:09Z">
          <reporter-output>
          </reporter-output>
        </test-method> <!-- setBaseUri -->
        <test-method status="PASS" signature="createApiTestAccessData(int, java.lang.String)[pri:0, instance:com.leedonline.testcases.ApiTestAccessCreateData@658255aa]" name="createApiTestAccessData" duration-ms="279" started-at="2018-05-01T10:43:09Z" finished-at="2018-05-01T10:43:09Z">
          <params>
            <param index="0">
              <value>
                <![CDATA[2]]>
              </value>
            </param>
            <param index="1">
              <value>
                <![CDATA[STG]]>
              </value>
            </param>
          </params>
          <reporter-output>
          </reporter-output>
        </test-method> <!-- createApiTestAccessData -->
        <test-method status="PASS" signature="teardown(org.testng.ITestResult)[pri:0, instance:com.leedonline.testcases.ApiTestAccessCreateData@658255aa]" name="teardown" is-config="true" duration-ms="127" started-at="2018-05-01T10:43:09Z" finished-at="2018-05-01T10:43:09Z">
          <params>
            <param index="0">
              <value>
                <![CDATA[[TestResult name=createApiTestAccessData status=SUCCESS method=ApiTestAccessCreateData.createApiTestAccessData(int, java.lang.String)[pri:0, instance:com.leedonline.testcases.ApiTestAccessCreateData@658255aa] output={null}]]]>
              </value>
            </param>
          </params>
          <reporter-output>
          </reporter-output>
        </test-method> <!-- teardown -->
      </class> <!-- com.leedonline.testcases.ApiTestAccessCreateData -->
    </test> <!-- LeedonlineApi -->
    <test name="LeedonlineApi Getclient" duration-ms="700" started-at="2018-05-01T14:43:12Z" finished-at="2018-05-01T14:43:12Z">
      <class name="com.leedonline.testcases.GetClientKeyApiTest">
        <test-method status="PASS" signature="setBaseUri()[pri:0, instance:com.leedonline.testcases.GetClientKeyApiTest@21505815]" name="setBaseUri" is-config="true" duration-ms="90" started-at="2018-05-01T10:43:12Z" finished-at="2018-05-01T10:43:12Z">
          <reporter-output>
          </reporter-output>
        </test-method> <!-- setBaseUri -->
        <test-method status="PASS" signature="getClientKey(int, java.lang.String)[pri:0, instance:com.leedonline.testcases.GetClientKeyApiTest@21505815]" name="getClientKey" duration-ms="511" started-at="2018-05-01T10:43:12Z" finished-at="2018-05-01T10:43:12Z">
          <params>
            <param index="0">
              <value>
                <![CDATA[2]]>
              </value>
            </param>
            <param index="1">
              <value>
                <![CDATA[STG]]>
              </value>
            </param>
          </params>
          <reporter-output>
          </reporter-output>
        </test-method> <!-- getClientKey -->
        <test-method status="PASS" signature="teardown(org.testng.ITestResult)[pri:0, instance:com.leedonline.testcases.GetClientKeyApiTest@21505815]" name="teardown" is-config="true" duration-ms="91" started-at="2018-05-01T10:43:12Z" finished-at="2018-05-01T10:43:12Z">
          <params>
            <param index="0">
              <value>
                <![CDATA[[TestResult name=getClientKey status=SUCCESS method=GetClientKeyApiTest.getClientKey(int, java.lang.String)[pri:0, instance:com.leedonline.testcases.GetClientKeyApiTest@21505815] output={null}]]]>
              </value>
            </param>
          </params>
          <reporter-output>
          </reporter-output>
        </test-method> <!-- teardown -->
      </class> <!-- com.leedonline.testcases.GetClientKeyApiTest -->
    </test> <!-- LeedonlineApi Getclient -->
  </suite> <!-- LeedonlineApi Test Suit -->
</testng-results>
